#
# A fatal error has been detected by the Java Runtime Environment:
#
#  SIGSEGV (0xb) at pc=0x000000010304356d, pid=81004, tid=23811
#
# JRE version: Java(TM) SE Runtime Environment (15.0.2+7) (build 15.0.2+7-27)
# Java VM: Java HotSpot(TM) 64-Bit Server VM (15.0.2+7-27, mixed mode, sharing, tiered, compressed oops, g1 gc, bsd-amd64)
# Problematic frame:
# V  [libjvm.dylib+0x6cc56d]  PhaseLive::compute(unsigned int)+0x80d
#
# No core dump will be written. Core dumps have been disabled. To enable core dumping, try "ulimit -c unlimited" before starting Java again
#
# If you would like to submit a bug report, please visit:
#   https://bugreport.java.com/bugreport/crash.jsp
#

---------------  S U M M A R Y ------------

Command Line: -javaagent:/Applications/IntelliJ IDEA CE.app/Contents/lib/idea_rt.jar=54533:/Applications/IntelliJ IDEA CE.app/Contents/bin -Dfile.encoding=UTF-8 --module-path=/Users/mac/.m2/repository/org/openjfx/javafx-fxml/17.0.2/javafx-fxml-17.0.2-mac.jar:/Users/mac/.m2/repository/org/openjfx/javafx-controls/17.0.2/javafx-controls-17.0.2-mac.jar:/Users/mac/.m2/repository/de/jensd/fontawesomefx-commons/9.1.2/fontawesomefx-commons-9.1.2.jar:/Users/mac/.m2/repository/org/openjfx/javafx-base/17.0.2/javafx-base-17.0.2-mac.jar:/Users/mac/.m2/repository/org/kordamp/bootstrapfx/bootstrapfx-core/0.4.0/bootstrapfx-core-0.4.0.jar:/Users/mac/.m2/repository/de/jensd/fontawesomefx-fontawesome/4.7.0-9.1.2/fontawesomefx-fontawesome-4.7.0-9.1.2.jar:/Users/mac/eclipse-workspace/java2/javafx/javafx-login/target/classes:/Users/mac/.m2/repository/org/mindrot/jbcrypt/0.4/jbcrypt-0.4.jar:/Users/mac/.m2/repository/org/openjfx/javafx-graphics/17.0.2/javafx-graphics-17.0.2-mac.jar:/Users/mac/.m2/repository/org/controlsfx/controlsfx/11.1.2/controlsfx-11.1.2.jar -Djdk.module.main=com.example.javafxlogin com.example.javafxlogin/com.example.javafxlogin.HelloApplication

Host: MacBookAir7,2 x86_64 2200 MHz, 4 cores, 8G, Darwin 21.4.0
Time: Mon Jun 26 16:47:09 2023 +07 elapsed time: 4.339009 seconds (0d 0h 0m 4s)

---------------  T H R E A D  ---------------

Current thread (0x00007ff35480c800):  JavaThread "C2 CompilerThread0" daemon [_thread_in_native, id=23811, stack(0x000070000dac3000,0x000070000dbc3000)]


Current CompileTask:
C2:   4344 1802       4       java.lang.invoke.MethodType::makeImpl (108 bytes)

Stack: [0x000070000dac3000,0x000070000dbc3000],  sp=0x000070000dbbf8b0,  free space=1010k
Native frames: (J=compiled Java code, A=aot compiled Java code, j=interpreted, Vv=VM code, C=native code)
V  [libjvm.dylib+0x6cc56d]  PhaseLive::compute(unsigned int)+0x80d
V  [libjvm.dylib+0x423130]  PhaseCFG::global_code_motion()+0x5c0
V  [libjvm.dylib+0x4234ba]  PhaseCFG::do_global_code_motion()+0x3a
V  [libjvm.dylib+0x2c8268]  Compile::Code_Gen()+0x298
V  [libjvm.dylib+0x2c4a9a]  Compile::Compile(ciEnv*, ciMethod*, int, bool, bool, bool, DirectiveSet*)+0xf1a
V  [libjvm.dylib+0x231057]  C2Compiler::compile_method(ciEnv*, ciMethod*, int, DirectiveSet*)+0xb7
V  [libjvm.dylib+0x2d8852]  CompileBroker::invoke_compiler_on_method(CompileTask*)+0x5b2
V  [libjvm.dylib+0x2d8172]  CompileBroker::compiler_thread_loop()+0x4c2
V  [libjvm.dylib+0x99921f]  JavaThread::thread_main_inner()+0xaf
V  [libjvm.dylib+0x996411]  Thread::call_run()+0x71
V  [libjvm.dylib+0x828967]  thread_native_entry(Thread*)+0x197
C  [libsystem_pthread.dylib+0x64e1]  _pthread_start+0x7d
C  [libsystem_pthread.dylib+0x1f6b]  thread_start+0xf


siginfo: si_signo: 11 (SIGSEGV), si_code: 0 (unknown), si_addr: 0x0000000000000000

Register to memory mapping:

RAX=0x02007ff35618f628 is an unknown value
RBX=0x0000000000000001 is an unknown value
RCX=0x000070000dbc1560 is pointing into the stack for thread: 0x00007ff35480c800
RDX=0x0 is NULL
RSP=0x000070000dbbf8b0 is pointing into the stack for thread: 0x00007ff35480c800
RBP=0x000070000dbbf980 is pointing into the stack for thread: 0x00007ff35480c800
RSI=0x0000000000018000 is an unknown value
RDI=0x0000000000018000 is an unknown value
R8 =0x0000000103590620: _ZN8IndexSet12_empty_blockE+0 in /Library/Java/JavaVirtualMachines/jdk-15.0.2.jdk/Contents/Home/lib/server/libjvm.dylib at 0x0000000102977000
R9 =0x00007ff35633d6c8 points into unknown readable memory: 0x0000001f00000012 | 12 00 00 00 1f 00 00 00
R10=0x00007ff358b0fcf8 points into unknown readable memory: 0x00007ff355e84360 | 60 43 e8 55 f3 7f 00 00
R11=0x00007ff3563328a0 points into unknown readable memory: 0x0000000000000000 | 00 00 00 00 00 00 00 00
R12=0x000070000dbbf998 is pointing into the stack for thread: 0x00007ff35480c800
R13=0x00007ff35618f488 points into unknown readable memory: 0x00000001034e6b10 | 10 6b 4e 03 01 00 00 00
R14=0x0 is NULL
R15=0xfffffffffffffff8 is an unknown value


Registers:
RAX=0x02007ff35618f628, RBX=0x0000000000000001, RCX=0x000070000dbc1560, RDX=0x0000000000000000
RSP=0x000070000dbbf8b0, RBP=0x000070000dbbf980, RSI=0x0000000000018000, RDI=0x0000000000018000
R8 =0x0000000103590620, R9 =0x00007ff35633d6c8, R10=0x00007ff358b0fcf8, R11=0x00007ff3563328a0
R12=0x000070000dbbf998, R13=0x00007ff35618f488, R14=0x0000000000000000, R15=0xfffffffffffffff8
RIP=0x000000010304356d, EFLAGS=0x0000000000010202, ERR=0x0000000000000000
  TRAPNO=0x000000000000000d

Top of Stack: (sp=0x000070000dbbf8b0)
0x000070000dbbf8b0:   00007ff3562c9400 00007ff3562c9450
0x000070000dbbf8c0:   00007ff354729f30 00007ff300000010
0x000070000dbbf8d0:   00007ff356339f98 0000000100000010
0x000070000dbbf8e0:   0000600003ddcc60 00007ff358b0fcf8
0x000070000dbbf8f0:   0000000000000709 000000000000070a
0x000070000dbbf900:   00007ff3562d13e8 00000000002b6718
0x000070000dbbf910:   0000600003ddcc60 00007ff358b01010
0x000070000dbbf920:   000000000000ece0 000070000dbbf998
0x000070000dbbf930:   00007ff358b0fcf8 00007ff358b0fcf0
0x000070000dbbf940:   00007ff35633d6c8 0000000000000002
0x000070000dbbf950:   0000000000000001 0000000000002e31
0x000070000dbbf960:   000070000dbbf998 0000000000000000
0x000070000dbbf970:   000070000dbc1560 0000600003ddcc60
0x000070000dbbf980:   000070000dbbfd00 0000000102d9a130
0x000070000dbbf990:   0000000000000002 00007ff30000000a
0x000070000dbbf9a0:   000070000dbc2278 00007ff358300010
0x000070000dbbf9b0:   00007ff358ab5010 00007ff358b01010
0x000070000dbbf9c0:   00007ff355eff410 00007ff35633b6e8
0x000070000dbbf9d0:   00007ff355d7e990 000070000dbc1560
0x000070000dbbf9e0:   000070000dbbfb48 0000000000002e31
0x000070000dbbf9f0:   000070000dbbfc60 000070000dbbfd01
0x000070000dbbfa00:   00007ff30000000c 000070000dbc2278
0x000070000dbbfa10:   00007ff358701010 00007ff358138000
0x000070000dbbfa20:   00007ff3588cf010 0000000000002e31
0x000070000dbbfa30:   000070000dbbfc60 00007ff35500a720
0x000070000dbbfa40:   00000001034f30b8 0000000000000009
0x000070000dbbfa50:   000070000dbc2278 0000000000000000
0x000070000dbbfa60:   0000000000000000 00007ff300000002
0x000070000dbbfa70:   00007ff355a6e1d0 0000000000000002
0x000070000dbbfa80:   0000600003ddcc60 000070000dbc1560
0x000070000dbbfa90:   00000000deadbeef 000070000dbbfd30
0x000070000dbbfaa0:   0000000000000001 000070000dbbf998 

Instructions: (pc=0x000000010304356d)
0x000000010304346d:   b0 66 90 49 8b 44 24 48 49 8b 4d 20 4a 8b 0c 39
0x000000010304347d:   48 63 49 28 48 8b 40 18 8b 1c 88 85 db 74 64 49
0x000000010304348d:   8b 02 89 df c1 ef 08 48 8b 04 f8 4c 39 c0 75 22
0x000000010304349d:   48 89 7d d0 48 8b 7d b8 89 de e8 14 b0 db ff 48
0x00000001030434ad:   8b 7d d0 4c 8b 55 b0 4c 8b 4d c0 4c 8d 05 61 d1
0x00000001030434bd:   54 00 89 da c1 ea 05 83 e2 07 be 01 00 00 00 89
0x00000001030434cd:   d9 d3 e6 8b 0c 90 09 ce 89 34 90 0f a3 d9 72 15
0x00000001030434dd:   48 8b 45 b8 ff 00 eb 0d 66 66 2e 0f 1f 84 00 00
0x00000001030434ed:   00 00 00 31 ff 49 8b 41 08 48 8b 04 f8 89 da c1
0x00000001030434fd:   ea 05 83 e2 07 8b 34 90 bf fe ff ff ff 89 d9 d3
0x000000010304350d:   c7 21 f7 89 3c 90 0f a3 de 73 03 41 ff 09 49 83
0x000000010304351d:   c7 f8 41 ff ce 0f 85 48 ff ff ff 49 8b 45 20 48
0x000000010304352d:   8b 00 83 78 18 02 0f 82 37 01 00 00 48 8b 4d c8
0x000000010304353d:   85 c9 0f 84 d7 00 00 00 8d 49 ff 48 89 4d d0 bb
0x000000010304354d:   01 00 00 00 66 66 66 66 66 66 2e 0f 1f 84 00 00
0x000000010304355d:   00 00 00 49 8b 4c 24 40 48 8b 40 08 48 8b 04 d8
0x000000010304356d:   8b 40 28 48 8b 49 78 4c 8b 3c c1 4c 89 e7 4c 89
0x000000010304357d:   fe 4c 89 ca 48 8d 8d 48 ff ff ff e8 23 05 00 00
0x000000010304358d:   4c 8b 75 d0 48 8b 45 c8 41 89 c4 0f 1f 84 00 00
0x000000010304359d:   00 00 00 45 39 75 18 76 1a 49 8b 45 20 4a 8b 04
0x00000001030435ad:   f0 8b 48 18 48 39 cb 72 14 eb 3c 0f 1f 84 00 00
0x00000001030435bd:   00 00 00 31 c0 8b 48 18 48 39 cb 73 2a 48 8b 7d
0x00000001030435cd:   a8 48 8b 4f 48 48 8b 40 08 48 8b 04 d8 48 63 40
0x00000001030435dd:   28 48 8b 49 18 8b 14 81 4c 89 fe 48 8d 8d 48 ff
0x00000001030435ed:   ff ff e8 5c 07 00 00 49 ff ce 41 ff cc 75 a4 48
0x00000001030435fd:   ff c3 49 8b 45 20 48 8b 00 8b 48 18 48 39 cb 4c
0x000000010304360d:   8b 65 a8 4c 8b 4d c0 0f 82 46 ff ff ff eb 54 bb
0x000000010304361d:   01 00 00 00 66 66 66 66 66 66 2e 0f 1f 84 00 00
0x000000010304362d:   00 00 00 49 8b 4c 24 40 48 8b 40 08 48 8b 04 d8
0x000000010304363d:   8b 40 28 48 8b 49 78 48 8b 34 c1 4c 89 e7 4c 89
0x000000010304364d:   ca 48 8d 8d 48 ff ff ff e8 56 04 00 00 4c 8b 4d
0x000000010304365d:   c0 48 ff c3 49 8b 45 20 48 8b 00 8b 48 18 48 39 


Stack slot to memory mapping:
stack at sp + 0 slots: 0x00007ff3562c9400 points into unknown readable memory: 0x00007ff358b01000 | 00 10 b0 58 f3 7f 00 00
stack at sp + 1 slots: 0x00007ff3562c9450 points into unknown readable memory: 0x0000000000000000 | 00 00 00 00 00 00 00 00
stack at sp + 2 slots: 0x00007ff354729f30 points into unknown readable memory: 0x000070000dbc24f8 | f8 24 bc 0d 00 70 00 00
stack at sp + 3 slots: 0x00007ff300000010 is an unknown value
stack at sp + 4 slots: 0x00007ff356339f98 points into unknown readable memory: 0x1081311013004708 | 08 47 00 13 10 31 81 10
stack at sp + 5 slots: 0x0000000100000010 is an unknown value
stack at sp + 6 slots: 0x0000600003ddcc60 points into unknown readable memory: 0x0000000000000006 | 06 00 00 00 00 00 00 00
stack at sp + 7 slots: 0x00007ff358b0fcf8 points into unknown readable memory: 0x00007ff355e84360 | 60 43 e8 55 f3 7f 00 00


---------------  P R O C E S S  ---------------

Threads class SMR info:
_java_thread_list=0x0000600003367560, length=18, elements={
0x00007ff356808600, 0x00007ff35480c200, 0x00007ff356008800, 0x00007ff355815600,
0x00007ff355815c00, 0x00007ff35480c800, 0x00007ff35480ce00, 0x00007ff356054600,
0x00007ff35480dc00, 0x00007ff354810c00, 0x00007ff356053400, 0x00007ff3560c5400,
0x00007ff356819e00, 0x00007ff3559bb200, 0x00007ff35485a000, 0x00007ff35620fc00,
0x00007ff354898600, 0x00007ff356949400
}

Java Threads: ( => current thread )
  0x00007ff356808600 JavaThread "main" [_thread_blocked, id=9987, stack(0x000070000ce9c000,0x000070000cf9c000)]
  0x00007ff35480c200 JavaThread "Reference Handler" daemon [_thread_blocked, id=13827, stack(0x000070000d5b1000,0x000070000d6b1000)]
  0x00007ff356008800 JavaThread "Finalizer" daemon [_thread_blocked, id=15875, stack(0x000070000d6b4000,0x000070000d7b4000)]
  0x00007ff355815600 JavaThread "Signal Dispatcher" daemon [_thread_blocked, id=42243, stack(0x000070000d8bd000,0x000070000d9bd000)]
  0x00007ff355815c00 JavaThread "Service Thread" daemon [_thread_blocked, id=23043, stack(0x000070000d9c0000,0x000070000dac0000)]
=>0x00007ff35480c800 JavaThread "C2 CompilerThread0" daemon [_thread_in_native, id=23811, stack(0x000070000dac3000,0x000070000dbc3000)]
  0x00007ff35480ce00 JavaThread "C1 CompilerThread0" daemon [_thread_blocked, id=41475, stack(0x000070000dbc6000,0x000070000dcc6000)]
  0x00007ff356054600 JavaThread "Sweeper thread" daemon [_thread_blocked, id=25091, stack(0x000070000dcc9000,0x000070000ddc9000)]
  0x00007ff35480dc00 JavaThread "Common-Cleaner" daemon [_thread_blocked, id=40707, stack(0x000070000ddcc000,0x000070000decc000)]
  0x00007ff354810c00 JavaThread "Monitor Ctrl-Break" daemon [_thread_in_native, id=40195, stack(0x000070000decf000,0x000070000dfcf000)]
  0x00007ff356053400 JavaThread "Notification Thread" daemon [_thread_blocked, id=39939, stack(0x000070000dfd2000,0x000070000e0d2000)]
  0x00007ff3560c5400 JavaThread "QuantumRenderer-0" daemon [_thread_blocked, id=27907, stack(0x000070000e1d8000,0x000070000e2d8000)]
  0x00007ff356819e00 JavaThread "InvokeLaterDispatcher" daemon [_thread_blocked, id=31495, stack(0x000070000e2db000,0x000070000e3db000)]
  0x00007ff3559bb200 JavaThread "JavaFX Application Thread" [_thread_in_Java, id=259, stack(0x00007ff7bde02000,0x00007ff7be602000)]
  0x00007ff35485a000 JavaThread "JavaFX-Launcher" [_thread_blocked, id=59139, stack(0x000070000ea79000,0x000070000eb79000)]
  0x00007ff35620fc00 JavaThread "Prism Font Disposer" daemon [_thread_blocked, id=55819, stack(0x000070000e3de000,0x000070000e4de000)]
  0x00007ff354898600 JavaThread "PostgreSQL-JDBC-Cleaner" daemon [_thread_blocked, id=71171, stack(0x000070000ee85000,0x000070000ef85000)]
  0x00007ff356949400 JavaThread "PulseTimer-CVDisplayLink thread" daemon [_thread_in_native, id=61443, stack(0x000070000ef88000,0x000070000f008000)]

Other Threads:
  0x00007ff35510d000 VMThread "VM Thread" [stack: 0x000070000d4ae000,0x000070000d5ae000] [id=13059]
  0x00007ff354711fc0 WatcherThread [stack: 0x000070000e0d5000,0x000070000e1d5000] [id=27651]
  0x00007ff355107b40 GCTaskThread "GC Thread#0" [stack: 0x000070000cf9f000,0x000070000d09f000] [id=11523]
  0x00007ff3550294b0 GCTaskThread "GC Thread#1" [stack: 0x000070000e6ed000,0x000070000e7ed000] [id=55043]
  0x00007ff355029d20 GCTaskThread "GC Thread#2" [stack: 0x000070000e7f0000,0x000070000e8f0000] [id=55299]
  0x00007ff35502a040 GCTaskThread "GC Thread#3" [stack: 0x000070000e8f3000,0x000070000e9f3000] [id=55555]
  0x00007ff355108430 ConcurrentGCThread "G1 Main Marker" [stack: 0x000070000d0a2000,0x000070000d1a2000] [id=18691]
  0x00007ff355004440 ConcurrentGCThread "G1 Conc#0" [stack: 0x000070000d1a5000,0x000070000d2a5000] [id=17923]
  0x00007ff35510c220 ConcurrentGCThread "G1 Refine#0" [stack: 0x000070000d2a8000,0x000070000d3a8000] [id=12547]
  0x00007ff355036240 ConcurrentGCThread "G1 Refine#1" [stack: 0x000070000eb7c000,0x000070000ec7c000] [id=72707]
  0x00007ff3550369d0 ConcurrentGCThread "G1 Refine#2" [stack: 0x000070000ec7f000,0x000070000ed7f000] [id=72195]
  0x00007ff355137110 ConcurrentGCThread "G1 Refine#3" [stack: 0x000070000ed82000,0x000070000ee82000] [id=71939]
  0x00007ff355005030 ConcurrentGCThread "G1 Young RemSet Sampling" [stack: 0x000070000d3ab000,0x000070000d4ab000] [id=17155]

Threads with active compile tasks:
C2 CompilerThread0     4386 1802       4       java.lang.invoke.MethodType::makeImpl (108 bytes)

VM state: not at safepoint (normal execution)

VM Mutex/Monitor currently owned by a thread: None

Heap address: 0x0000000780000000, size: 2048 MB, Compressed Oops mode: Zero based, Oop shift amount: 3
CDS archive(s) mapped at: [0x0000000800000000-0x0000000800b2d000-0x0000000800b2d000), size 11718656, SharedBaseAddress: 0x0000000800000000, ArchiveRelocationMode: 0.
Compressed class space mapped at: 0x0000000800b30000-0x0000000840b30000, size: 1073741824
Narrow klass base: 0x0000000800000000, Narrow klass shift: 3, Narrow klass range: 0x100000000

GC Precious Log:
 CPUs: 4 total, 4 available
 Memory: 8192M
 Large Page Support: Disabled
 NUMA Support: Disabled
 Compressed Oops: Enabled (Zero based)
 Heap Region Size: 1M
 Heap Min Capacity: 8M
 Heap Initial Capacity: 128M
 Heap Max Capacity: 2G
 Pre-touch: Disabled
 Parallel Workers: 4
 Concurrent Workers: 1
 Concurrent Refinement Workers: 4
 Periodic GC: Disabled

Heap:
 garbage-first heap   total 133120K, used 36235K [0x0000000780000000, 0x0000000800000000)
  region size 1024K, 33 young (33792K), 3 survivors (3072K)
 Metaspace       used 19280K, capacity 19534K, committed 19840K, reserved 1067008K
  class space    used 2833K, capacity 2935K, committed 2944K, reserved 1048576K

Heap Regions: E=young(eden), S=young(survivor), O=old, HS=humongous(starts), HC=humongous(continues), CS=collection set, F=free, OA=open archive, CA=closed archive, TAMS=top-at-mark-start (previous, next)
|   0|0x0000000780000000, 0x0000000780100000, 0x0000000780100000|100%| O|  |TAMS 0x0000000780000000, 0x0000000780000000| Untracked 
|   1|0x0000000780100000, 0x0000000780200000, 0x0000000780200000|100%| O|  |TAMS 0x0000000780100000, 0x0000000780100000| Untracked 
|   2|0x0000000780200000, 0x0000000780298c00, 0x0000000780300000| 59%| O|  |TAMS 0x0000000780200000, 0x0000000780200000| Untracked 
|   3|0x0000000780300000, 0x0000000780300000, 0x0000000780400000|  0%| F|  |TAMS 0x0000000780300000, 0x0000000780300000| Untracked 
|   4|0x0000000780400000, 0x0000000780400000, 0x0000000780500000|  0%| F|  |TAMS 0x0000000780400000, 0x0000000780400000| Untracked 
|   5|0x0000000780500000, 0x0000000780500000, 0x0000000780600000|  0%| F|  |TAMS 0x0000000780500000, 0x0000000780500000| Untracked 
|   6|0x0000000780600000, 0x0000000780600000, 0x0000000780700000|  0%| F|  |TAMS 0x0000000780600000, 0x0000000780600000| Untracked 
|   7|0x0000000780700000, 0x0000000780700000, 0x0000000780800000|  0%| F|  |TAMS 0x0000000780700000, 0x0000000780700000| Untracked 
|   8|0x0000000780800000, 0x0000000780800000, 0x0000000780900000|  0%| F|  |TAMS 0x0000000780800000, 0x0000000780800000| Untracked 
|   9|0x0000000780900000, 0x0000000780900000, 0x0000000780a00000|  0%| F|  |TAMS 0x0000000780900000, 0x0000000780900000| Untracked 
|  10|0x0000000780a00000, 0x0000000780a00000, 0x0000000780b00000|  0%| F|  |TAMS 0x0000000780a00000, 0x0000000780a00000| Untracked 
|  11|0x0000000780b00000, 0x0000000780b00000, 0x0000000780c00000|  0%| F|  |TAMS 0x0000000780b00000, 0x0000000780b00000| Untracked 
|  12|0x0000000780c00000, 0x0000000780c00000, 0x0000000780d00000|  0%| F|  |TAMS 0x0000000780c00000, 0x0000000780c00000| Untracked 
|  13|0x0000000780d00000, 0x0000000780d00000, 0x0000000780e00000|  0%| F|  |TAMS 0x0000000780d00000, 0x0000000780d00000| Untracked 
|  14|0x0000000780e00000, 0x0000000780e00000, 0x0000000780f00000|  0%| F|  |TAMS 0x0000000780e00000, 0x0000000780e00000| Untracked 
|  15|0x0000000780f00000, 0x0000000780f00000, 0x0000000781000000|  0%| F|  |TAMS 0x0000000780f00000, 0x0000000780f00000| Untracked 
|  16|0x0000000781000000, 0x0000000781000000, 0x0000000781100000|  0%| F|  |TAMS 0x0000000781000000, 0x0000000781000000| Untracked 
|  17|0x0000000781100000, 0x0000000781100000, 0x0000000781200000|  0%| F|  |TAMS 0x0000000781100000, 0x0000000781100000| Untracked 
|  18|0x0000000781200000, 0x0000000781200000, 0x0000000781300000|  0%| F|  |TAMS 0x0000000781200000, 0x0000000781200000| Untracked 
|  19|0x0000000781300000, 0x0000000781300000, 0x0000000781400000|  0%| F|  |TAMS 0x0000000781300000, 0x0000000781300000| Untracked 
|  20|0x0000000781400000, 0x0000000781400000, 0x0000000781500000|  0%| F|  |TAMS 0x0000000781400000, 0x0000000781400000| Untracked 
|  21|0x0000000781500000, 0x0000000781500000, 0x0000000781600000|  0%| F|  |TAMS 0x0000000781500000, 0x0000000781500000| Untracked 
|  22|0x0000000781600000, 0x0000000781600000, 0x0000000781700000|  0%| F|  |TAMS 0x0000000781600000, 0x0000000781600000| Untracked 
|  23|0x0000000781700000, 0x0000000781700000, 0x0000000781800000|  0%| F|  |TAMS 0x0000000781700000, 0x0000000781700000| Untracked 
|  24|0x0000000781800000, 0x0000000781800000, 0x0000000781900000|  0%| F|  |TAMS 0x0000000781800000, 0x0000000781800000| Untracked 
|  25|0x0000000781900000, 0x0000000781900000, 0x0000000781a00000|  0%| F|  |TAMS 0x0000000781900000, 0x0000000781900000| Untracked 
|  26|0x0000000781a00000, 0x0000000781a00000, 0x0000000781b00000|  0%| F|  |TAMS 0x0000000781a00000, 0x0000000781a00000| Untracked 
|  27|0x0000000781b00000, 0x0000000781b00000, 0x0000000781c00000|  0%| F|  |TAMS 0x0000000781b00000, 0x0000000781b00000| Untracked 
|  28|0x0000000781c00000, 0x0000000781c00000, 0x0000000781d00000|  0%| F|  |TAMS 0x0000000781c00000, 0x0000000781c00000| Untracked 
|  29|0x0000000781d00000, 0x0000000781d00000, 0x0000000781e00000|  0%| F|  |TAMS 0x0000000781d00000, 0x0000000781d00000| Untracked 
|  30|0x0000000781e00000, 0x0000000781e00000, 0x0000000781f00000|  0%| F|  |TAMS 0x0000000781e00000, 0x0000000781e00000| Untracked 
|  31|0x0000000781f00000, 0x0000000781f00000, 0x0000000782000000|  0%| F|  |TAMS 0x0000000781f00000, 0x0000000781f00000| Untracked 
|  32|0x0000000782000000, 0x0000000782000000, 0x0000000782100000|  0%| F|  |TAMS 0x0000000782000000, 0x0000000782000000| Untracked 
|  33|0x0000000782100000, 0x0000000782100000, 0x0000000782200000|  0%| F|  |TAMS 0x0000000782100000, 0x0000000782100000| Untracked 
|  34|0x0000000782200000, 0x0000000782200000, 0x0000000782300000|  0%| F|  |TAMS 0x0000000782200000, 0x0000000782200000| Untracked 
|  35|0x0000000782300000, 0x0000000782300000, 0x0000000782400000|  0%| F|  |TAMS 0x0000000782300000, 0x0000000782300000| Untracked 
|  36|0x0000000782400000, 0x0000000782400000, 0x0000000782500000|  0%| F|  |TAMS 0x0000000782400000, 0x0000000782400000| Untracked 
|  37|0x0000000782500000, 0x0000000782500000, 0x0000000782600000|  0%| F|  |TAMS 0x0000000782500000, 0x0000000782500000| Untracked 
|  38|0x0000000782600000, 0x0000000782600000, 0x0000000782700000|  0%| F|  |TAMS 0x0000000782600000, 0x0000000782600000| Untracked 
|  39|0x0000000782700000, 0x0000000782700000, 0x0000000782800000|  0%| F|  |TAMS 0x0000000782700000, 0x0000000782700000| Untracked 
|  40|0x0000000782800000, 0x0000000782800000, 0x0000000782900000|  0%| F|  |TAMS 0x0000000782800000, 0x0000000782800000| Untracked 
|  41|0x0000000782900000, 0x0000000782900000, 0x0000000782a00000|  0%| F|  |TAMS 0x0000000782900000, 0x0000000782900000| Untracked 
|  42|0x0000000782a00000, 0x0000000782a00000, 0x0000000782b00000|  0%| F|  |TAMS 0x0000000782a00000, 0x0000000782a00000| Untracked 
|  43|0x0000000782b00000, 0x0000000782b00000, 0x0000000782c00000|  0%| F|  |TAMS 0x0000000782b00000, 0x0000000782b00000| Untracked 
|  44|0x0000000782c00000, 0x0000000782c00000, 0x0000000782d00000|  0%| F|  |TAMS 0x0000000782c00000, 0x0000000782c00000| Untracked 
|  45|0x0000000782d00000, 0x0000000782d00000, 0x0000000782e00000|  0%| F|  |TAMS 0x0000000782d00000, 0x0000000782d00000| Untracked 
|  46|0x0000000782e00000, 0x0000000782e00000, 0x0000000782f00000|  0%| F|  |TAMS 0x0000000782e00000, 0x0000000782e00000| Untracked 
|  47|0x0000000782f00000, 0x0000000782f00000, 0x0000000783000000|  0%| F|  |TAMS 0x0000000782f00000, 0x0000000782f00000| Untracked 
|  48|0x0000000783000000, 0x0000000783000000, 0x0000000783100000|  0%| F|  |TAMS 0x0000000783000000, 0x0000000783000000| Untracked 
|  49|0x0000000783100000, 0x0000000783100000, 0x0000000783200000|  0%| F|  |TAMS 0x0000000783100000, 0x0000000783100000| Untracked 
|  50|0x0000000783200000, 0x0000000783200000, 0x0000000783300000|  0%| F|  |TAMS 0x0000000783200000, 0x0000000783200000| Untracked 
|  51|0x0000000783300000, 0x0000000783300000, 0x0000000783400000|  0%| F|  |TAMS 0x0000000783300000, 0x0000000783300000| Untracked 
|  52|0x0000000783400000, 0x0000000783400000, 0x0000000783500000|  0%| F|  |TAMS 0x0000000783400000, 0x0000000783400000| Untracked 
|  53|0x0000000783500000, 0x0000000783500000, 0x0000000783600000|  0%| F|  |TAMS 0x0000000783500000, 0x0000000783500000| Untracked 
|  54|0x0000000783600000, 0x0000000783600000, 0x0000000783700000|  0%| F|  |TAMS 0x0000000783600000, 0x0000000783600000| Untracked 
|  55|0x0000000783700000, 0x0000000783700000, 0x0000000783800000|  0%| F|  |TAMS 0x0000000783700000, 0x0000000783700000| Untracked 
|  56|0x0000000783800000, 0x0000000783800000, 0x0000000783900000|  0%| F|  |TAMS 0x0000000783800000, 0x0000000783800000| Untracked 
|  57|0x0000000783900000, 0x0000000783900000, 0x0000000783a00000|  0%| F|  |TAMS 0x0000000783900000, 0x0000000783900000| Untracked 
|  58|0x0000000783a00000, 0x0000000783a00000, 0x0000000783b00000|  0%| F|  |TAMS 0x0000000783a00000, 0x0000000783a00000| Untracked 
|  59|0x0000000783b00000, 0x0000000783b00000, 0x0000000783c00000|  0%| F|  |TAMS 0x0000000783b00000, 0x0000000783b00000| Untracked 
|  60|0x0000000783c00000, 0x0000000783c00000, 0x0000000783d00000|  0%| F|  |TAMS 0x0000000783c00000, 0x0000000783c00000| Untracked 
|  61|0x0000000783d00000, 0x0000000783d00000, 0x0000000783e00000|  0%| F|  |TAMS 0x0000000783d00000, 0x0000000783d00000| Untracked 
|  62|0x0000000783e00000, 0x0000000783e00000, 0x0000000783f00000|  0%| F|  |TAMS 0x0000000783e00000, 0x0000000783e00000| Untracked 
|  63|0x0000000783f00000, 0x0000000783f00000, 0x0000000784000000|  0%| F|  |TAMS 0x0000000783f00000, 0x0000000783f00000| Untracked 
|  64|0x0000000784000000, 0x0000000784000000, 0x0000000784100000|  0%| F|  |TAMS 0x0000000784000000, 0x0000000784000000| Untracked 
|  65|0x0000000784100000, 0x0000000784100000, 0x0000000784200000|  0%| F|  |TAMS 0x0000000784100000, 0x0000000784100000| Untracked 
|  66|0x0000000784200000, 0x0000000784200000, 0x0000000784300000|  0%| F|  |TAMS 0x0000000784200000, 0x0000000784200000| Untracked 
|  67|0x0000000784300000, 0x0000000784300000, 0x0000000784400000|  0%| F|  |TAMS 0x0000000784300000, 0x0000000784300000| Untracked 
|  68|0x0000000784400000, 0x0000000784400000, 0x0000000784500000|  0%| F|  |TAMS 0x0000000784400000, 0x0000000784400000| Untracked 
|  69|0x0000000784500000, 0x0000000784500000, 0x0000000784600000|  0%| F|  |TAMS 0x0000000784500000, 0x0000000784500000| Untracked 
|  70|0x0000000784600000, 0x0000000784600000, 0x0000000784700000|  0%| F|  |TAMS 0x0000000784600000, 0x0000000784600000| Untracked 
|  71|0x0000000784700000, 0x0000000784700000, 0x0000000784800000|  0%| F|  |TAMS 0x0000000784700000, 0x0000000784700000| Untracked 
|  72|0x0000000784800000, 0x0000000784800000, 0x0000000784900000|  0%| F|  |TAMS 0x0000000784800000, 0x0000000784800000| Untracked 
|  73|0x0000000784900000, 0x0000000784900000, 0x0000000784a00000|  0%| F|  |TAMS 0x0000000784900000, 0x0000000784900000| Untracked 
|  74|0x0000000784a00000, 0x0000000784a00000, 0x0000000784b00000|  0%| F|  |TAMS 0x0000000784a00000, 0x0000000784a00000| Untracked 
|  75|0x0000000784b00000, 0x0000000784b00000, 0x0000000784c00000|  0%| F|  |TAMS 0x0000000784b00000, 0x0000000784b00000| Untracked 
|  76|0x0000000784c00000, 0x0000000784c00000, 0x0000000784d00000|  0%| F|  |TAMS 0x0000000784c00000, 0x0000000784c00000| Untracked 
|  77|0x0000000784d00000, 0x0000000784d00000, 0x0000000784e00000|  0%| F|  |TAMS 0x0000000784d00000, 0x0000000784d00000| Untracked 
|  78|0x0000000784e00000, 0x0000000784e00000, 0x0000000784f00000|  0%| F|  |TAMS 0x0000000784e00000, 0x0000000784e00000| Untracked 
|  79|0x0000000784f00000, 0x0000000784f00000, 0x0000000785000000|  0%| F|  |TAMS 0x0000000784f00000, 0x0000000784f00000| Untracked 
|  80|0x0000000785000000, 0x0000000785000000, 0x0000000785100000|  0%| F|  |TAMS 0x0000000785000000, 0x0000000785000000| Untracked 
|  81|0x0000000785100000, 0x0000000785100000, 0x0000000785200000|  0%| F|  |TAMS 0x0000000785100000, 0x0000000785100000| Untracked 
|  82|0x0000000785200000, 0x0000000785200000, 0x0000000785300000|  0%| F|  |TAMS 0x0000000785200000, 0x0000000785200000| Untracked 
|  83|0x0000000785300000, 0x0000000785300000, 0x0000000785400000|  0%| F|  |TAMS 0x0000000785300000, 0x0000000785300000| Untracked 
|  84|0x0000000785400000, 0x0000000785400000, 0x0000000785500000|  0%| F|  |TAMS 0x0000000785400000, 0x0000000785400000| Untracked 
|  85|0x0000000785500000, 0x0000000785500000, 0x0000000785600000|  0%| F|  |TAMS 0x0000000785500000, 0x0000000785500000| Untracked 
|  86|0x0000000785600000, 0x0000000785600000, 0x0000000785700000|  0%| F|  |TAMS 0x0000000785600000, 0x0000000785600000| Untracked 
|  87|0x0000000785700000, 0x0000000785700000, 0x0000000785800000|  0%| F|  |TAMS 0x0000000785700000, 0x0000000785700000| Untracked 
|  88|0x0000000785800000, 0x0000000785800000, 0x0000000785900000|  0%| F|  |TAMS 0x0000000785800000, 0x0000000785800000| Untracked 
|  89|0x0000000785900000, 0x0000000785900000, 0x0000000785a00000|  0%| F|  |TAMS 0x0000000785900000, 0x0000000785900000| Untracked 
|  90|0x0000000785a00000, 0x0000000785a00000, 0x0000000785b00000|  0%| F|  |TAMS 0x0000000785a00000, 0x0000000785a00000| Untracked 
|  91|0x0000000785b00000, 0x0000000785b00000, 0x0000000785c00000|  0%| F|  |TAMS 0x0000000785b00000, 0x0000000785b00000| Untracked 
|  92|0x0000000785c00000, 0x0000000785c00000, 0x0000000785d00000|  0%| F|  |TAMS 0x0000000785c00000, 0x0000000785c00000| Untracked 
|  93|0x0000000785d00000, 0x0000000785d00000, 0x0000000785e00000|  0%| F|  |TAMS 0x0000000785d00000, 0x0000000785d00000| Untracked 
|  94|0x0000000785e00000, 0x0000000785e00000, 0x0000000785f00000|  0%| F|  |TAMS 0x0000000785e00000, 0x0000000785e00000| Untracked 
|  95|0x0000000785f00000, 0x0000000785f80800, 0x0000000786000000| 50%| E|  |TAMS 0x0000000785f00000, 0x0000000785f00000| Complete 
|  96|0x0000000786000000, 0x0000000786100000, 0x0000000786100000|100%| E|CS|TAMS 0x0000000786000000, 0x0000000786000000| Complete 
|  97|0x0000000786100000, 0x0000000786200000, 0x0000000786200000|100%| E|CS|TAMS 0x0000000786100000, 0x0000000786100000| Complete 
|  98|0x0000000786200000, 0x0000000786300000, 0x0000000786300000|100%| E|CS|TAMS 0x0000000786200000, 0x0000000786200000| Complete 
|  99|0x0000000786300000, 0x0000000786400000, 0x0000000786400000|100%| E|CS|TAMS 0x0000000786300000, 0x0000000786300000| Complete 
| 100|0x0000000786400000, 0x0000000786500000, 0x0000000786500000|100%| E|CS|TAMS 0x0000000786400000, 0x0000000786400000| Complete 
| 101|0x0000000786500000, 0x0000000786600000, 0x0000000786600000|100%| E|CS|TAMS 0x0000000786500000, 0x0000000786500000| Complete 
| 102|0x0000000786600000, 0x0000000786700000, 0x0000000786700000|100%| S|CS|TAMS 0x0000000786600000, 0x0000000786600000| Complete 
| 103|0x0000000786700000, 0x0000000786800000, 0x0000000786800000|100%| S|CS|TAMS 0x0000000786700000, 0x0000000786700000| Complete 
| 104|0x0000000786800000, 0x0000000786900000, 0x0000000786900000|100%| S|CS|TAMS 0x0000000786800000, 0x0000000786800000| Complete 
| 105|0x0000000786900000, 0x0000000786a00000, 0x0000000786a00000|100%| E|CS|TAMS 0x0000000786900000, 0x0000000786900000| Complete 
| 106|0x0000000786a00000, 0x0000000786b00000, 0x0000000786b00000|100%| E|CS|TAMS 0x0000000786a00000, 0x0000000786a00000| Complete 
| 107|0x0000000786b00000, 0x0000000786c00000, 0x0000000786c00000|100%| E|CS|TAMS 0x0000000786b00000, 0x0000000786b00000| Complete 
| 108|0x0000000786c00000, 0x0000000786d00000, 0x0000000786d00000|100%| E|CS|TAMS 0x0000000786c00000, 0x0000000786c00000| Complete 
| 109|0x0000000786d00000, 0x0000000786e00000, 0x0000000786e00000|100%| E|CS|TAMS 0x0000000786d00000, 0x0000000786d00000| Complete 
| 110|0x0000000786e00000, 0x0000000786f00000, 0x0000000786f00000|100%| E|CS|TAMS 0x0000000786e00000, 0x0000000786e00000| Complete 
| 111|0x0000000786f00000, 0x0000000787000000, 0x0000000787000000|100%| E|CS|TAMS 0x0000000786f00000, 0x0000000786f00000| Complete 
| 112|0x0000000787000000, 0x0000000787100000, 0x0000000787100000|100%| E|CS|TAMS 0x0000000787000000, 0x0000000787000000| Complete 
| 113|0x0000000787100000, 0x0000000787200000, 0x0000000787200000|100%| E|CS|TAMS 0x0000000787100000, 0x0000000787100000| Complete 
| 114|0x0000000787200000, 0x0000000787300000, 0x0000000787300000|100%| E|CS|TAMS 0x0000000787200000, 0x0000000787200000| Complete 
| 115|0x0000000787300000, 0x0000000787400000, 0x0000000787400000|100%| E|CS|TAMS 0x0000000787300000, 0x0000000787300000| Complete 
| 116|0x0000000787400000, 0x0000000787500000, 0x0000000787500000|100%| E|CS|TAMS 0x0000000787400000, 0x0000000787400000| Complete 
| 117|0x0000000787500000, 0x0000000787600000, 0x0000000787600000|100%| E|CS|TAMS 0x0000000787500000, 0x0000000787500000| Complete 
| 118|0x0000000787600000, 0x0000000787700000, 0x0000000787700000|100%| E|CS|TAMS 0x0000000787600000, 0x0000000787600000| Complete 
| 119|0x0000000787700000, 0x0000000787800000, 0x0000000787800000|100%| E|CS|TAMS 0x0000000787700000, 0x0000000787700000| Complete 
| 120|0x0000000787800000, 0x0000000787900000, 0x0000000787900000|100%| E|CS|TAMS 0x0000000787800000, 0x0000000787800000| Complete 
| 121|0x0000000787900000, 0x0000000787a00000, 0x0000000787a00000|100%| E|CS|TAMS 0x0000000787900000, 0x0000000787900000| Complete 
| 122|0x0000000787a00000, 0x0000000787b00000, 0x0000000787b00000|100%| E|CS|TAMS 0x0000000787a00000, 0x0000000787a00000| Complete 
| 123|0x0000000787b00000, 0x0000000787c00000, 0x0000000787c00000|100%| E|CS|TAMS 0x0000000787b00000, 0x0000000787b00000| Complete 
| 124|0x0000000787c00000, 0x0000000787d00000, 0x0000000787d00000|100%| E|CS|TAMS 0x0000000787c00000, 0x0000000787c00000| Complete 
| 125|0x0000000787d00000, 0x0000000787e00000, 0x0000000787e00000|100%| E|CS|TAMS 0x0000000787d00000, 0x0000000787d00000| Complete 
| 126|0x0000000787e00000, 0x0000000787f00000, 0x0000000787f00000|100%| E|CS|TAMS 0x0000000787e00000, 0x0000000787e00000| Complete 
| 127|0x0000000787f00000, 0x0000000788000000, 0x0000000788000000|100%| E|CS|TAMS 0x0000000787f00000, 0x0000000787f00000| Complete 
|1022|0x00000007bfe00000, 0x00000007bfe51000, 0x00000007bff00000| 31%|OA|  |TAMS 0x00000007bfe00000, 0x00000007bfe00000| Untracked 
|1023|0x00000007bff00000, 0x00000007bff79000, 0x00000007c0000000| 47%|CA|  |TAMS 0x00000007bff00000, 0x00000007bff00000| Untracked 

Card table byte_map: [0x00000001020dd000,0x00000001024dd000] _byte_map_base: 0x00000000fe4dd000

Marking Bits (Prev, Next): (CMBitMap*) 0x00007ff356838810, (CMBitMap*) 0x00007ff356838850
 Prev Bits: [0x0000000103933000, 0x0000000105933000)
 Next Bits: [0x000000011ce55000, 0x000000011ee55000)

Polling page: 0x0000000101a39000

Metaspace:

Usage:
  Non-class:     16.27 MB capacity,    16.09 MB ( 99%) used,   164.05 KB ( <1%) free+waste,    25.94 KB ( <1%) overhead. 
      Class:      2.87 MB capacity,     2.77 MB ( 97%) used,    86.00 KB (  3%) free+waste,    11.44 KB ( <1%) overhead. 
       Both:     19.14 MB capacity,    18.86 MB ( 99%) used,   250.05 KB (  1%) free+waste,    37.38 KB ( <1%) overhead. 

Virtual space:
  Non-class space:       18.00 MB reserved,      16.50 MB ( 92%) committed 
      Class space:        1.00 GB reserved,       2.88 MB ( <1%) committed 
             Both:        1.02 GB reserved,      19.38 MB (  2%) committed 

Chunk freelists:
   Non-Class:  217.00 KB
       Class:  9.00 KB
        Both:  226.00 KB

MaxMetaspaceSize: 17179869184.00 GB
CompressedClassSpaceSize: 1.00 GB

CodeHeap 'non-profiled nmethods': size=120032Kb used=627Kb max_used=627Kb free=119404Kb
 bounds [0x000000011591d000, 0x0000000115b8d000, 0x000000011ce55000]
CodeHeap 'profiled nmethods': size=120028Kb used=3758Kb max_used=3758Kb free=116269Kb
 bounds [0x000000010e3e6000, 0x000000010e796000, 0x000000011591d000]
CodeHeap 'non-nmethods': size=5700Kb used=1407Kb max_used=1407Kb free=4292Kb
 bounds [0x000000010de55000, 0x000000010e0c5000, 0x000000010e3e6000]
 total_blobs=2778 nmethods=2053 adapters=638
 compilation: enabled
              stopped_count=0, restarted_count=0
 full_count=0

Compilation events (20 events):
Event: 4.313 Thread 0x00007ff35480ce00 nmethod 1944 0x000000010e75f990 code [0x000000010e75fb20, 0x000000010e75fcb0]
Event: 4.313 Thread 0x00007ff35480ce00 1948       3       jdk.internal.org.objectweb.asm.MethodVisitor::visitMethodInsn (80 bytes)
Event: 4.314 Thread 0x00007ff35480ce00 nmethod 1948 0x000000010e75fd90 code [0x000000010e75ff60, 0x000000010e760420]
Event: 4.314 Thread 0x00007ff35480ce00 1949       1       javafx.css.StyleableObjectProperty::getStyleOrigin (5 bytes)
Event: 4.314 Thread 0x00007ff35480ce00 nmethod 1949 0x00000001159b5d10 code [0x00000001159b5ea0, 0x00000001159b5f50]
Event: 4.314 Thread 0x00007ff35480ce00 1950       3       com.sun.javafx.css.StyleManager$CacheContainer::getStyleMap (43 bytes)
Event: 4.315 Thread 0x00007ff35480ce00 nmethod 1950 0x000000010e760590 code [0x000000010e7607c0, 0x000000010e7612d0]
Event: 4.315 Thread 0x00007ff35480ce00 1951       3       java.lang.Double::isNaN (12 bytes)
Event: 4.315 Thread 0x00007ff35480ce00 nmethod 1951 0x000000010e761590 code [0x000000010e761720, 0x000000010e761870]
Event: 4.321 Thread 0x00007ff35480ce00 1952   !   3       com.sun.javafx.collections.ListListenerHelper$SingleChange::fireValueChangedEvent (30 bytes)
Event: 4.322 Thread 0x00007ff35480ce00 nmethod 1952 0x000000010e761910 code [0x000000010e761ae0, 0x000000010e761d80]
Event: 4.322 Thread 0x00007ff35480ce00 1953       3       java.lang.invoke.InnerClassLambdaMetafactory::generateConstructor (154 bytes)
Event: 4.323 Thread 0x00007ff35480ce00 nmethod 1953 0x000000010e761f10 code [0x000000010e7621e0, 0x000000010e7631c0]
Event: 4.323 Thread 0x00007ff35480ce00 1954       3       java.lang.invoke.InnerClassLambdaMetafactory$ForwardingMethodGenerator::generate (276 bytes)
Event: 4.325 Thread 0x00007ff35480ce00 nmethod 1954 0x000000010e763710 code [0x000000010e763ac0, 0x000000010e7659b0]
Event: 4.325 Thread 0x00007ff35480ce00 1956       3       java.lang.invoke.InnerClassLambdaMetafactory$ForwardingMethodGenerator::convertArgumentTypes (96 bytes)
Event: 4.326 Thread 0x00007ff35480ce00 nmethod 1956 0x000000010e766290 code [0x000000010e7664e0, 0x000000010e766f70]
Event: 4.326 Thread 0x00007ff35480ce00 1955       3       jdk.internal.org.objectweb.asm.MethodVisitor::visitCode (15 bytes)
Event: 4.326 Thread 0x00007ff35480ce00 nmethod 1955 0x000000010e767490 code [0x000000010e767620, 0x000000010e767820]
Event: 4.326 Thread 0x00007ff35480ce00 1957       3       java.lang.invoke.InnerClassLambdaMetafactory$ForwardingMethodGenerator::invocationOpcode (93 bytes)

GC Heap History (4 events):
Event: 1.137 GC heap before
{Heap before GC invocations=0 (full 0):
 garbage-first heap   total 133120K, used 14120K [0x0000000780000000, 0x0000000800000000)
  region size 1024K, 13 young (13312K), 0 survivors (0K)
 Metaspace       used 3962K, capacity 6358K, committed 6528K, reserved 1056768K
  class space    used 446K, capacity 624K, committed 640K, reserved 1048576K
}
Event: 1.141 GC heap after
{Heap after GC invocations=1 (full 0):
 garbage-first heap   total 133120K, used 3618K [0x0000000780000000, 0x0000000800000000)
  region size 1024K, 2 young (2048K), 2 survivors (2048K)
 Metaspace       used 3962K, capacity 6358K, committed 6528K, reserved 1056768K
  class space    used 446K, capacity 624K, committed 640K, reserved 1048576K
}
Event: 2.757 GC heap before
{Heap before GC invocations=1 (full 0):
 garbage-first heap   total 133120K, used 24098K [0x0000000780000000, 0x0000000800000000)
  region size 1024K, 23 young (23552K), 2 survivors (2048K)
 Metaspace       used 10775K, capacity 11212K, committed 11264K, reserved 1058816K
  class space    used 1462K, capacity 1534K, committed 1536K, reserved 1048576K
}
Event: 2.775 GC heap after
{Heap after GC invocations=2 (full 0):
 garbage-first heap   total 133120K, used 6539K [0x0000000780000000, 0x0000000800000000)
  region size 1024K, 3 young (3072K), 3 survivors (3072K)
 Metaspace       used 10775K, capacity 11212K, committed 11264K, reserved 1058816K
  class space    used 1462K, capacity 1534K, committed 1536K, reserved 1048576K
}

Deoptimization events (20 events):
Event: 3.868 Thread 0x00007ff3559bb200 Uncommon trap: trap_request=0xffffff45 fr.pc=0x000000011593d718 relative=0x0000000000000098
Event: 3.868 Thread 0x00007ff3559bb200 Uncommon trap: reason=unstable_if action=reinterpret pc=0x000000011593d718 method=java.util.HashMap.hash(Ljava/lang/Object;)I @ 1 c2
Event: 3.868 Thread 0x00007ff3559bb200 DEOPT PACKING pc=0x000000011593d718 sp=0x00007ff7be5fc400
Event: 3.868 Thread 0x00007ff3559bb200 DEOPT UNPACKING pc=0x000000010dea3125 sp=0x00007ff7be5fc3b8 mode 2
Event: 4.034 Thread 0x00007ff3559bb200 Uncommon trap: trap_request=0xffffffde fr.pc=0x000000011597d27c relative=0x000000000000017c
Event: 4.034 Thread 0x00007ff3559bb200 Uncommon trap: reason=class_check action=maybe_recompile pc=0x000000011597d27c method=java.lang.String.equals(Ljava/lang/Object;)Z @ 8 c2
Event: 4.034 Thread 0x00007ff3559bb200 DEOPT PACKING pc=0x000000011597d27c sp=0x00007ff7be5fc600
Event: 4.034 Thread 0x00007ff3559bb200 DEOPT UNPACKING pc=0x000000010dea3125 sp=0x00007ff7be5fc5b8 mode 2
Event: 4.034 Thread 0x00007ff3559bb200 Uncommon trap: trap_request=0xffffffde fr.pc=0x000000011597d27c relative=0x000000000000017c
Event: 4.034 Thread 0x00007ff3559bb200 Uncommon trap: reason=class_check action=maybe_recompile pc=0x000000011597d27c method=java.lang.String.equals(Ljava/lang/Object;)Z @ 8 c2
Event: 4.034 Thread 0x00007ff3559bb200 DEOPT PACKING pc=0x000000011597d27c sp=0x00007ff7be5fc510
Event: 4.034 Thread 0x00007ff3559bb200 DEOPT UNPACKING pc=0x000000010dea3125 sp=0x00007ff7be5fc4c8 mode 2
Event: 4.034 Thread 0x00007ff3559bb200 Uncommon trap: trap_request=0xffffffde fr.pc=0x000000011597d27c relative=0x000000000000017c
Event: 4.034 Thread 0x00007ff3559bb200 Uncommon trap: reason=class_check action=maybe_recompile pc=0x000000011597d27c method=java.lang.String.equals(Ljava/lang/Object;)Z @ 8 c2
Event: 4.034 Thread 0x00007ff3559bb200 DEOPT PACKING pc=0x000000011597d27c sp=0x00007ff7be5fc510
Event: 4.034 Thread 0x00007ff3559bb200 DEOPT UNPACKING pc=0x000000010dea3125 sp=0x00007ff7be5fc4c8 mode 2
Event: 4.035 Thread 0x00007ff3559bb200 Uncommon trap: trap_request=0xffffffde fr.pc=0x000000011597d27c relative=0x000000000000017c
Event: 4.035 Thread 0x00007ff3559bb200 Uncommon trap: reason=class_check action=maybe_recompile pc=0x000000011597d27c method=java.lang.String.equals(Ljava/lang/Object;)Z @ 8 c2
Event: 4.035 Thread 0x00007ff3559bb200 DEOPT PACKING pc=0x000000011597d27c sp=0x00007ff7be5fc2a0
Event: 4.035 Thread 0x00007ff3559bb200 DEOPT UNPACKING pc=0x000000010dea3125 sp=0x00007ff7be5fc258 mode 2

Classes unloaded (0 events):
No events

Classes redefined (0 events):
No events

Internal exceptions (20 events):
Event: 3.282 Thread 0x00007ff3559bb200 Exception <a 'java/lang/IncompatibleClassChangeError'{0x00000007879492a0}: Found class java.lang.Object, but interface was expected> (0x00000007879492a0) 
thrown [./open/src/hotspot/share/interpreter/linkResolver.cpp, line 848]
Event: 3.283 Thread 0x00007ff3559bb200 Exception <a 'java/lang/NoSuchMethodError'{0x000000078794ecf0}: 'int java.lang.invoke.DirectMethodHandle$Holder.invokeStaticInit(java.lang.Object, java.lang.Object)'> (0x000000078794ecf0) 
thrown [./open/src/hotspot/share/interpreter/linkResolver.cpp, line 782]
Event: 3.340 Thread 0x00007ff3559bb200 Exception <a 'java/lang/NoSuchMethodError'{0x000000078781b908}: 'java.lang.Object java.lang.invoke.DirectMethodHandle$Holder.invokeStaticInit(java.lang.Object, java.lang.Object, java.lang.Object)'> (0x000000078781b908) 
thrown [./open/src/hotspot/share/interpreter/linkResolver.cpp, line 782]
Event: 3.359 Thread 0x00007ff3559bb200 Exception <a 'java/lang/NoSuchMethodError'{0x000000078783d900}: 'int java.lang.invoke.DirectMethodHandle$Holder.invokeSpecial(java.lang.Object, java.lang.Object, java.lang.Object)'> (0x000000078783d900) 
thrown [./open/src/hotspot/share/interpreter/linkResolver.cpp, line 782]
Event: 3.466 Thread 0x00007ff3559bb200 Exception <a 'sun/nio/fs/UnixException'{0x000000078767d1a0}> (0x000000078767d1a0) 
thrown [./open/src/hotspot/share/prims/jni.cpp, line 578]
Event: 3.853 Thread 0x00007ff3559bb200 Implicit null exception at 0x00000001159506d8 to 0x000000011595076a
Event: 3.863 Thread 0x00007ff3559bb200 Implicit null exception at 0x000000011597ee8f to 0x000000011597f23c
Event: 3.868 Thread 0x00007ff3559bb200 Implicit null exception at 0x000000011597f78f to 0x000000011597fb28
Event: 3.868 Thread 0x00007ff3559bb200 Implicit null exception at 0x000000011593d68f to 0x000000011593d709
Event: 3.874 Thread 0x00007ff3559bb200 Exception <a 'java/lang/ClassNotFoundException'{0x00000007870a7e58}: com/sun/javafx/scene/control/skin/resources/controls-nt> (0x00000007870a7e58) 
thrown [./open/src/hotspot/share/prims/jni.cpp, line 599]
Event: 3.879 Thread 0x00007ff3559bb200 Exception <a 'java/lang/ClassNotFoundException'{0x00000007870b06f0}: com/sun/javafx/scene/control/skin/resources/controls-nt_en> (0x00000007870b06f0) 
thrown [./open/src/hotspot/share/prims/jni.cpp, line 599]
Event: 3.879 Thread 0x00007ff3559bb200 Exception <a 'java/lang/ClassNotFoundException'{0x00000007870b1690}: com/sun/javafx/scene/control/skin/resources/controls-nt_en_US> (0x00000007870b1690) 
thrown [./open/src/hotspot/share/prims/jni.cpp, line 599]
Event: 4.049 Thread 0x00007ff3559bb200 Exception <a 'java/lang/NoSuchMethodError'{0x0000000786c15e00}: 'java.lang.Object java.lang.invoke.DirectMethodHandle$Holder.invokeInterface(java.lang.Object, java.lang.Object, java.lang.Object)'> (0x0000000786c15e00) 
thrown [./open/src/hotspot/share/interpreter/linkResolver.cpp, line 782]
Event: 4.049 Thread 0x00007ff3559bb200 Exception <a 'java/lang/IncompatibleClassChangeError'{0x0000000786c19698}: Found class java.lang.Object, but interface was expected> (0x0000000786c19698) 
thrown [./open/src/hotspot/share/interpreter/linkResolver.cpp, line 848]
Event: 4.106 Thread 0x00007ff3559bb200 Exception <a 'java/lang/ClassNotFoundException'{0x0000000786bc34b0}: com/sun/javafx/scene/control/skin/resources/controls> (0x0000000786bc34b0) 
thrown [./open/src/hotspot/share/prims/jni.cpp, line 599]
Event: 4.109 Thread 0x00007ff3559bb200 Exception <a 'java/lang/ClassNotFoundException'{0x0000000786bd1448}: com/sun/javafx/scene/control/skin/resources/controls_en> (0x0000000786bd1448) 
thrown [./open/src/hotspot/share/prims/jni.cpp, line 599]
Event: 4.109 Thread 0x00007ff3559bb200 Exception <a 'java/lang/ClassNotFoundException'{0x0000000786bd23e0}: com/sun/javafx/scene/control/skin/resources/controls_en_US> (0x0000000786bd23e0) 
thrown [./open/src/hotspot/share/prims/jni.cpp, line 599]
Event: 4.149 Thread 0x00007ff3559bb200 Exception <a 'java/lang/NoSuchMethodError'{0x000000078699fcf8}: 'void java.lang.invoke.DirectMethodHandle$Holder.invokeSpecial(java.lang.Object, java.lang.Object, java.lang.Object, java.lang.Object, java.lang.Object, java.lang.Object)'> (0x000000078699fcf8) 
thrown [./open/src/hotspot/share/interpreter/linkResolver.cpp, line 782]
Event: 4.241 Thread 0x00007ff3559bb200 Exception <a 'java/lang/NoSuchMethodError'{0x00000007863519f0}: 'void java.lang.invoke.DirectMethodHandle$Holder.invokeSpecialIFC(java.lang.Object, java.lang.Object, java.lang.Object, java.lang.Object)'> (0x00000007863519f0) 
thrown [./open/src/hotspot/share/interpreter/linkResolver.cpp, line 782]
Event: 4.297 Thread 0x00007ff3559bb200 Exception <a 'java/lang/NoSuchMethodError'{0x000000078611aa38}: 'int java.lang.invoke.DirectMethodHandle$Holder.invokeSpecial(java.lang.Object, java.lang.Object, int)'> (0x000000078611aa38) 
thrown [./open/src/hotspot/share/interpreter/linkResolver.cpp, line 782]

Events (20 events):
Event: 3.875 loading class sun/util/PropertyResourceBundleCharset
Event: 3.875 loading class sun/util/PropertyResourceBundleCharset done
Event: 3.875 loading class sun/util/PropertyResourceBundleCharset$PropertiesFileDecoder
Event: 3.875 loading class sun/util/PropertyResourceBundleCharset$PropertiesFileDecoder done
Event: 3.899 Protecting memory [0x000070000ef88000,0x000070000ef8c000] with protection modes 0
Event: 3.900 Thread 0x00007ff356949400 Thread added: 0x00007ff356949400
Event: 4.020 loading class jdk/jfr/FlightRecorder
Event: 4.020 loading class jdk/jfr/FlightRecorder done
Event: 4.186 loading class java/lang/FdLibm$Hypot
Event: 4.186 loading class java/lang/FdLibm$Hypot done
Event: 4.186 loading class java/lang/FdLibm
Event: 4.186 loading class java/lang/FdLibm done
Event: 4.224 loading class java/util/BitSet$1BitSetSpliterator
Event: 4.224 loading class java/util/BitSet$1BitSetSpliterator done
Event: 4.225 Executing VM operation: HandshakeAllThreads
Event: 4.225 Executing VM operation: HandshakeAllThreads done
Event: 4.225 loading class java/util/stream/IntPipeline$1
Event: 4.225 loading class java/util/stream/IntPipeline$1 done
Event: 4.226 loading class java/util/stream/IntPipeline$1$1
Event: 4.226 loading class java/util/stream/IntPipeline$1$1 done


Dynamic libraries:
0x0000000101a1b000 	/Library/Java/JavaVirtualMachines/jdk-15.0.2.jdk/Contents/Home/lib/libjli.dylib
0x00007ff828a0a000 	/usr/lib/libz.1.dylib
0x00007ff828aea000 	/usr/lib/libSystem.B.dylib
0x00007ff828ae5000 	/usr/lib/system/libcache.dylib
0x00007ff828aa1000 	/usr/lib/system/libcommonCrypto.dylib
0x00007ff828aca000 	/usr/lib/system/libcompiler_rt.dylib
0x00007ff828ac0000 	/usr/lib/system/libcopyfile.dylib
0x00007ff81da95000 	/usr/lib/system/libcorecrypto.dylib
0x00007ff81db53000 	/usr/lib/system/libdispatch.dylib
0x00007ff81dd17000 	/usr/lib/system/libdyld.dylib
0x00007ff828adc000 	/usr/lib/system/libkeymgr.dylib
0x00007ff828a7f000 	/usr/lib/system/libmacho.dylib
0x00007ff8280fe000 	/usr/lib/system/libquarantine.dylib
0x00007ff828ada000 	/usr/lib/system/libremovefile.dylib
0x00007ff822c91000 	/usr/lib/system/libsystem_asl.dylib
0x00007ff81da3e000 	/usr/lib/system/libsystem_blocks.dylib
0x00007ff81dbdb000 	/usr/lib/system/libsystem_c.dylib
0x00007ff828ad2000 	/usr/lib/system/libsystem_collections.dylib
0x00007ff8273ab000 	/usr/lib/system/libsystem_configuration.dylib
0x00007ff826657000 	/usr/lib/system/libsystem_containermanager.dylib
0x00007ff8287b8000 	/usr/lib/system/libsystem_coreservices.dylib
0x00007ff82033a000 	/usr/lib/system/libsystem_darwin.dylib
0x00007ff828add000 	/usr/lib/system/libsystem_dnssd.dylib
0x00007ff81dbd8000 	/usr/lib/system/libsystem_featureflags.dylib
0x00007ff81dd2d000 	/usr/lib/system/libsystem_info.dylib
0x00007ff828a1d000 	/usr/lib/system/libsystem_m.dylib
0x00007ff81db27000 	/usr/lib/system/libsystem_malloc.dylib
0x00007ff822c2c000 	/usr/lib/system/libsystem_networkextension.dylib
0x00007ff820760000 	/usr/lib/system/libsystem_notify.dylib
0x00007ff82ed48000 	/usr/lib/system/libsystem_product_info_filter.dylib
0x00007ff8273af000 	/usr/lib/system/libsystem_sandbox.dylib
0x00007ff828ad7000 	/usr/lib/system/libsystem_secinit.dylib
0x00007ff81dcd3000 	/usr/lib/system/libsystem_kernel.dylib
0x00007ff81dd23000 	/usr/lib/system/libsystem_platform.dylib
0x00007ff81dd0b000 	/usr/lib/system/libsystem_pthread.dylib
0x00007ff8244d9000 	/usr/lib/system/libsystem_symptoms.dylib
0x00007ff81da7c000 	/usr/lib/system/libsystem_trace.dylib
0x00007ff828aad000 	/usr/lib/system/libunwind.dylib
0x00007ff81da40000 	/usr/lib/system/libxpc.dylib
0x00007ff81dcbd000 	/usr/lib/libc++abi.dylib
0x00007ff81db9a000 	/usr/lib/libobjc.A.dylib
0x00007ff828ab8000 	/usr/lib/liboah.dylib
0x00007ff81dc64000 	/usr/lib/libc++.1.dylib
0x00007ff834b45000 	/System/Library/Frameworks/Cocoa.framework/Versions/A/Cocoa
0x00007ff8207be000 	/System/Library/Frameworks/AppKit.framework/Versions/C/AppKit
0x00007ff823cc9000 	/System/Library/Frameworks/CoreData.framework/Versions/A/CoreData
0x00007ff81ebca000 	/System/Library/Frameworks/Foundation.framework/Versions/C/Foundation
0x00007ff82164c000 	/System/Library/PrivateFrameworks/UIFoundation.framework/Versions/A/UIFoundation
0x00007ff82ea4b000 	/System/Library/PrivateFrameworks/RemoteViewServices.framework/Versions/A/RemoteViewServices
0x00007ff826d35000 	/System/Library/PrivateFrameworks/XCTTargetBootstrap.framework/Versions/A/XCTTargetBootstrap
0x00007ff82a8f1000 	/System/Library/PrivateFrameworks/InternationalSupport.framework/Versions/A/InternationalSupport
0x00007ff82a97b000 	/System/Library/PrivateFrameworks/UserActivity.framework/Versions/A/UserActivity
0x00007ff829cd1000 	/usr/lib/libspindump.dylib
0x00007ff8218da000 	/System/Library/Frameworks/UniformTypeIdentifiers.framework/Versions/A/UniformTypeIdentifiers
0x00007ff82545e000 	/usr/lib/libapp_launch_measurement.dylib
0x00007ff824699000 	/System/Library/PrivateFrameworks/CoreAnalytics.framework/Versions/A/CoreAnalytics
0x00007ff825461000 	/System/Library/PrivateFrameworks/CoreAutoLayout.framework/Versions/A/CoreAutoLayout
0x00007ff82668f000 	/System/Library/Frameworks/Metal.framework/Versions/A/Metal
0x00007ff8273bb000 	/usr/lib/liblangid.dylib
0x00007ff826d3a000 	/System/Library/PrivateFrameworks/CoreSVG.framework/Versions/A/CoreSVG
0x00007ff822cc1000 	/System/Library/PrivateFrameworks/SkyLight.framework/Versions/A/SkyLight
0x00007ff82305f000 	/System/Library/Frameworks/CoreGraphics.framework/Versions/A/CoreGraphics
0x00007ff82f10b000 	/System/Library/Frameworks/Accelerate.framework/Versions/A/Accelerate
0x00007ff829750000 	/System/Library/PrivateFrameworks/IconServices.framework/Versions/A/IconServices
0x00007ff826674000 	/System/Library/Frameworks/IOSurface.framework/Versions/A/IOSurface
0x00007ff8246c7000 	/usr/lib/libDiagnosticMessagesClient.dylib
0x00007ff8327ee000 	/System/Library/Frameworks/ApplicationServices.framework/Versions/A/ApplicationServices
0x00007ff826d21000 	/System/Library/PrivateFrameworks/DFRFoundation.framework/Versions/A/DFRFoundation
0x00007ff8200a6000 	/usr/lib/libicucore.A.dylib
0x00007ff82b6e6000 	/System/Library/Frameworks/AudioToolbox.framework/Versions/A/AudioToolbox
0x00007ff82a8fd000 	/System/Library/PrivateFrameworks/DataDetectorsCore.framework/Versions/A/DataDetectorsCore
0x00007ff92688a000 	/System/Library/PrivateFrameworks/TextInput.framework/Versions/A/TextInput
0x00007ff822c44000 	/usr/lib/libMobileGestalt.dylib
0x00007ff826a2d000 	/System/Library/Frameworks/Carbon.framework/Versions/A/Frameworks/HIToolbox.framework/Versions/A/HIToolbox
0x00007ff824e64000 	/System/Library/Frameworks/QuartzCore.framework/Versions/A/QuartzCore
0x00007ff81fd4d000 	/System/Library/Frameworks/Security.framework/Versions/A/Security
0x00007ff82ea83000 	/System/Library/Frameworks/Carbon.framework/Versions/A/Frameworks/SpeechRecognition.framework/Versions/A/SpeechRecognition
0x00007ff8251be000 	/System/Library/PrivateFrameworks/CoreUI.framework/Versions/A/CoreUI
0x00007ff81f619000 	/System/Library/Frameworks/CoreAudio.framework/Versions/A/CoreAudio
0x00007ff8247b6000 	/System/Library/Frameworks/DiskArbitration.framework/Versions/A/DiskArbitration
0x00007ff82a0bf000 	/System/Library/PrivateFrameworks/MultitouchSupport.framework/Versions/A/MultitouchSupport
0x00007ff822c43000 	/usr/lib/libenergytrace.dylib
0x00007ff8206aa000 	/System/Library/Frameworks/IOKit.framework/Versions/A/IOKit
0x00007ff82ee73000 	/System/Library/Frameworks/CoreServices.framework/Versions/A/CoreServices
0x00007ff8253f8000 	/System/Library/PrivateFrameworks/PerformanceAnalysis.framework/Versions/A/PerformanceAnalysis
0x00007ffa35dae000 	/System/Library/Frameworks/OpenGL.framework/Versions/A/OpenGL
0x00007ff828024000 	/System/Library/PrivateFrameworks/MobileKeyBag.framework/Versions/A/MobileKeyBag
0x00007ff82372a000 	/System/Library/Frameworks/ColorSync.framework/Versions/A/ColorSync
0x00007ff81dd58000 	/System/Library/Frameworks/CoreFoundation.framework/Versions/A/CoreFoundation
0x00007ff826fb1000 	/System/Library/Frameworks/CoreImage.framework/Versions/A/CoreImage
0x00007ff81f431000 	/System/Library/Frameworks/CoreText.framework/Versions/A/CoreText
0x00007ff826d6a000 	/System/Library/Frameworks/ImageIO.framework/Versions/A/ImageIO
0x00007ff828af0000 	/System/Library/PrivateFrameworks/SoftLinking.framework/Versions/A/SoftLinking
0x00007ff8254a9000 	/usr/lib/libxml2.2.dylib
0x00007ff828d74000 	/usr/lib/libcompression.dylib
0x00007ff82a824000 	/System/Library/PrivateFrameworks/TextureIO.framework/Versions/A/TextureIO
0x00007ff829462000 	/usr/lib/libate.dylib
0x00007ff82923e000 	/usr/lib/liblzma.5.dylib
0x00007ff81e8dd000 	/System/Library/Frameworks/SystemConfiguration.framework/Versions/A/SystemConfiguration
0x00007ff828aec000 	/usr/lib/libfakelink.dylib
0x00007ff82279d000 	/System/Library/Frameworks/CFNetwork.framework/Versions/A/CFNetwork
0x00007ff828c2d000 	/usr/lib/libarchive.2.dylib
0x00007ff8273b7000 	/System/Library/PrivateFrameworks/AppleSystemInfo.framework/Versions/A/AppleSystemInfo
0x00007ff828125000 	/usr/lib/libbsm.0.dylib
0x00007ff821db0000 	/usr/lib/libnetwork.dylib
0x00007ff828a85000 	/usr/lib/system/libkxld.dylib
0x00007ff827d51000 	/System/Library/PrivateFrameworks/IOMobileFramebuffer.framework/Versions/A/IOMobileFramebuffer
0x00007ffb352b5000 	/usr/lib/libCoreEntitlements.dylib
0x00007ff82879a000 	/System/Library/PrivateFrameworks/AppleFSCompression.framework/Versions/A/AppleFSCompression
0x00007ff82810d000 	/usr/lib/libcoretls.dylib
0x00007ff829258000 	/usr/lib/libcoretls_cfhelpers.dylib
0x00007ff828d6f000 	/usr/lib/libpam.2.dylib
0x00007ff8240f9000 	/usr/lib/libsqlite3.dylib
0x00007ff8292c7000 	/usr/lib/libxar.1.dylib
0x00007ff8287aa000 	/usr/lib/libbz2.1.0.dylib
0x00007ff828af1000 	/usr/lib/libpcap.A.dylib
0x00007ff8244d1000 	/usr/lib/libdns_services.dylib
0x00007ff828d3f000 	/usr/lib/libapple_nghttp2.dylib
0x00007ff828b2b000 	/usr/lib/libiconv.2.dylib
0x00007ff828a7e000 	/usr/lib/libcharset.1.dylib
0x00007ff82542c000 	/System/Library/Frameworks/CoreServices.framework/Versions/A/Frameworks/FSEvents.framework/Versions/A/FSEvents
0x00007ff820344000 	/System/Library/Frameworks/CoreServices.framework/Versions/A/Frameworks/CarbonCore.framework/Versions/A/CarbonCore
0x00007ff82471a000 	/System/Library/Frameworks/CoreServices.framework/Versions/A/Frameworks/Metadata.framework/Versions/A/Metadata
0x00007ff8287bd000 	/System/Library/Frameworks/CoreServices.framework/Versions/A/Frameworks/OSServices.framework/Versions/A/OSServices
0x00007ff828cb4000 	/System/Library/Frameworks/CoreServices.framework/Versions/A/Frameworks/SearchKit.framework/Versions/A/SearchKit
0x00007ff824464000 	/System/Library/Frameworks/CoreServices.framework/Versions/A/Frameworks/AE.framework/Versions/A/AE
0x00007ff81e25a000 	/System/Library/Frameworks/CoreServices.framework/Versions/A/Frameworks/LaunchServices.framework/Versions/A/LaunchServices
0x00007ff8291ef000 	/System/Library/Frameworks/CoreServices.framework/Versions/A/Frameworks/DictionaryServices.framework/Versions/A/DictionaryServices
0x00007ff825439000 	/System/Library/Frameworks/CoreServices.framework/Versions/A/Frameworks/SharedFileList.framework/Versions/A/SharedFileList
0x00007ff828101000 	/usr/lib/libCheckFix.dylib
0x00007ff822ca8000 	/System/Library/PrivateFrameworks/TCC.framework/Versions/A/TCC
0x00007ff8273bd000 	/System/Library/PrivateFrameworks/CoreNLP.framework/Versions/A/CoreNLP
0x00007ff8246ca000 	/System/Library/PrivateFrameworks/MetadataUtilities.framework/Versions/A/MetadataUtilities
0x00007ff81e98d000 	/usr/lib/libmecabra.dylib
0x00007ff828135000 	/usr/lib/libmecab.dylib
0x00007ff81e958000 	/usr/lib/libCRFSuite.dylib
0x00007ff82818f000 	/usr/lib/libgermantok.dylib
0x00007ff828d1a000 	/usr/lib/libThaiTokenizer.dylib
0x00007ff8247bd000 	/System/Library/Frameworks/Accelerate.framework/Versions/A/Frameworks/vImage.framework/Versions/A/vImage
0x00007ff82ee4a000 	/System/Library/Frameworks/Accelerate.framework/Versions/A/Frameworks/vecLib.framework/Versions/A/vecLib
0x00007ff829308000 	/System/Library/Frameworks/Accelerate.framework/Versions/A/Frameworks/vecLib.framework/Versions/A/libvMisc.dylib
0x00007ff827b7c000 	/System/Library/Frameworks/Accelerate.framework/Versions/A/Frameworks/vecLib.framework/Versions/A/libvDSP.dylib
0x00007ff81e5d4000 	/System/Library/Frameworks/Accelerate.framework/Versions/A/Frameworks/vecLib.framework/Versions/A/libBLAS.dylib
0x00007ff828e51000 	/System/Library/Frameworks/Accelerate.framework/Versions/A/Frameworks/vecLib.framework/Versions/A/libLAPACK.dylib
0x00007ff828192000 	/System/Library/Frameworks/Accelerate.framework/Versions/A/Frameworks/vecLib.framework/Versions/A/libLinearAlgebra.dylib
0x00007ff828d57000 	/System/Library/Frameworks/Accelerate.framework/Versions/A/Frameworks/vecLib.framework/Versions/A/libSparseBLAS.dylib
0x00007ff828e4b000 	/System/Library/Frameworks/Accelerate.framework/Versions/A/Frameworks/vecLib.framework/Versions/A/libQuadrature.dylib
0x00007ff8274a8000 	/System/Library/Frameworks/Accelerate.framework/Versions/A/Frameworks/vecLib.framework/Versions/A/libBNNS.dylib
0x00007ff81e86e000 	/System/Library/Frameworks/Accelerate.framework/Versions/A/Frameworks/vecLib.framework/Versions/A/libSparse.dylib
0x00007ff8274a1000 	/System/Library/PrivateFrameworks/LinguisticData.framework/Versions/A/LinguisticData
0x00007ff81e824000 	/System/Library/PrivateFrameworks/Lexicon.framework/Versions/A/Lexicon
0x00007ff829301000 	/usr/lib/libChineseTokenizer.dylib
0x00007ff81ef86000 	/System/Library/PrivateFrameworks/LanguageModeling.framework/Versions/A/LanguageModeling
0x00007ff828d1c000 	/System/Library/PrivateFrameworks/AppleSauce.framework/Versions/A/AppleSauce
0x00007ff827d3f000 	/System/Library/PrivateFrameworks/CoreEmoji.framework/Versions/A/CoreEmoji
0x00007ff828c1c000 	/usr/lib/libcmph.dylib
0x00007ff825410000 	/System/Library/Frameworks/OpenDirectory.framework/Versions/A/Frameworks/CFOpenDirectory.framework/Versions/A/CFOpenDirectory
0x00007ff825404000 	/System/Library/Frameworks/OpenDirectory.framework/Versions/A/OpenDirectory
0x00007ff82925a000 	/System/Library/PrivateFrameworks/APFS.framework/Versions/A/APFS
0x00007ff82805c000 	/System/Library/Frameworks/SecurityFoundation.framework/Versions/A/SecurityFoundation
0x00007ff8292d5000 	/usr/lib/libutil.dylib
0x00007ff82066e000 	/System/Library/PrivateFrameworks/CoreServicesStore.framework/Versions/A/CoreServicesStore
0x00007ff8292d9000 	/usr/lib/libxslt.1.dylib
0x00007ff8280e9000 	/System/Library/PrivateFrameworks/BackgroundTaskManagement.framework/Versions/A/BackgroundTaskManagement
0x00007ff82a744000 	/System/Library/Frameworks/ImageIO.framework/Versions/A/Resources/libRadiance.dylib
0x00007ff82a74d000 	/System/Library/Frameworks/ImageIO.framework/Versions/A/Resources/libJPEG.dylib
0x00007ff82a69e000 	/System/Library/Frameworks/ImageIO.framework/Versions/A/Resources/libPng.dylib
0x00007ff82a6bf000 	/System/Library/Frameworks/ImageIO.framework/Versions/A/Resources/libTIFF.dylib
0x00007ff82a7ad000 	/System/Library/Frameworks/ImageIO.framework/Versions/A/Resources/libGIF.dylib
0x00007ff829fd9000 	/System/Library/Frameworks/ImageIO.framework/Versions/A/Resources/libJP2.dylib
0x00007ff829717000 	/usr/lib/libexpat.1.dylib
0x00007ff829f8e000 	/System/Library/PrivateFrameworks/AppleJPEG.framework/Versions/A/AppleJPEG
0x00007ff8268f1000 	/System/Library/PrivateFrameworks/FontServices.framework/libFontParser.dylib
0x00007ff82440e000 	/System/Library/PrivateFrameworks/RunningBoardServices.framework/Versions/A/RunningBoardServices
0x00007ff8350fd000 	/System/Library/PrivateFrameworks/IOSurfaceAccelerator.framework/Versions/A/IOSurfaceAccelerator
0x00007ff82a0bb000 	/System/Library/PrivateFrameworks/WatchdogClient.framework/Versions/A/WatchdogClient
0x00007ff81f074000 	/System/Library/Frameworks/CoreDisplay.framework/Versions/A/CoreDisplay
0x00007ff8267ef000 	/System/Library/Frameworks/CoreMedia.framework/Versions/A/CoreMedia
0x00007ff826686000 	/System/Library/PrivateFrameworks/IOAccelerator.framework/Versions/A/IOAccelerator
0x00007ff82558d000 	/System/Library/Frameworks/CoreVideo.framework/Versions/A/CoreVideo
0x00007ff828d6d000 	/System/Library/Frameworks/MetalPerformanceShaders.framework/Versions/A/MetalPerformanceShaders
0x00007ff82a0f8000 	/System/Library/Frameworks/VideoToolbox.framework/Versions/A/VideoToolbox
0x00007ff824358000 	/System/Library/PrivateFrameworks/BaseBoard.framework/Versions/A/BaseBoard
0x00007ff8240df000 	/System/Library/PrivateFrameworks/ProtocolBuffer.framework/Versions/A/ProtocolBuffer
0x00007ff82a73d000 	/System/Library/PrivateFrameworks/GPUWrangler.framework/Versions/A/GPUWrangler
0x00007ff82a721000 	/System/Library/PrivateFrameworks/IOPresentment.framework/Versions/A/IOPresentment
0x00007ff82a747000 	/System/Library/PrivateFrameworks/DSExternalDisplay.framework/Versions/A/DSExternalDisplay
0x00007ffa35da2000 	/System/Library/Frameworks/OpenGL.framework/Versions/A/Libraries/libCoreFSCache.dylib
0x00007ffb22a5e000 	/System/Library/PrivateFrameworks/GPUCompiler.framework/Versions/31001/Libraries/libGPUCompilerUtils.dylib
0x00007ff82a7b2000 	/System/Library/PrivateFrameworks/CMCaptureCore.framework/Versions/A/CMCaptureCore
0x00007ff829cbf000 	/System/Library/PrivateFrameworks/AppServerSupport.framework/Versions/A/AppServerSupport
0x00007ff82bf7e000 	/System/Library/PrivateFrameworks/perfdata.framework/Versions/A/perfdata
0x00007ff81f1a0000 	/System/Library/PrivateFrameworks/AudioToolboxCore.framework/Versions/A/AudioToolboxCore
0x00007ff8267cd000 	/System/Library/PrivateFrameworks/caulk.framework/Versions/A/caulk
0x00007ff82b890000 	/usr/lib/libAudioStatistics.dylib
0x00007ff923038000 	/System/Library/PrivateFrameworks/SystemPolicy.framework/Versions/A/SystemPolicy
0x00007ff82baeb000 	/usr/lib/libSMC.dylib
0x00007ff8349f8000 	/System/Library/Frameworks/CoreMIDI.framework/Versions/A/CoreMIDI
0x00007ff82a66d000 	/usr/lib/libAudioToolboxUtility.dylib
0x00007ff91f2db000 	/System/Library/PrivateFrameworks/OSAServicesClient.framework/Versions/A/OSAServicesClient
0x00007ff82bf8b000 	/usr/lib/libperfcheck.dylib
0x00007ff923ae2000 	/usr/lib/libmis.dylib
0x00007ffa35dfd000 	/System/Library/Frameworks/OpenGL.framework/Versions/A/Libraries/libGLU.dylib
0x00007ffa35dc1000 	/System/Library/Frameworks/OpenGL.framework/Versions/A/Libraries/libGFXShared.dylib
0x00007ffa35fca000 	/System/Library/Frameworks/OpenGL.framework/Versions/A/Libraries/libGL.dylib
0x00007ffa35dca000 	/System/Library/Frameworks/OpenGL.framework/Versions/A/Libraries/libGLImage.dylib
0x00007ffa35dbe000 	/System/Library/Frameworks/OpenGL.framework/Versions/A/Libraries/libCVMSPluginSupport.dylib
0x00007ffa35da9000 	/System/Library/Frameworks/OpenGL.framework/Versions/A/Libraries/libCoreVMClient.dylib
0x00007ff827339000 	/System/Library/Frameworks/MetalPerformanceShaders.framework/Versions/A/Frameworks/MPSCore.framework/Versions/A/MPSCore
0x00007ff828705000 	/System/Library/Frameworks/MetalPerformanceShaders.framework/Versions/A/Frameworks/MPSImage.framework/Versions/A/MPSImage
0x00007ff8281a8000 	/System/Library/Frameworks/MetalPerformanceShaders.framework/Versions/A/Frameworks/MPSNeuralNetwork.framework/Versions/A/MPSNeuralNetwork
0x00007ff82861c000 	/System/Library/Frameworks/MetalPerformanceShaders.framework/Versions/A/Frameworks/MPSMatrix.framework/Versions/A/MPSMatrix
0x00007ff8283d7000 	/System/Library/Frameworks/MetalPerformanceShaders.framework/Versions/A/Frameworks/MPSRayIntersector.framework/Versions/A/MPSRayIntersector
0x00007ff828654000 	/System/Library/Frameworks/MetalPerformanceShaders.framework/Versions/A/Frameworks/MPSNDArray.framework/Versions/A/MPSNDArray
0x00007ffa3ad2a000 	/System/Library/Frameworks/MetalPerformanceShaders.framework/Versions/A/Frameworks/MPSFunctions.framework/Versions/A/MPSFunctions
0x00007ff81e4b1000 	/System/Library/PrivateFrameworks/MetalTools.framework/Versions/A/MetalTools
0x00007ff8273b5000 	/System/Library/PrivateFrameworks/AggregateDictionary.framework/Versions/A/AggregateDictionary
0x00007ff8294f9000 	/usr/lib/libIOReport.dylib
0x00007ffa373d9000 	/System/Library/Frameworks/OpenCL.framework/Versions/A/OpenCL
0x00007ff82985d000 	/System/Library/PrivateFrameworks/FaceCore.framework/Versions/A/FaceCore
0x00007ff82984e000 	/System/Library/PrivateFrameworks/GraphVisualizer.framework/Versions/A/GraphVisualizer
0x00007ffb22969000 	/System/Library/PrivateFrameworks/FontServices.framework/Versions/A/FontServices
0x00007ff829c77000 	/System/Library/PrivateFrameworks/OTSVG.framework/Versions/A/OTSVG
0x00007ff825174000 	/System/Library/Frameworks/ApplicationServices.framework/Versions/A/Frameworks/ATS.framework/Versions/A/Resources/libFontRegistry.dylib
0x00007ff829cc7000 	/System/Library/PrivateFrameworks/FontServices.framework/libhvf.dylib
0x00007ffb2296a000 	/System/Library/PrivateFrameworks/FontServices.framework/libXTFontStaticRegistryData.dylib
0x00007ff8296c7000 	/System/Library/PrivateFrameworks/AppleVA.framework/Versions/A/AppleVA
0x00007ff82b8b0000 	/System/Library/Frameworks/ApplicationServices.framework/Versions/A/Frameworks/ATS.framework/Versions/A/ATS
0x00007ff823826000 	/System/Library/Frameworks/ApplicationServices.framework/Versions/A/Frameworks/HIServices.framework/Versions/A/HIServices
0x00007ff82a7bc000 	/System/Library/Frameworks/ApplicationServices.framework/Versions/A/Frameworks/PrintCore.framework/Versions/A/PrintCore
0x00007ff82bc3e000 	/System/Library/Frameworks/ApplicationServices.framework/Versions/A/Frameworks/QD.framework/Versions/A/QD
0x00007ff82bc36000 	/System/Library/Frameworks/ApplicationServices.framework/Versions/A/Frameworks/ColorSyncLegacy.framework/Versions/A/ColorSyncLegacy
0x00007ff82b8a0000 	/System/Library/Frameworks/ApplicationServices.framework/Versions/A/Frameworks/SpeechSynthesis.framework/Versions/A/SpeechSynthesis
0x00007ff82a77d000 	/System/Library/Frameworks/ApplicationServices.framework/Versions/A/Frameworks/ATSUI.framework/Versions/A/ATSUI
0x00007ff82bbcb000 	/usr/lib/libcups.2.dylib
0x00007ff82bf9a000 	/System/Library/Frameworks/Kerberos.framework/Versions/A/Kerberos
0x00007ff82bfa9000 	/System/Library/Frameworks/GSS.framework/Versions/A/GSS
0x00007ff82b91c000 	/usr/lib/libresolv.9.dylib
0x00007ff829cd6000 	/System/Library/PrivateFrameworks/Heimdal.framework/Versions/A/Heimdal
0x00007ff832b76000 	/System/Library/Frameworks/Kerberos.framework/Versions/A/Libraries/libHeimdalProxy.dylib
0x00007ff8244e1000 	/System/Library/Frameworks/Network.framework/Versions/A/Network
0x00007ff829731000 	/usr/lib/libheimdal-asn1.dylib
0x00007ff82bff4000 	/System/Library/PrivateFrameworks/CommonAuth.framework/Versions/A/CommonAuth
0x00007ff82b822000 	/System/Library/PrivateFrameworks/AudioSession.framework/Versions/A/AudioSession
0x00007ff8297c1000 	/System/Library/PrivateFrameworks/MediaExperience.framework/Versions/A/MediaExperience
0x00007ff82b6b5000 	/System/Library/PrivateFrameworks/AudioSession.framework/libSessionUtility.dylib
0x00007ff82bc4a000 	/System/Library/PrivateFrameworks/AudioResourceArbitration.framework/Versions/A/AudioResourceArbitration
0x00007ff82fcbd000 	/System/Library/PrivateFrameworks/PowerLog.framework/Versions/A/PowerLog
0x00007ff82973a000 	/System/Library/PrivateFrameworks/IconFoundation.framework/Versions/A/IconFoundation
0x00007ff82ea73000 	/System/Library/PrivateFrameworks/SpeechRecognitionCore.framework/Versions/A/SpeechRecognitionCore
0x0000000102977000 	/Library/Java/JavaVirtualMachines/jdk-15.0.2.jdk/Contents/Home/lib/server/libjvm.dylib
0x0000000101a45000 	/Library/Java/JavaVirtualMachines/jdk-15.0.2.jdk/Contents/Home/lib/libjimage.dylib
0x0000000101a61000 	/Library/Java/JavaVirtualMachines/jdk-15.0.2.jdk/Contents/Home/lib/libinstrument.dylib
0x0000000101a9c000 	/Library/Java/JavaVirtualMachines/jdk-15.0.2.jdk/Contents/Home/lib/libjava.dylib
0x0000000102922000 	/Library/Java/JavaVirtualMachines/jdk-15.0.2.jdk/Contents/Home/lib/libnio.dylib
0x0000000102936000 	/Library/Java/JavaVirtualMachines/jdk-15.0.2.jdk/Contents/Home/lib/libnet.dylib
0x000000010294f000 	/Library/Java/JavaVirtualMachines/jdk-15.0.2.jdk/Contents/Home/lib/libzip.dylib
0x000000010295d000 	/Users/mac/.openjfx/cache/17.0.2-ea/libprism_es2.dylib
0x00007ff820630000 	/System/Library/PrivateFrameworks/CoreServicesInternal.framework/Versions/A/CoreServicesInternal
0x00007ffa35fd5000 	/System/Library/Frameworks/OpenGL.framework/Versions/A/Resources/GLEngine.bundle/GLEngine
0x00007ffa35e3b000 	/System/Library/Frameworks/OpenGL.framework/Versions/A/Libraries/libGLProgrammability.dylib
0x00007ffa2e7a9000 	/System/Library/Extensions/AppleIntelBDWGraphicsGLDriver.bundle/Contents/MacOS/AppleIntelBDWGraphicsGLDriver
0x00007ff92dc1c000 	/System/Library/PrivateFrameworks/GPUSupport.framework/Versions/A/Libraries/libGPUSupportMercury.dylib
0x00007ffa3615f000 	/System/Library/Frameworks/OpenGL.framework/Versions/A/Resources/GLRendererFloat.bundle/GLRendererFloat
0x0000000123c04000 	/Users/mac/.openjfx/cache/17.0.2-ea/libglass.dylib
0x00007ff8302ae000 	/System/Library/Frameworks/FileProvider.framework/Versions/A/FileProvider
0x00007ff8242c5000 	/System/Library/Frameworks/Accounts.framework/Versions/A/Accounts
0x00007ff830427000 	/System/Library/PrivateFrameworks/GenerationalStorage.framework/Versions/A/GenerationalStorage
0x00007ff830f3a000 	/System/Library/PrivateFrameworks/CoreSymbolication.framework/Versions/A/CoreSymbolication
0x00007ff82fcb2000 	/System/Library/PrivateFrameworks/SymptomDiagnosticReporter.framework/Versions/A/SymptomDiagnosticReporter
0x00007ff8218ee000 	/System/Library/PrivateFrameworks/DesktopServicesPriv.framework/Versions/A/DesktopServicesPriv
0x00007ff82076f000 	/usr/lib/libsandbox.1.dylib
0x00007ff82560c000 	/System/Library/PrivateFrameworks/UserManagement.framework/Versions/A/UserManagement
0x00007ff830eff000 	/System/Library/PrivateFrameworks/DebugSymbols.framework/Versions/A/DebugSymbols
0x00007ff82bc2b000 	/System/Library/PrivateFrameworks/NetAuth.framework/Versions/A/NetAuth
0x00007ff82cb38000 	/System/Library/PrivateFrameworks/Sharing.framework/Versions/A/Sharing
0x00007ff8255df000 	/System/Library/PrivateFrameworks/login.framework/Versions/A/Frameworks/loginsupport.framework/Versions/A/loginsupport
0x00007ff83209d000 	/System/Library/PrivateFrameworks/Apple80211.framework/Versions/A/Apple80211
0x00007ff8287ea000 	/System/Library/PrivateFrameworks/AuthKit.framework/Versions/A/AuthKit
0x00007ff827e35000 	/System/Library/PrivateFrameworks/CoreUtils.framework/Versions/A/CoreUtils
0x00007ff827d5c000 	/System/Library/Frameworks/CoreWLAN.framework/Versions/A/CoreWLAN
0x00007ff82cc97000 	/System/Library/Frameworks/IOBluetooth.framework/Versions/A/IOBluetooth
0x00007ff832105000 	/System/Library/PrivateFrameworks/CoreWiFi.framework/Versions/A/CoreWiFi
0x00007ff830ad1000 	/System/Library/PrivateFrameworks/FrontBoardServices.framework/Versions/A/FrontBoardServices
0x00007ff830b62000 	/System/Library/PrivateFrameworks/BoardServices.framework/Versions/A/BoardServices
0x00007ff82804b000 	/System/Library/PrivateFrameworks/AssertionServices.framework/Versions/A/AssertionServices
0x00007ff832288000 	/System/Library/PrivateFrameworks/BackBoardServices.framework/Versions/A/BackBoardServices
0x00007ff82c085000 	/System/Library/PrivateFrameworks/CorePhoneNumbers.framework/Versions/A/CorePhoneNumbers
0x00007ff82fdcf000 	/System/Library/PrivateFrameworks/DiskManagement.framework/Versions/A/DiskManagement
0x00007ff82fce3000 	/System/Library/PrivateFrameworks/AppleIDAuthSupport.framework/Versions/A/AppleIDAuthSupport
0x00007ffa3d2eb000 	/System/Library/PrivateFrameworks/AAAFoundation.framework/Versions/A/AAAFoundation
0x00007ff82c066000 	/System/Library/PrivateFrameworks/KeychainCircle.framework/Versions/A/KeychainCircle
0x00007ff82fd9b000 	/System/Library/PrivateFrameworks/MediaKit.framework/Versions/A/MediaKit
0x00007ff82fcef000 	/System/Library/Frameworks/DiscRecording.framework/Versions/A/DiscRecording
0x00007ff82963f000 	/usr/lib/libCoreStorage.dylib
0x00007ff832576000 	/usr/lib/libcsfde.dylib
0x00007ff82cd64000 	/System/Library/PrivateFrameworks/ProtectedCloudStorage.framework/Versions/A/ProtectedCloudStorage
0x00007ff832572000 	/System/Library/PrivateFrameworks/EFILogin.framework/Versions/A/EFILogin
0x00007ff83044d000 	/System/Library/PrivateFrameworks/OctagonTrust.framework/Versions/A/OctagonTrust
0x00007ffb21bd8000 	/System/Library/PrivateFrameworks/CoreUtilsExtras.framework/Versions/A/CoreUtilsExtras
0x00007ff82fc16000 	/System/Library/Frameworks/CoreBluetooth.framework/Versions/A/CoreBluetooth
0x00007ff832bfb000 	/System/Library/Frameworks/AudioUnit.framework/Versions/A/AudioUnit
0x00007ff829637000 	/usr/lib/libMatch.1.dylib
0x00007ff9280bb000 	/System/Library/Frameworks/Accelerate.framework/Versions/A/Frameworks/vImage.framework/Versions/A/Libraries/libCGInterfaces.dylib
0x0000000124dcf000 	/usr/lib/libobjc-trampolines.dylib
0x00007ff825304000 	/System/Library/PrivateFrameworks/ViewBridge.framework/Versions/A/ViewBridge
0x0000000127949000 	/Users/mac/.openjfx/cache/17.0.2-ea/libjavafx_font.dylib
0x000000012793e000 	/Library/Java/JavaVirtualMachines/jdk-15.0.2.jdk/Contents/Home/lib/libmanagement.dylib
0x0000000127be7000 	/Library/Java/JavaVirtualMachines/jdk-15.0.2.jdk/Contents/Home/lib/libmanagement_ext.dylib
0x00007ff829d8d000 	/System/Library/PrivateFrameworks/login.framework/Versions/A/login


VM Arguments:
jvm_args: -javaagent:/Applications/IntelliJ IDEA CE.app/Contents/lib/idea_rt.jar=54533:/Applications/IntelliJ IDEA CE.app/Contents/bin -Dfile.encoding=UTF-8 --module-path=/Users/mac/.m2/repository/org/openjfx/javafx-fxml/17.0.2/javafx-fxml-17.0.2-mac.jar:/Users/mac/.m2/repository/org/openjfx/javafx-controls/17.0.2/javafx-controls-17.0.2-mac.jar:/Users/mac/.m2/repository/de/jensd/fontawesomefx-commons/9.1.2/fontawesomefx-commons-9.1.2.jar:/Users/mac/.m2/repository/org/openjfx/javafx-base/17.0.2/javafx-base-17.0.2-mac.jar:/Users/mac/.m2/repository/org/kordamp/bootstrapfx/bootstrapfx-core/0.4.0/bootstrapfx-core-0.4.0.jar:/Users/mac/.m2/repository/de/jensd/fontawesomefx-fontawesome/4.7.0-9.1.2/fontawesomefx-fontawesome-4.7.0-9.1.2.jar:/Users/mac/eclipse-workspace/java2/javafx/javafx-login/target/classes:/Users/mac/.m2/repository/org/mindrot/jbcrypt/0.4/jbcrypt-0.4.jar:/Users/mac/.m2/repository/org/openjfx/javafx-graphics/17.0.2/javafx-graphics-17.0.2-mac.jar:/Users/mac/.m2/repository/org/controlsfx/controlsfx/11.1.2/controlsfx-11.1.2.jar -Djdk.module.main=com.example.javafxlogin 
java_command: com.example.javafxlogin/com.example.javafxlogin.HelloApplication
java_class_path (initial): /Users/mac/.m2/repository/org/openjfx/javafx-controls/17.0.2/javafx-controls-17.0.2.jar:/Users/mac/.m2/repository/org/openjfx/javafx-graphics/17.0.2/javafx-graphics-17.0.2.jar:/Users/mac/.m2/repository/org/openjfx/javafx-base/17.0.2/javafx-base-17.0.2.jar:/Users/mac/.m2/repository/org/openjfx/javafx-fxml/17.0.2/javafx-fxml-17.0.2.jar:/Users/mac/.m2/repository/org/postgresql/postgresql/42.6.0/postgresql-42.6.0.jar:/Users/mac/.m2/repository/org/checkerframework/checker-qual/3.31.0/checker-qual-3.31.0.jar
Launcher Type: SUN_STANDARD

[Global flags]
     intx CICompilerCount                          = 3                                         {product} {ergonomic}
     uint ConcGCThreads                            = 1                                         {product} {ergonomic}
     uint G1ConcRefinementThreads                  = 4                                         {product} {ergonomic}
   size_t G1HeapRegionSize                         = 1048576                                   {product} {ergonomic}
    uintx GCDrainStackTargetSize                   = 64                                        {product} {ergonomic}
   size_t InitialHeapSize                          = 134217728                                 {product} {ergonomic}
   size_t MarkStackSize                            = 4194304                                   {product} {ergonomic}
   size_t MaxHeapSize                              = 2147483648                                {product} {ergonomic}
   size_t MaxNewSize                               = 1287651328                                {product} {ergonomic}
   size_t MinHeapDeltaBytes                        = 1048576                                   {product} {ergonomic}
   size_t MinHeapSize                              = 8388608                                   {product} {ergonomic}
    uintx NonNMethodCodeHeapSize                   = 5832780                                {pd product} {ergonomic}
    uintx NonProfiledCodeHeapSize                  = 122912730                              {pd product} {ergonomic}
    uintx ProfiledCodeHeapSize                     = 122912730                              {pd product} {ergonomic}
    uintx ReservedCodeCacheSize                    = 251658240                              {pd product} {ergonomic}
     bool SegmentedCodeCache                       = true                                      {product} {ergonomic}
   size_t SoftMaxHeapSize                          = 2147483648                             {manageable} {ergonomic}
     bool UseCompressedClassPointers               = true                                 {lp64_product} {ergonomic}
     bool UseCompressedOops                        = true                                 {lp64_product} {ergonomic}
     bool UseG1GC                                  = true                                      {product} {ergonomic}
     bool UseNUMA                                  = false                                     {product} {ergonomic}
     bool UseNUMAInterleaving                      = false                                     {product} {ergonomic}

Logging:
Log output configuration:
 #0: stdout all=warning uptime,level,tags
 #1: stderr all=off uptime,level,tags

Environment Variables:
PATH=/usr/local/mysql/bin:/usr/local/opt/php@8.1/sbin:/usr/local/opt/php@8.1/bin:/usr/local/opt/php@8.0/bin:/Users/mac/.composer/vendor/bin:/usr/local/bin:/usr/bin:/bin:/usr/sbin:/sbin
SHELL=/bin/zsh
LC_CTYPE=en_US.UTF-8

Signal Handlers:
SIGSEGV: [libjvm.dylib+0x9ff2f0], sa_mask[0]=11111111011111110111111111111111, sa_flags=SA_ONSTACK|SA_RESTART|SA_SIGINFO
SIGBUS: [libjvm.dylib+0x9ff2f0], sa_mask[0]=11111111011111110111111111111111, sa_flags=SA_RESTART|SA_SIGINFO
SIGFPE: [libjvm.dylib+0x9ff2f0], sa_mask[0]=11111111011111110111111111111111, sa_flags=SA_RESTART|SA_SIGINFO
SIGPIPE: [libjvm.dylib+0x82ae30], sa_mask[0]=11111111011111110111111111111111, sa_flags=SA_RESTART|SA_SIGINFO
SIGXFSZ: [libjvm.dylib+0x82ae30], sa_mask[0]=11111111011111110111111111111111, sa_flags=SA_RESTART|SA_SIGINFO
SIGILL: [libjvm.dylib+0x9ff2f0], sa_mask[0]=11111111011111110111111111111111, sa_flags=SA_RESTART|SA_SIGINFO
SIGUSR2: [libjvm.dylib+0x82b940], sa_mask[0]=00100000000000000000000000000000, sa_flags=SA_RESTART|SA_SIGINFO
SIGHUP: [libjvm.dylib+0x82a040], sa_mask[0]=11111111011111110111111111111111, sa_flags=SA_RESTART|SA_SIGINFO
SIGINT: [libjvm.dylib+0x82a040], sa_mask[0]=11111111011111110111111111111111, sa_flags=SA_RESTART|SA_SIGINFO
SIGTERM: [libjvm.dylib+0x82a040], sa_mask[0]=11111111011111110111111111111111, sa_flags=SA_RESTART|SA_SIGINFO
SIGQUIT: [libjvm.dylib+0x82a040], sa_mask[0]=11111111011111110111111111111111, sa_flags=SA_RESTART|SA_SIGINFO


---------------  S Y S T E M  ---------------

OS:uname: Darwin 21.4.0 Darwin Kernel Version 21.4.0: Mon Feb 21 20:34:37 PST 2022; root:xnu-8020.101.4~2/RELEASE_X86_64 x86_64
OS uptime: 7 days 0:45 hours
rlimit (soft/hard): STACK 8192k/65532k , CORE 0k/infinity , NPROC 1392/2088 , NOFILE 10240/infinity , AS infinity/infinity , CPU infinity/infinity , DATA infinity/infinity , FSIZE infinity/infinity , MEMLOCK infinity/infinity , RSS infinity/infinity
load average: 6.59 6.65 6.05

CPU: total 4 (initial active 4) (2 cores per cpu, 2 threads per core) family 6 model 61 stepping 4 microcode 0x2f, cmov, cx8, fxsr, mmx, sse, sse2, sse3, ssse3, sse4.1, sse4.2, popcnt, vzeroupper, avx, avx2, aes, clmul, erms, rtm, 3dnowpref, lzcnt, ht, tsc, tscinvbit, bmi1, bmi2, adx, fma, clflush

Memory: 4k page, physical 8388608k(31708k free), swap 4194304k(418816k free)

vm_info: Java HotSpot(TM) 64-Bit Server VM (15.0.2+7-27) for bsd-amd64 JRE (15.0.2+7-27), built on Dec  7 2020 20:08:32 by "mach5one" with clang 4.2.1 Compatible Apple LLVM 10.0.0 (clang-1000.11.45.5)

END.
