#
# A fatal error has been detected by the Java Runtime Environment:
#
#  SIGBUS (0xa) at pc=0x000000011921de9e, pid=34966, tid=259
#
# JRE version: Java(TM) SE Runtime Environment (15.0.2+7) (build 15.0.2+7-27)
# Java VM: Java HotSpot(TM) 64-Bit Server VM (15.0.2+7-27, mixed mode, sharing, tiered, compressed oops, g1 gc, bsd-amd64)
# Problematic frame:
# j  java.util.concurrent.ConcurrentHashMap.transfer([Ljava/util/concurrent/ConcurrentHashMap$Node;[Ljava/util/concurrent/ConcurrentHashMap$Node;)V+292 java.base@15.0.2
#
# No core dump will be written. Core dumps have been disabled. To enable core dumping, try "ulimit -c unlimited" before starting Java again
#
# If you would like to submit a bug report, please visit:
#   https://bugreport.java.com/bugreport/crash.jsp
#

---------------  S U M M A R Y ------------

Command Line: -javaagent:/Applications/IntelliJ IDEA CE.app/Contents/lib/idea_rt.jar=52929:/Applications/IntelliJ IDEA CE.app/Contents/bin -Dfile.encoding=UTF-8 --module-path=/Users/mac/.m2/repository/org/openjfx/javafx-base/17.0.2/javafx-base-17.0.2-mac.jar:/Users/mac/.m2/repository/org/kordamp/bootstrapfx/bootstrapfx-core/0.4.0/bootstrapfx-core-0.4.0.jar:/Users/mac/.m2/repository/org/openjfx/javafx-fxml/17.0.2/javafx-fxml-17.0.2-mac.jar:/Users/mac/.m2/repository/org/controlsfx/controlsfx/11.1.2/controlsfx-11.1.2.jar:/Users/mac/eclipse-workspace/java2/javafx/javafx-login/target/classes:/Users/mac/.m2/repository/org/mindrot/jbcrypt/0.4/jbcrypt-0.4.jar:/Users/mac/.m2/repository/org/openjfx/javafx-graphics/17.0.2/javafx-graphics-17.0.2-mac.jar:/Users/mac/.m2/repository/org/openjfx/javafx-controls/17.0.2/javafx-controls-17.0.2-mac.jar -Djdk.module.main=com.example.javafxlogin com.example.javafxlogin/com.example.javafxlogin.HelloApplication

Host: MacBookAir7,2 x86_64 2200 MHz, 4 cores, 8G, Darwin 21.4.0
Time: Sat Jun 17 20:01:27 2023 +07 elapsed time: 2.429628 seconds (0d 0h 0m 2s)

---------------  T H R E A D  ---------------

Current thread (0x00007f7d13a08400):  JavaThread "JavaFX Application Thread" [_thread_in_Java, id=259, stack(0x00007ff7b478e000,0x00007ff7b4f8e000)]

Stack: [0x00007ff7b478e000,0x00007ff7b4f8e000],  sp=0x00007ff7b4f84920,  free space=8154k
Native frames: (J=compiled Java code, A=aot compiled Java code, j=interpreted, Vv=VM code, C=native code)
j  java.util.concurrent.ConcurrentHashMap.transfer([Ljava/util/concurrent/ConcurrentHashMap$Node;[Ljava/util/concurrent/ConcurrentHashMap$Node;)V+292 java.base@15.0.2
J 964 c2 java.util.concurrent.ConcurrentHashMap.putVal(Ljava/lang/Object;Ljava/lang/Object;Z)Ljava/lang/Object; java.base@15.0.2 (432 bytes) @ 0x0000000120d0c738 [0x0000000120d0bea0+0x0000000000000898]
J 675 c1 java.lang.ClassLoader.getClassLoadingLock(Ljava/lang/String;)Ljava/lang/Object; java.base@15.0.2 (35 bytes) @ 0x000000011987466c [0x00000001198744c0+0x00000000000001ac]
J 681 c1 jdk.internal.loader.BuiltinClassLoader.loadClassOrNull(Ljava/lang/String;Z)Ljava/lang/Class; java.base@15.0.2 (143 bytes) @ 0x000000011987735c [0x0000000119877240+0x000000000000011c]
J 778 c1 jdk.internal.loader.ClassLoaders$AppClassLoader.loadClass(Ljava/lang/String;Z)Ljava/lang/Class; java.base@15.0.2 (40 bytes) @ 0x00000001198a5214 [0x00000001198a4be0+0x0000000000000634]
J 777 c1 java.lang.ClassLoader.loadClass(Ljava/lang/String;)Ljava/lang/Class; java.base@15.0.2 (7 bytes) @ 0x00000001198a482c [0x00000001198a4720+0x000000000000010c]
v  ~StubRoutines::call_stub
V  [libjvm.dylib+0x4adf62]  JavaCalls::call_helper(JavaValue*, methodHandle const&, JavaCallArguments*, Thread*)+0x2e2
V  [libjvm.dylib+0x4ace49]  JavaCalls::call_virtual(JavaValue*, Klass*, Symbol*, Symbol*, JavaCallArguments*, Thread*)+0x1e9
V  [libjvm.dylib+0x4acfad]  JavaCalls::call_virtual(JavaValue*, Handle, Klass*, Symbol*, Symbol*, Handle, Thread*)+0x6d
V  [libjvm.dylib+0x953be9]  SystemDictionary::load_instance_class(Symbol*, Handle, Thread*)+0x119
V  [libjvm.dylib+0x952873]  SystemDictionary::resolve_instance_class_or_null(Symbol*, Handle, Handle, Thread*)+0x853
V  [libjvm.dylib+0x951a77]  SystemDictionary::resolve_or_fail(Symbol*, Handle, Handle, bool, Thread*)+0x77
V  [libjvm.dylib+0x9db4f0]  VerificationType::resolve_and_check_assignability(InstanceKlass*, Symbol*, Symbol*, bool, bool, bool, Thread*)+0x300
V  [libjvm.dylib+0x9db762]  VerificationType::is_reference_assignable_from(VerificationType const&, ClassVerifier*, bool, Thread*) const+0x222
V  [libjvm.dylib+0x9eab3f]  ClassVerifier::verify_field_instructions(RawBytecodeStream*, StackMapFrame*, constantPoolHandle const&, bool, Thread*)+0x5af
V  [libjvm.dylib+0x9df258]  ClassVerifier::verify_method(methodHandle const&, Thread*)+0xf48
V  [libjvm.dylib+0x9dc951]  ClassVerifier::verify_class(Thread*)+0x191
V  [libjvm.dylib+0x9dc0da]  Verifier::verify(InstanceKlass*, bool, Thread*)+0x34a
V  [libjvm.dylib+0x48aee5]  InstanceKlass::link_class_impl(Thread*)+0x335
V  [libjvm.dylib+0x48aca7]  InstanceKlass::link_class_impl(Thread*)+0xf7
V  [libjvm.dylib+0x48b1a8]  InstanceKlass::initialize_impl(Thread*)+0x48
V  [libjvm.dylib+0x4a2f39]  InterpreterRuntime::_new(JavaThread*, ConstantPool*, int)+0x59
j  com.sun.javafx.scene.control.behavior.TextInputControlBehavior.<init>(Ljavafx/scene/control/TextInputControl;)V+36 javafx.controls
j  com.sun.javafx.scene.control.behavior.TextFieldBehavior.<init>(Ljavafx/scene/control/TextField;)V+2 javafx.controls
j  javafx.scene.control.skin.TextFieldSkin.<init>(Ljavafx/scene/control/TextField;)V+101 javafx.controls
j  javafx.scene.control.TextField.createDefaultSkin()Ljavafx/scene/control/Skin;+5 javafx.controls
j  javafx.scene.control.Control.doProcessCSS()V+25 javafx.controls
j  javafx.scene.control.Control$1.doProcessCSS(Ljavafx/scene/Node;)V+4 javafx.controls
j  com.sun.javafx.scene.control.ControlHelper.processCSSImpl(Ljavafx/scene/Node;)V+4 javafx.controls
j  com.sun.javafx.scene.NodeHelper.processCSS(Ljavafx/scene/Node;)V+5 javafx.graphics
j  javafx.scene.Parent.doProcessCSS()V+121 javafx.graphics
j  javafx.scene.Parent$1.doProcessCSS(Ljavafx/scene/Node;)V+4 javafx.graphics
j  com.sun.javafx.scene.ParentHelper.processCSSImpl(Ljavafx/scene/Node;)V+4 javafx.graphics
j  com.sun.javafx.scene.NodeHelper.processCSS(Ljavafx/scene/Node;)V+5 javafx.graphics
j  javafx.scene.Parent.doProcessCSS()V+121 javafx.graphics
j  javafx.scene.Parent$1.doProcessCSS(Ljavafx/scene/Node;)V+4 javafx.graphics
j  com.sun.javafx.scene.ParentHelper.processCSSImpl(Ljavafx/scene/Node;)V+4 javafx.graphics
j  com.sun.javafx.scene.NodeHelper.processCSS(Ljavafx/scene/Node;)V+5 javafx.graphics
j  javafx.scene.Node.processCSS()V+99 javafx.graphics
j  javafx.scene.Scene.doCSSPass()V+23 javafx.graphics
j  javafx.scene.Scene.preferredSize()V+6 javafx.graphics
j  javafx.scene.Scene$2.preferredSize(Ljavafx/scene/Scene;)V+1 javafx.graphics
j  com.sun.javafx.scene.SceneHelper.preferredSize(Ljavafx/scene/Scene;)V+4 javafx.graphics
j  javafx.stage.Window$12.invalidated()V+384 javafx.graphics
j  javafx.beans.property.BooleanPropertyBase.markInvalid()V+13 javafx.base
j  javafx.beans.property.BooleanPropertyBase.set(Z)V+72 javafx.base
j  javafx.stage.Window.setShowing(Z)V+11 javafx.graphics
j  javafx.stage.Window.show()V+2 javafx.graphics
j  javafx.stage.Stage.show()V+1 javafx.graphics
j  com.example.javafxlogin.HelloApplication.start(Ljavafx/stage/Stage;)V+42 com.example.javafxlogin
j  com.sun.javafx.application.LauncherImpl.lambda$launchApplication1$9(Ljava/util/concurrent/atomic/AtomicBoolean;Ljavafx/application/Application;)V+20 javafx.graphics
j  com.sun.javafx.application.LauncherImpl$$Lambda$130+0x0000000800bd8490.run()V+8 javafx.graphics
j  com.sun.javafx.application.PlatformImpl.lambda$runAndWait$12(Ljava/lang/Runnable;Ljava/util/concurrent/CountDownLatch;)V+1 javafx.graphics
j  com.sun.javafx.application.PlatformImpl$$Lambda$111+0x0000000800bd5cb0.run()V+8 javafx.graphics
j  com.sun.javafx.application.PlatformImpl.lambda$runLater$10(Ljava/lang/Runnable;)Ljava/lang/Void;+1 javafx.graphics
j  com.sun.javafx.application.PlatformImpl$$Lambda$113+0x0000000800bd6d30.run()Ljava/lang/Object;+4 javafx.graphics
j  java.security.AccessController.executePrivileged(Ljava/security/PrivilegedAction;Ljava/security/AccessControlContext;Ljava/lang/Class;)Ljava/lang/Object;+29 java.base@15.0.2
j  java.security.AccessController.doPrivileged(Ljava/security/PrivilegedAction;Ljava/security/AccessControlContext;)Ljava/lang/Object;+13 java.base@15.0.2
j  com.sun.javafx.application.PlatformImpl.lambda$runLater$11(Ljava/lang/Runnable;Ljava/security/AccessControlContext;)V+7 javafx.graphics
j  com.sun.javafx.application.PlatformImpl$$Lambda$112+0x0000000800bd68c8.run()V+8 javafx.graphics
j  com.sun.glass.ui.InvokeLaterDispatcher$Future.run()V+4 javafx.graphics
v  ~StubRoutines::call_stub
V  [libjvm.dylib+0x4adf62]  JavaCalls::call_helper(JavaValue*, methodHandle const&, JavaCallArguments*, Thread*)+0x2e2
V  [libjvm.dylib+0x505d27]  jni_invoke_nonstatic(JNIEnv_*, JavaValue*, _jobject*, JNICallType, _jmethodID*, JNI_ArgumentPusher*, Thread*)+0x397
V  [libjvm.dylib+0x50a3db]  jni_CallVoidMethod+0x19b
C  [libglass.dylib+0x8251]  -[GlassRunnable run]+0x61
C  [Foundation+0x81857]  __NSThreadPerformPerform+0xb3
C  [CoreFoundation+0x7faeb]  __CFRUNLOOP_IS_CALLING_OUT_TO_A_SOURCE0_PERFORM_FUNCTION__+0x11
C  [CoreFoundation+0x7fa53]  __CFRunLoopDoSource0+0xb4
C  [CoreFoundation+0x7f7cd]  __CFRunLoopDoSources0+0xf2
C  [CoreFoundation+0x7e1e8]  __CFRunLoopRun+0x37c
C  [CoreFoundation+0x7d7ac]  CFRunLoopRunSpecific+0x232
C  [HIToolbox+0x2fce6]  RunCurrentEventLoopInMode+0x124
C  [HIToolbox+0x2fa4a]  ReceiveNextEventCommon+0x252
C  [HIToolbox+0x2f7e5]  _BlockUntilNextEventMatchingListInModeWithFilter+0x46
C  [AppKit+0x3e5cd]  _DPSNextEvent+0x39f
C  [AppKit+0x3cc8a]  -[NSApplication(NSEvent) _nextEventMatchingEventMask:untilDate:inMode:dequeue:]+0x572
C  [AppKit+0x2f339]  -[NSApplication run]+0x24a
C  [libglass.dylib+0xa265]  -[GlassApplication runLoop:]+0x795
C  [Foundation+0x81857]  __NSThreadPerformPerform+0xb3
C  [CoreFoundation+0x7faeb]  __CFRUNLOOP_IS_CALLING_OUT_TO_A_SOURCE0_PERFORM_FUNCTION__+0x11
C  [CoreFoundation+0x7fa53]  __CFRunLoopDoSource0+0xb4
C  [CoreFoundation+0x7f7cd]  __CFRunLoopDoSources0+0xf2
C  [CoreFoundation+0x7e1e8]  __CFRunLoopRun+0x37c
C  [CoreFoundation+0x7d7ac]  CFRunLoopRunSpecific+0x232
C  [libjli.dylib+0x6e32]  CreateExecutionEnvironment+0x192
C  [libjli.dylib+0x2674]  JLI_Launch+0x614
C  [java+0xc16]  main+0x196
C  0x000000011914951e


siginfo: si_signo: 10 (SIGBUS), si_code: 2 (BUS_ADRERR), si_addr: 0x0000000796780508

Register to memory mapping:

RAX=0x0000000044400000 is an unknown value
RBX=0x000000000000000c is an unknown value
RCX=
[error occurred during error reporting (printing register info), id 0xb, SIGSEGV (0xb) at pc=0x000000010c39dff5]

Registers:
RAX=0x0000000044400000, RBX=0x000000000000000c, RCX=0x0000000796780508, RDX=0x000000000000005c
RSP=0x00007ff7b4f84920, RBP=0x00007ff7b4f84978, RSI=0x0000000786720850, RDI=0x000000010b78490f
R8 =0x00000000f0f5716c, R9 =0x0000000000000580, R10=0x000000010cc219c0, R11=0x0000000120cecd80
R12=0x0000000000000000, R13=0x00000008006eb35d, R14=0x00007ff7b4f84a58, R15=0x00007f7d13a08400
RIP=0x000000011921de9e, EFLAGS=0x0000000000010246, ERR=0x0000000000000004
  TRAPNO=0x000000000000000e

Top of Stack: (sp=0x00007ff7b4f84920)
0x00007ff7b4f84920:   0000000000000009 0000000000000000
0x00007ff7b4f84930:   00007ff7b4f84920 00000008006eb344
0x00007ff7b4f84940:   00007ff7b4f84a58 0000000800111650
0x00007ff7b4f84950:   000000012a225dc0 00000007bfe09dc8
0x00007ff7b4f84960:   0000000800115148 0000000000000000
0x00007ff7b4f84970:   00007ff7b4f84a60 0000000000000001
0x00007ff7b4f84980:   0000000120d0c738 0000000000000000
0x00007ff7b4f84990:   0000000000000000 0000000000000000
0x00007ff7b4f849a0:   0000000000000000 0000000000000000
0x00007ff7b4f849b0:   00000007800eb300 00000007800eb2b8
0x00007ff7b4f849c0:   00000000209ac5cf 00000007800eb378
0x00007ff7b4f849d0:   00000007800eb378 0000000000000800
0x00007ff7b4f849e0:   00000007800eb378 0000000000000580
0x00007ff7b4f849f0:   00000007000005c0 0000000040579dc0
0x00007ff7b4f84a00:   0000000796780508 0000000000000580
0x00007ff7b4f84a10:   00000000000005bd 0000000000000000
0x00007ff7b4f84a20:   0000000000000000 0000000787ab8b60
0x00007ff7b4f84a30:   0000000700001000 0000000000000040
0x00007ff7b4f84a40:   0000000000000800 0000000787ab4b50
0x00007ff7b4f84a50:   0000000786720850 00000007800a57f8
0x00007ff7b4f84a60:   f0f5695b00002b23 00000007800a57f8
0x00007ff7b4f84a70:   f0ce410a00000600 0000000786720850
0x00007ff7b4f84a80:   f001d653f0f56964 0000000786721f9c
0x00007ff7b4f84a90:   00007ff7209ac5cf 0000000787ab4ad8
0x00007ff7b4f84aa0:   0000000787ab4b20 00000007800eb298
0x00007ff7b4f84ab0:   00007ff7b4f84ee0 00000001198cff3c
0x00007ff7b4f84ac0:   0000000700000001 0000000787aa60f0
0x00007ff7b4f84ad0:   0000000000000009 00007f7d13a08400
0x00007ff7b4f84ae0:   00007ff7b4f84dd0 000000011987466c
0x00007ff7b4f84af0:   0000000787ab4608 00007f7d13a08400
0x00007ff7b4f84b00:   00007ff7b4f84ee0 00000001198b30dc
0x00007ff7b4f84b10:   00007ff7b4f84b70 000000010c931c7a 

Instructions: (pc=0x000000011921de9e)
0x000000011921dd9e:   1d 00 00 00 48 83 ec 10 48 89 04 24 49 ba 00 00
0x000000011921ddae:   00 00 00 00 00 00 4c 89 54 24 08 e9 01 00 00 00
0x000000011921ddbe:   50 41 0f b7 55 01 48 8b 4d d0 c1 e2 02 8b 5c d1
0x000000011921ddce:   28 c1 eb 10 81 e3 ff 00 00 00 81 fb b4 00 00 00
0x000000011921ddde:   0f 84 b0 00 00 00 bb b4 00 00 00 e8 05 00 00 00
0x000000011921ddee:   e9 95 00 00 00 48 8b f3 48 8d 44 24 08 4c 89 6d
0x000000011921ddfe:   c0 49 8b ff c5 f8 77 49 89 af 18 03 00 00 49 89
0x000000011921de0e:   87 08 03 00 00 f7 c4 0f 00 00 00 0f 84 12 00 00
0x000000011921de1e:   00 48 83 ec 08 e8 d8 43 27 f3 48 83 c4 08 e9 05
0x000000011921de2e:   00 00 00 e8 ca 43 27 f3 49 ba 00 00 00 00 00 00
0x000000011921de3e:   00 00 4d 89 97 08 03 00 00 49 ba 00 00 00 00 00
0x000000011921de4e:   00 00 00 4d 89 97 18 03 00 00 49 ba 00 00 00 00
0x000000011921de5e:   00 00 00 00 4d 89 97 10 03 00 00 c5 f8 77 49 81
0x000000011921de6e:   7f 08 00 00 00 00 0f 84 05 00 00 00 e9 01 ea fd
0x000000011921de7e:   ff 4c 8b 6d c0 4c 8b 75 c8 c3 41 0f b7 55 01 48
0x000000011921de8e:   8b 4d d0 c1 e2 02 48 8b 5c d1 38 8b 44 d1 40 59
0x000000011921de9e:   48 3b 01 c1 e8 1c 83 e0 0f 0f 85 0a 00 00 00 0f
0x000000011921deae:   be 04 19 50 e9 b4 00 00 00 83 f8 01 0f 85 0a 00
0x000000011921debe:   00 00 0f b6 04 19 50 e9 a1 00 00 00 83 f8 08 0f
0x000000011921dece:   85 0d 00 00 00 8b 04 19 48 c1 e0 03 50 e9 8b 00
0x000000011921dede:   00 00 83 f8 04 0f 85 09 00 00 00 8b 04 19 50 e9
0x000000011921deee:   79 00 00 00 83 f8 02 0f 85 0a 00 00 00 0f b7 04
0x000000011921defe:   19 50 e9 66 00 00 00 83 f8 03 0f 85 0a 00 00 00
0x000000011921df0e:   0f bf 04 19 50 e9 53 00 00 00 83 f8 05 0f 85 20
0x000000011921df1e:   00 00 00 48 8b 04 19 48 83 ec 10 48 89 04 24 49
0x000000011921df2e:   ba 00 00 00 00 00 00 00 00 4c 89 54 24 08 e9 2a
0x000000011921df3e:   00 00 00 83 f8 06 0f 85 13 00 00 00 c5 fa 10 04
0x000000011921df4e:   19 48 83 ec 08 c5 fa 11 04 24 e9 0e 00 00 00 c5
0x000000011921df5e:   fb 10 04 19 48 83 ec 10 c5 fb 11 04 24 41 0f b6
0x000000011921df6e:   5d 03 49 83 c5 03 49 ba c0 21 c2 0c 01 00 00 00
0x000000011921df7e:   41 ff 24 da 66 0f 1f 44 00 00 00 00 00 00 00 00
0x000000011921df8e:   00 00 00 00 00 00 00 00 00 00 00 00 00 00 00 00 


Stack slot to memory mapping:
stack at sp + 0 slots: 0x0000000000000009 is an unknown value
stack at sp + 1 slots: 0x0 is NULL
stack at sp + 2 slots: 0x00007ff7b4f84920 is pointing into the stack for thread: 0x00007f7d13a08400
stack at sp + 3 slots: 0x00000008006eb344 is pointing into metadata
stack at sp + 4 slots: 0x00007ff7b4f84a58 is pointing into the stack for thread: 0x00007f7d13a08400
stack at sp + 5 slots: 0x0000000800111650 is pointing into metadata
stack at sp + 6 slots: 0x000000012a225dc0 is pointing into metadata
stack at sp + 7 slots: 0x00000007bfe09dc8 is an oop: java.lang.Class 
{0x00000007bfe09dc8} - klass: 'java/lang/Class'

nofast_getfield  234 nofast_getfield  [0x000000011921dd80, 0x000000011921dfa0]  544 bytes
[MachCode]
  0x000000011921dd80: 50e9 3900 | 0000 4883 | ec08 c5fa | 1104 24e9 | 2b00 0000 | 4883 ec10 | c5fb 1104 | 24e9 1d00 
  0x000000011921dda0: 0000 4883 | ec10 4889 | 0424 49ba | 0000 0000 | 0000 0000 | 4c89 5424 | 08e9 0100 | 0000 5041 
  0x000000011921ddc0: 0fb7 5501 | 488b 4dd0 | c1e2 028b | 5cd1 28c1 | eb10 81e3 | ff00 0000 | 81fb b400 | 0000 0f84 
  0x000000011921dde0: b000 0000 | bbb4 0000 | 00e8 0500 | 0000 e995 | 0000 0048 | 8bf3 488d | 4424 084c | 896d c049 
  0x000000011921de00: 8bff c5f8 | 7749 89af | 1803 0000 | 4989 8708 | 0300 00f7 | c40f 0000 | 000f 8412 | 0000 0048 
  0x000000011921de20: 83ec 08e8 | d843 27f3 | 4883 c408 | e905 0000 | 00e8 ca43 | 27f3 49ba | 0000 0000 | 0000 0000 
  0x000000011921de40: 4d89 9708 | 0300 0049 | ba00 0000 | 0000 0000 | 004d 8997 | 1803 0000 | 49ba 0000 | 0000 0000 
  0x000000011921de60: 0000 4d89 | 9710 0300 | 00c5 f877 | 4981 7f08 | 0000 0000 | 0f84 0500 | 0000 e901 | eafd ff4c 
  0x000000011921de80: 8b6d c04c | 8b75 c8c3 | 410f b755 | 0148 8b4d | d0c1 e202 | 488b 5cd1 | 388b 44d1 | 4059 483b 
  0x000000011921dea0: 01c1 e81c | 83e0 0f0f | 850a 0000 | 000f be04 | 1950 e9b4 | 0000 0083 | f801 0f85 | 0a00 0000 
  0x000000011921dec0: 0fb6 0419 | 50e9 a100 | 0000 83f8 | 080f 850d | 0000 008b | 0419 48c1 | e003 50e9 | 8b00 0000 
  0x000000011921dee0: 83f8 040f | 8509 0000 | 008b 0419 | 50e9 7900 | 0000 83f8 | 020f 850a | 0000 000f | b704 1950 
  0x000000011921df00: e966 0000 | 0083 f803 | 0f85 0a00 | 0000 0fbf | 0419 50e9 | 5300 0000 | 83f8 050f | 8520 0000 
  0x000000011921df20: 0048 8b04 | 1948 83ec | 1048 8904 | 2449 ba00 | 0000 0000 | 0000 004c | 8954 2408 | e92a 0000 
  0x000000011921df40: 0083 f806 | 0f85 1300 | 0000 c5fa | 1004 1948 | 83ec 08c5 | fa11 0424 | e90e 0000 | 00c5 fb10 
  0x000000011921df60: 0419 4883 | ec10 c5fb | 1104 2441 | 0fb6 5d03 | 4983 c503 | 49ba c021 | c20c 0100 | 0000 41ff 
  0x000000011921df80: 24da 660f | 1f44 0000 | 0000 0000 | 0000 0000 | 0000 0000 | 0000 0000 | 0000 0000 | 0000 0000 
[/MachCode]

---------------  P R O C E S S  ---------------

Threads class SMR info:
_java_thread_list=0x00006000026ec0a0, length=17, elements={
0x00007f7d1280d000, 0x00007f7d13832c00, 0x00007f7d14812c00, 0x00007f7d1288a600,
0x00007f7d13839a00, 0x00007f7d13836800, 0x00007f7d1383a000, 0x00007f7d1400a600,
0x00007f7d128b6e00, 0x00007f7d14810a00, 0x00007f7d14811000, 0x00007f7d12813600,
0x00007f7d128f8000, 0x00007f7d13a08400, 0x00007f7d140b7a00, 0x00007f7d13a2c600,
0x00007f7d14216000
}

Java Threads: ( => current thread )
  0x00007f7d1280d000 JavaThread "main" [_thread_blocked, id=6147, stack(0x00007000040b0000,0x00007000041b0000)]
  0x00007f7d13832c00 JavaThread "Reference Handler" daemon [_thread_blocked, id=14851, stack(0x00007000047c5000,0x00007000048c5000)]
  0x00007f7d14812c00 JavaThread "Finalizer" daemon [_thread_blocked, id=17155, stack(0x00007000048c8000,0x00007000049c8000)]
  0x00007f7d1288a600 JavaThread "Signal Dispatcher" daemon [_thread_blocked, id=42755, stack(0x0000700004b54000,0x0000700004c54000)]
  0x00007f7d13839a00 JavaThread "Service Thread" daemon [_thread_blocked, id=23043, stack(0x0000700004c57000,0x0000700004d57000)]
  0x00007f7d13836800 JavaThread "C2 CompilerThread0" daemon [_thread_blocked, id=41475, stack(0x0000700004d5a000,0x0000700004e5a000)]
  0x00007f7d1383a000 JavaThread "C1 CompilerThread0" daemon [_thread_blocked, id=40707, stack(0x0000700004e5d000,0x0000700004f5d000)]
  0x00007f7d1400a600 JavaThread "Sweeper thread" daemon [_thread_blocked, id=24323, stack(0x0000700004f60000,0x0000700005060000)]
  0x00007f7d128b6e00 JavaThread "Common-Cleaner" daemon [_thread_blocked, id=39939, stack(0x0000700005063000,0x0000700005163000)]
  0x00007f7d14810a00 JavaThread "Monitor Ctrl-Break" daemon [_thread_in_native, id=25859, stack(0x0000700005166000,0x0000700005266000)]
  0x00007f7d14811000 JavaThread "Notification Thread" daemon [_thread_blocked, id=38915, stack(0x0000700005269000,0x0000700005369000)]
  0x00007f7d12813600 JavaThread "QuantumRenderer-0" daemon [_thread_blocked, id=38403, stack(0x000070000546f000,0x000070000556f000)]
  0x00007f7d128f8000 JavaThread "InvokeLaterDispatcher" daemon [_thread_blocked, id=34567, stack(0x0000700005572000,0x0000700005672000)]
=>0x00007f7d13a08400 JavaThread "JavaFX Application Thread" [_thread_in_Java, id=259, stack(0x00007ff7b478e000,0x00007ff7b4f8e000)]
  0x00007f7d140b7a00 JavaThread "JavaFX-Launcher" [_thread_blocked, id=58883, stack(0x0000700005b8a000,0x0000700005c8a000)]
  0x00007f7d13a2c600 JavaThread "PulseTimer-CVDisplayLink thread" daemon [_thread_in_native, id=55819, stack(0x0000700005a84000,0x0000700005b04000)]
  0x00007f7d14216000 JavaThread "Prism Font Disposer" daemon [_thread_blocked, id=63491, stack(0x0000700005f96000,0x0000700006096000)]

Other Threads:
  0x00007f7d13006630 VMThread "VM Thread" [stack: 0x00007000046c2000,0x00007000047c2000] [id=17667]
  0x00007f7d127260b0 WatcherThread [stack: 0x000070000536c000,0x000070000546c000] [id=26371]
  0x00007f7d12708720 GCTaskThread "GC Thread#0" [stack: 0x00007000041b3000,0x00007000042b3000] [id=19459]
  0x00007f7d1301e310 GCTaskThread "GC Thread#1" [stack: 0x0000700005675000,0x0000700005775000] [id=48903]
  0x00007f7d1322a080 GCTaskThread "GC Thread#2" [stack: 0x000070000587e000,0x000070000597e000] [id=48391]
  0x00007f7d1322a570 GCTaskThread "GC Thread#3" [stack: 0x0000700005981000,0x0000700005a81000] [id=54279]
  0x00007f7d13104750 ConcurrentGCThread "G1 Main Marker" [stack: 0x00007000042b6000,0x00007000043b6000] [id=12547]
  0x00007f7d12708de0 ConcurrentGCThread "G1 Conc#0" [stack: 0x00007000043b9000,0x00007000044b9000] [id=18947]
  0x00007f7d127138d0 ConcurrentGCThread "G1 Refine#0" [stack: 0x00007000044bc000,0x00007000045bc000] [id=18435]
  0x00007f7d13027d70 ConcurrentGCThread "G1 Refine#1" [stack: 0x0000700005c8d000,0x0000700005d8d000] [id=60163]
  0x00007f7d1312edc0 ConcurrentGCThread "G1 Refine#2" [stack: 0x0000700005d90000,0x0000700005e90000] [id=60419]
  0x00007f7d12742a80 ConcurrentGCThread "G1 Refine#3" [stack: 0x0000700005e93000,0x0000700005f93000] [id=60931]
  0x00007f7d130052d0 ConcurrentGCThread "G1 Young RemSet Sampling" [stack: 0x00007000045bf000,0x00007000046bf000] [id=17923]

Threads with active compile tasks:

VM state: not at safepoint (normal execution)

VM Mutex/Monitor currently owned by a thread: None

Heap address: 0x0000000780000000, size: 2048 MB, Compressed Oops mode: Zero based, Oop shift amount: 3
CDS archive(s) mapped at: [0x0000000800000000-0x0000000800b2d000-0x0000000800b2d000), size 11718656, SharedBaseAddress: 0x0000000800000000, ArchiveRelocationMode: 0.
Compressed class space mapped at: 0x0000000800b30000-0x0000000840b30000, size: 1073741824
Narrow klass base: 0x0000000800000000, Narrow klass shift: 3, Narrow klass range: 0x100000000

GC Precious Log:
 CPUs: 4 total, 4 available
 Memory: 8192M
 Large Page Support: Disabled
 NUMA Support: Disabled
 Compressed Oops: Enabled (Zero based)
 Heap Region Size: 1M
 Heap Min Capacity: 8M
 Heap Initial Capacity: 128M
 Heap Max Capacity: 2G
 Pre-touch: Disabled
 Parallel Workers: 4
 Concurrent Workers: 1
 Concurrent Refinement Workers: 4
 Periodic GC: Disabled

Heap:
 garbage-first heap   total 133120K, used 11746K [0x0000000780000000, 0x0000000800000000)
  region size 1024K, 9 young (9216K), 3 survivors (3072K)
 Metaspace       used 12404K, capacity 12787K, committed 13184K, reserved 1060864K
  class space    used 1726K, capacity 1827K, committed 1920K, reserved 1048576K

Heap Regions: E=young(eden), S=young(survivor), O=old, HS=humongous(starts), HC=humongous(continues), CS=collection set, F=free, OA=open archive, CA=closed archive, TAMS=top-at-mark-start (previous, next)
|   0|0x0000000780000000, 0x0000000780100000, 0x0000000780100000|100%| O|  |TAMS 0x0000000780000000, 0x0000000780000000| Untracked 
|   1|0x0000000780100000, 0x0000000780200000, 0x0000000780200000|100%| O|  |TAMS 0x0000000780100000, 0x0000000780100000| Untracked 
|   2|0x0000000780200000, 0x00000007802ae800, 0x0000000780300000| 68%| O|  |TAMS 0x0000000780200000, 0x0000000780200000| Untracked 
|   3|0x0000000780300000, 0x0000000780300000, 0x0000000780400000|  0%| F|  |TAMS 0x0000000780300000, 0x0000000780300000| Untracked 
|   4|0x0000000780400000, 0x0000000780400000, 0x0000000780500000|  0%| F|  |TAMS 0x0000000780400000, 0x0000000780400000| Untracked 
|   5|0x0000000780500000, 0x0000000780500000, 0x0000000780600000|  0%| F|  |TAMS 0x0000000780500000, 0x0000000780500000| Untracked 
|   6|0x0000000780600000, 0x0000000780600000, 0x0000000780700000|  0%| F|  |TAMS 0x0000000780600000, 0x0000000780600000| Untracked 
|   7|0x0000000780700000, 0x0000000780700000, 0x0000000780800000|  0%| F|  |TAMS 0x0000000780700000, 0x0000000780700000| Untracked 
|   8|0x0000000780800000, 0x0000000780800000, 0x0000000780900000|  0%| F|  |TAMS 0x0000000780800000, 0x0000000780800000| Untracked 
|   9|0x0000000780900000, 0x0000000780900000, 0x0000000780a00000|  0%| F|  |TAMS 0x0000000780900000, 0x0000000780900000| Untracked 
|  10|0x0000000780a00000, 0x0000000780a00000, 0x0000000780b00000|  0%| F|  |TAMS 0x0000000780a00000, 0x0000000780a00000| Untracked 
|  11|0x0000000780b00000, 0x0000000780b00000, 0x0000000780c00000|  0%| F|  |TAMS 0x0000000780b00000, 0x0000000780b00000| Untracked 
|  12|0x0000000780c00000, 0x0000000780c00000, 0x0000000780d00000|  0%| F|  |TAMS 0x0000000780c00000, 0x0000000780c00000| Untracked 
|  13|0x0000000780d00000, 0x0000000780d00000, 0x0000000780e00000|  0%| F|  |TAMS 0x0000000780d00000, 0x0000000780d00000| Untracked 
|  14|0x0000000780e00000, 0x0000000780e00000, 0x0000000780f00000|  0%| F|  |TAMS 0x0000000780e00000, 0x0000000780e00000| Untracked 
|  15|0x0000000780f00000, 0x0000000780f00000, 0x0000000781000000|  0%| F|  |TAMS 0x0000000780f00000, 0x0000000780f00000| Untracked 
|  16|0x0000000781000000, 0x0000000781000000, 0x0000000781100000|  0%| F|  |TAMS 0x0000000781000000, 0x0000000781000000| Untracked 
|  17|0x0000000781100000, 0x0000000781100000, 0x0000000781200000|  0%| F|  |TAMS 0x0000000781100000, 0x0000000781100000| Untracked 
|  18|0x0000000781200000, 0x0000000781200000, 0x0000000781300000|  0%| F|  |TAMS 0x0000000781200000, 0x0000000781200000| Untracked 
|  19|0x0000000781300000, 0x0000000781300000, 0x0000000781400000|  0%| F|  |TAMS 0x0000000781300000, 0x0000000781300000| Untracked 
|  20|0x0000000781400000, 0x0000000781400000, 0x0000000781500000|  0%| F|  |TAMS 0x0000000781400000, 0x0000000781400000| Untracked 
|  21|0x0000000781500000, 0x0000000781500000, 0x0000000781600000|  0%| F|  |TAMS 0x0000000781500000, 0x0000000781500000| Untracked 
|  22|0x0000000781600000, 0x0000000781600000, 0x0000000781700000|  0%| F|  |TAMS 0x0000000781600000, 0x0000000781600000| Untracked 
|  23|0x0000000781700000, 0x0000000781700000, 0x0000000781800000|  0%| F|  |TAMS 0x0000000781700000, 0x0000000781700000| Untracked 
|  24|0x0000000781800000, 0x0000000781800000, 0x0000000781900000|  0%| F|  |TAMS 0x0000000781800000, 0x0000000781800000| Untracked 
|  25|0x0000000781900000, 0x0000000781900000, 0x0000000781a00000|  0%| F|  |TAMS 0x0000000781900000, 0x0000000781900000| Untracked 
|  26|0x0000000781a00000, 0x0000000781a00000, 0x0000000781b00000|  0%| F|  |TAMS 0x0000000781a00000, 0x0000000781a00000| Untracked 
|  27|0x0000000781b00000, 0x0000000781b00000, 0x0000000781c00000|  0%| F|  |TAMS 0x0000000781b00000, 0x0000000781b00000| Untracked 
|  28|0x0000000781c00000, 0x0000000781c00000, 0x0000000781d00000|  0%| F|  |TAMS 0x0000000781c00000, 0x0000000781c00000| Untracked 
|  29|0x0000000781d00000, 0x0000000781d00000, 0x0000000781e00000|  0%| F|  |TAMS 0x0000000781d00000, 0x0000000781d00000| Untracked 
|  30|0x0000000781e00000, 0x0000000781e00000, 0x0000000781f00000|  0%| F|  |TAMS 0x0000000781e00000, 0x0000000781e00000| Untracked 
|  31|0x0000000781f00000, 0x0000000781f00000, 0x0000000782000000|  0%| F|  |TAMS 0x0000000781f00000, 0x0000000781f00000| Untracked 
|  32|0x0000000782000000, 0x0000000782000000, 0x0000000782100000|  0%| F|  |TAMS 0x0000000782000000, 0x0000000782000000| Untracked 
|  33|0x0000000782100000, 0x0000000782100000, 0x0000000782200000|  0%| F|  |TAMS 0x0000000782100000, 0x0000000782100000| Untracked 
|  34|0x0000000782200000, 0x0000000782200000, 0x0000000782300000|  0%| F|  |TAMS 0x0000000782200000, 0x0000000782200000| Untracked 
|  35|0x0000000782300000, 0x0000000782300000, 0x0000000782400000|  0%| F|  |TAMS 0x0000000782300000, 0x0000000782300000| Untracked 
|  36|0x0000000782400000, 0x0000000782400000, 0x0000000782500000|  0%| F|  |TAMS 0x0000000782400000, 0x0000000782400000| Untracked 
|  37|0x0000000782500000, 0x0000000782500000, 0x0000000782600000|  0%| F|  |TAMS 0x0000000782500000, 0x0000000782500000| Untracked 
|  38|0x0000000782600000, 0x0000000782600000, 0x0000000782700000|  0%| F|  |TAMS 0x0000000782600000, 0x0000000782600000| Untracked 
|  39|0x0000000782700000, 0x0000000782700000, 0x0000000782800000|  0%| F|  |TAMS 0x0000000782700000, 0x0000000782700000| Untracked 
|  40|0x0000000782800000, 0x0000000782800000, 0x0000000782900000|  0%| F|  |TAMS 0x0000000782800000, 0x0000000782800000| Untracked 
|  41|0x0000000782900000, 0x0000000782900000, 0x0000000782a00000|  0%| F|  |TAMS 0x0000000782900000, 0x0000000782900000| Untracked 
|  42|0x0000000782a00000, 0x0000000782a00000, 0x0000000782b00000|  0%| F|  |TAMS 0x0000000782a00000, 0x0000000782a00000| Untracked 
|  43|0x0000000782b00000, 0x0000000782b00000, 0x0000000782c00000|  0%| F|  |TAMS 0x0000000782b00000, 0x0000000782b00000| Untracked 
|  44|0x0000000782c00000, 0x0000000782c00000, 0x0000000782d00000|  0%| F|  |TAMS 0x0000000782c00000, 0x0000000782c00000| Untracked 
|  45|0x0000000782d00000, 0x0000000782d00000, 0x0000000782e00000|  0%| F|  |TAMS 0x0000000782d00000, 0x0000000782d00000| Untracked 
|  46|0x0000000782e00000, 0x0000000782e00000, 0x0000000782f00000|  0%| F|  |TAMS 0x0000000782e00000, 0x0000000782e00000| Untracked 
|  47|0x0000000782f00000, 0x0000000782f00000, 0x0000000783000000|  0%| F|  |TAMS 0x0000000782f00000, 0x0000000782f00000| Untracked 
|  48|0x0000000783000000, 0x0000000783000000, 0x0000000783100000|  0%| F|  |TAMS 0x0000000783000000, 0x0000000783000000| Untracked 
|  49|0x0000000783100000, 0x0000000783100000, 0x0000000783200000|  0%| F|  |TAMS 0x0000000783100000, 0x0000000783100000| Untracked 
|  50|0x0000000783200000, 0x0000000783200000, 0x0000000783300000|  0%| F|  |TAMS 0x0000000783200000, 0x0000000783200000| Untracked 
|  51|0x0000000783300000, 0x0000000783300000, 0x0000000783400000|  0%| F|  |TAMS 0x0000000783300000, 0x0000000783300000| Untracked 
|  52|0x0000000783400000, 0x0000000783400000, 0x0000000783500000|  0%| F|  |TAMS 0x0000000783400000, 0x0000000783400000| Untracked 
|  53|0x0000000783500000, 0x0000000783500000, 0x0000000783600000|  0%| F|  |TAMS 0x0000000783500000, 0x0000000783500000| Untracked 
|  54|0x0000000783600000, 0x0000000783600000, 0x0000000783700000|  0%| F|  |TAMS 0x0000000783600000, 0x0000000783600000| Untracked 
|  55|0x0000000783700000, 0x0000000783700000, 0x0000000783800000|  0%| F|  |TAMS 0x0000000783700000, 0x0000000783700000| Untracked 
|  56|0x0000000783800000, 0x0000000783800000, 0x0000000783900000|  0%| F|  |TAMS 0x0000000783800000, 0x0000000783800000| Untracked 
|  57|0x0000000783900000, 0x0000000783900000, 0x0000000783a00000|  0%| F|  |TAMS 0x0000000783900000, 0x0000000783900000| Untracked 
|  58|0x0000000783a00000, 0x0000000783a00000, 0x0000000783b00000|  0%| F|  |TAMS 0x0000000783a00000, 0x0000000783a00000| Untracked 
|  59|0x0000000783b00000, 0x0000000783b00000, 0x0000000783c00000|  0%| F|  |TAMS 0x0000000783b00000, 0x0000000783b00000| Untracked 
|  60|0x0000000783c00000, 0x0000000783c00000, 0x0000000783d00000|  0%| F|  |TAMS 0x0000000783c00000, 0x0000000783c00000| Untracked 
|  61|0x0000000783d00000, 0x0000000783d00000, 0x0000000783e00000|  0%| F|  |TAMS 0x0000000783d00000, 0x0000000783d00000| Untracked 
|  62|0x0000000783e00000, 0x0000000783e00000, 0x0000000783f00000|  0%| F|  |TAMS 0x0000000783e00000, 0x0000000783e00000| Untracked 
|  63|0x0000000783f00000, 0x0000000783f00000, 0x0000000784000000|  0%| F|  |TAMS 0x0000000783f00000, 0x0000000783f00000| Untracked 
|  64|0x0000000784000000, 0x0000000784000000, 0x0000000784100000|  0%| F|  |TAMS 0x0000000784000000, 0x0000000784000000| Untracked 
|  65|0x0000000784100000, 0x0000000784100000, 0x0000000784200000|  0%| F|  |TAMS 0x0000000784100000, 0x0000000784100000| Untracked 
|  66|0x0000000784200000, 0x0000000784200000, 0x0000000784300000|  0%| F|  |TAMS 0x0000000784200000, 0x0000000784200000| Untracked 
|  67|0x0000000784300000, 0x0000000784300000, 0x0000000784400000|  0%| F|  |TAMS 0x0000000784300000, 0x0000000784300000| Untracked 
|  68|0x0000000784400000, 0x0000000784400000, 0x0000000784500000|  0%| F|  |TAMS 0x0000000784400000, 0x0000000784400000| Untracked 
|  69|0x0000000784500000, 0x0000000784500000, 0x0000000784600000|  0%| F|  |TAMS 0x0000000784500000, 0x0000000784500000| Untracked 
|  70|0x0000000784600000, 0x0000000784600000, 0x0000000784700000|  0%| F|  |TAMS 0x0000000784600000, 0x0000000784600000| Untracked 
|  71|0x0000000784700000, 0x0000000784700000, 0x0000000784800000|  0%| F|  |TAMS 0x0000000784700000, 0x0000000784700000| Untracked 
|  72|0x0000000784800000, 0x0000000784800000, 0x0000000784900000|  0%| F|  |TAMS 0x0000000784800000, 0x0000000784800000| Untracked 
|  73|0x0000000784900000, 0x0000000784900000, 0x0000000784a00000|  0%| F|  |TAMS 0x0000000784900000, 0x0000000784900000| Untracked 
|  74|0x0000000784a00000, 0x0000000784a00000, 0x0000000784b00000|  0%| F|  |TAMS 0x0000000784a00000, 0x0000000784a00000| Untracked 
|  75|0x0000000784b00000, 0x0000000784b00000, 0x0000000784c00000|  0%| F|  |TAMS 0x0000000784b00000, 0x0000000784b00000| Untracked 
|  76|0x0000000784c00000, 0x0000000784c00000, 0x0000000784d00000|  0%| F|  |TAMS 0x0000000784c00000, 0x0000000784c00000| Untracked 
|  77|0x0000000784d00000, 0x0000000784d00000, 0x0000000784e00000|  0%| F|  |TAMS 0x0000000784d00000, 0x0000000784d00000| Untracked 
|  78|0x0000000784e00000, 0x0000000784e00000, 0x0000000784f00000|  0%| F|  |TAMS 0x0000000784e00000, 0x0000000784e00000| Untracked 
|  79|0x0000000784f00000, 0x0000000784f00000, 0x0000000785000000|  0%| F|  |TAMS 0x0000000784f00000, 0x0000000784f00000| Untracked 
|  80|0x0000000785000000, 0x0000000785000000, 0x0000000785100000|  0%| F|  |TAMS 0x0000000785000000, 0x0000000785000000| Untracked 
|  81|0x0000000785100000, 0x0000000785100000, 0x0000000785200000|  0%| F|  |TAMS 0x0000000785100000, 0x0000000785100000| Untracked 
|  82|0x0000000785200000, 0x0000000785200000, 0x0000000785300000|  0%| F|  |TAMS 0x0000000785200000, 0x0000000785200000| Untracked 
|  83|0x0000000785300000, 0x0000000785300000, 0x0000000785400000|  0%| F|  |TAMS 0x0000000785300000, 0x0000000785300000| Untracked 
|  84|0x0000000785400000, 0x0000000785400000, 0x0000000785500000|  0%| F|  |TAMS 0x0000000785400000, 0x0000000785400000| Untracked 
|  85|0x0000000785500000, 0x0000000785500000, 0x0000000785600000|  0%| F|  |TAMS 0x0000000785500000, 0x0000000785500000| Untracked 
|  86|0x0000000785600000, 0x0000000785600000, 0x0000000785700000|  0%| F|  |TAMS 0x0000000785600000, 0x0000000785600000| Untracked 
|  87|0x0000000785700000, 0x0000000785700000, 0x0000000785800000|  0%| F|  |TAMS 0x0000000785700000, 0x0000000785700000| Untracked 
|  88|0x0000000785800000, 0x0000000785800000, 0x0000000785900000|  0%| F|  |TAMS 0x0000000785800000, 0x0000000785800000| Untracked 
|  89|0x0000000785900000, 0x0000000785900000, 0x0000000785a00000|  0%| F|  |TAMS 0x0000000785900000, 0x0000000785900000| Untracked 
|  90|0x0000000785a00000, 0x0000000785a00000, 0x0000000785b00000|  0%| F|  |TAMS 0x0000000785a00000, 0x0000000785a00000| Untracked 
|  91|0x0000000785b00000, 0x0000000785b00000, 0x0000000785c00000|  0%| F|  |TAMS 0x0000000785b00000, 0x0000000785b00000| Untracked 
|  92|0x0000000785c00000, 0x0000000785c00000, 0x0000000785d00000|  0%| F|  |TAMS 0x0000000785c00000, 0x0000000785c00000| Untracked 
|  93|0x0000000785d00000, 0x0000000785d00000, 0x0000000785e00000|  0%| F|  |TAMS 0x0000000785d00000, 0x0000000785d00000| Untracked 
|  94|0x0000000785e00000, 0x0000000785e00000, 0x0000000785f00000|  0%| F|  |TAMS 0x0000000785e00000, 0x0000000785e00000| Untracked 
|  95|0x0000000785f00000, 0x0000000785f00000, 0x0000000786000000|  0%| F|  |TAMS 0x0000000785f00000, 0x0000000785f00000| Untracked 
|  96|0x0000000786000000, 0x0000000786000000, 0x0000000786100000|  0%| F|  |TAMS 0x0000000786000000, 0x0000000786000000| Untracked 
|  97|0x0000000786100000, 0x0000000786100000, 0x0000000786200000|  0%| F|  |TAMS 0x0000000786100000, 0x0000000786100000| Untracked 
|  98|0x0000000786200000, 0x0000000786200000, 0x0000000786300000|  0%| F|  |TAMS 0x0000000786200000, 0x0000000786200000| Untracked 
|  99|0x0000000786300000, 0x0000000786300000, 0x0000000786400000|  0%| F|  |TAMS 0x0000000786300000, 0x0000000786300000| Untracked 
| 100|0x0000000786400000, 0x0000000786400000, 0x0000000786500000|  0%| F|  |TAMS 0x0000000786400000, 0x0000000786400000| Untracked 
| 101|0x0000000786500000, 0x0000000786600000, 0x0000000786600000|100%| S|CS|TAMS 0x0000000786500000, 0x0000000786500000| Complete 
| 102|0x0000000786600000, 0x0000000786700000, 0x0000000786700000|100%| S|CS|TAMS 0x0000000786600000, 0x0000000786600000| Complete 
| 103|0x0000000786700000, 0x0000000786800000, 0x0000000786800000|100%| S|CS|TAMS 0x0000000786700000, 0x0000000786700000| Complete 
| 104|0x0000000786800000, 0x0000000786800000, 0x0000000786900000|  0%| F|  |TAMS 0x0000000786800000, 0x0000000786800000| Untracked 
| 105|0x0000000786900000, 0x0000000786900000, 0x0000000786a00000|  0%| F|  |TAMS 0x0000000786900000, 0x0000000786900000| Untracked 
| 106|0x0000000786a00000, 0x0000000786a00000, 0x0000000786b00000|  0%| F|  |TAMS 0x0000000786a00000, 0x0000000786a00000| Untracked 
| 107|0x0000000786b00000, 0x0000000786b00000, 0x0000000786c00000|  0%| F|  |TAMS 0x0000000786b00000, 0x0000000786b00000| Untracked 
| 108|0x0000000786c00000, 0x0000000786c00000, 0x0000000786d00000|  0%| F|  |TAMS 0x0000000786c00000, 0x0000000786c00000| Untracked 
| 109|0x0000000786d00000, 0x0000000786d00000, 0x0000000786e00000|  0%| F|  |TAMS 0x0000000786d00000, 0x0000000786d00000| Untracked 
| 110|0x0000000786e00000, 0x0000000786e00000, 0x0000000786f00000|  0%| F|  |TAMS 0x0000000786e00000, 0x0000000786e00000| Untracked 
| 111|0x0000000786f00000, 0x0000000786f00000, 0x0000000787000000|  0%| F|  |TAMS 0x0000000786f00000, 0x0000000786f00000| Untracked 
| 112|0x0000000787000000, 0x0000000787000000, 0x0000000787100000|  0%| F|  |TAMS 0x0000000787000000, 0x0000000787000000| Untracked 
| 113|0x0000000787100000, 0x0000000787100000, 0x0000000787200000|  0%| F|  |TAMS 0x0000000787100000, 0x0000000787100000| Untracked 
| 114|0x0000000787200000, 0x0000000787200000, 0x0000000787300000|  0%| F|  |TAMS 0x0000000787200000, 0x0000000787200000| Untracked 
| 115|0x0000000787300000, 0x0000000787300000, 0x0000000787400000|  0%| F|  |TAMS 0x0000000787300000, 0x0000000787300000| Untracked 
| 116|0x0000000787400000, 0x0000000787400000, 0x0000000787500000|  0%| F|  |TAMS 0x0000000787400000, 0x0000000787400000| Untracked 
| 117|0x0000000787500000, 0x0000000787500000, 0x0000000787600000|  0%| F|  |TAMS 0x0000000787500000, 0x0000000787500000| Untracked 
| 118|0x0000000787600000, 0x0000000787600000, 0x0000000787700000|  0%| F|  |TAMS 0x0000000787600000, 0x0000000787600000| Untracked 
| 119|0x0000000787700000, 0x0000000787700000, 0x0000000787800000|  0%| F|  |TAMS 0x0000000787700000, 0x0000000787700000| Untracked 
| 120|0x0000000787800000, 0x0000000787800000, 0x0000000787900000|  0%| F|  |TAMS 0x0000000787800000, 0x0000000787800000| Untracked 
| 121|0x0000000787900000, 0x0000000787900000, 0x0000000787a00000|  0%| F|  |TAMS 0x0000000787900000, 0x0000000787900000| Untracked 
| 122|0x0000000787a00000, 0x0000000787ac4830, 0x0000000787b00000| 76%| E|  |TAMS 0x0000000787a00000, 0x0000000787a00000| Complete 
| 123|0x0000000787b00000, 0x0000000787c00000, 0x0000000787c00000|100%| E|CS|TAMS 0x0000000787b00000, 0x0000000787b00000| Complete 
| 124|0x0000000787c00000, 0x0000000787d00000, 0x0000000787d00000|100%| E|CS|TAMS 0x0000000787c00000, 0x0000000787c00000| Complete 
| 125|0x0000000787d00000, 0x0000000787e00000, 0x0000000787e00000|100%| E|CS|TAMS 0x0000000787d00000, 0x0000000787d00000| Complete 
| 126|0x0000000787e00000, 0x0000000787f00000, 0x0000000787f00000|100%| E|CS|TAMS 0x0000000787e00000, 0x0000000787e00000| Complete 
| 127|0x0000000787f00000, 0x0000000788000000, 0x0000000788000000|100%| E|CS|TAMS 0x0000000787f00000, 0x0000000787f00000| Complete 
|1022|0x00000007bfe00000, 0x00000007bfe51000, 0x00000007bff00000| 31%|OA|  |TAMS 0x00000007bfe00000, 0x00000007bfe00000| Untracked 
|1023|0x00000007bff00000, 0x00000007bff79000, 0x00000007c0000000| 47%|CA|  |TAMS 0x00000007bff00000, 0x00000007bff00000| Untracked 

Card table byte_map: [0x000000010b751000,0x000000010bb51000] _byte_map_base: 0x0000000107b51000

Marking Bits (Prev, Next): (CMBitMap*) 0x00007f7d1380c810, (CMBitMap*) 0x00007f7d1380c850
 Prev Bits: [0x00000001150ab000, 0x00000001170ab000)
 Next Bits: [0x00000001170ab000, 0x00000001190ab000)

Polling page: 0x000000010b0ad000

Metaspace:

Usage:
  Non-class:     10.70 MB capacity,    10.43 MB ( 97%) used,   263.91 KB (  2%) free+waste,    18.06 KB ( <1%) overhead. 
      Class:      1.78 MB capacity,     1.69 MB ( 95%) used,    91.83 KB (  5%) free+waste,     8.25 KB ( <1%) overhead. 
       Both:     12.49 MB capacity,    12.11 MB ( 97%) used,   355.74 KB (  3%) free+waste,    26.31 KB ( <1%) overhead. 

Virtual space:
  Non-class space:       12.00 MB reserved,      11.00 MB ( 92%) committed 
      Class space:        1.00 GB reserved,       1.88 MB ( <1%) committed 
             Both:        1.01 GB reserved,      12.88 MB (  1%) committed 

Chunk freelists:
   Non-Class:  144.00 KB
       Class:  29.00 KB
        Both:  173.00 KB

MaxMetaspaceSize: 17179869184.00 GB
CompressedClassSpaceSize: 1.00 GB

CodeHeap 'non-profiled nmethods': size=120032Kb used=389Kb max_used=389Kb free=119642Kb
 bounds [0x0000000120cc4000, 0x0000000120f34000, 0x00000001281fc000]
CodeHeap 'profiled nmethods': size=120028Kb used=2111Kb max_used=2111Kb free=117916Kb
 bounds [0x000000011978d000, 0x00000001199fd000, 0x0000000120cc4000]
CodeHeap 'non-nmethods': size=5700Kb used=1350Kb max_used=1362Kb free=4349Kb
 bounds [0x00000001191fc000, 0x000000011946c000, 0x000000011978d000]
 total_blobs=1923 nmethods=1261 adapters=576
 compilation: enabled
              stopped_count=0, restarted_count=0
 full_count=0

Compilation events (20 events):
Event: 2.380 Thread 0x00007f7d1383a000 nmethod 1259 0x0000000119999f90 code [0x000000011999a120, 0x000000011999a240]
Event: 2.380 Thread 0x00007f7d1383a000 1264       3       com.sun.javafx.css.StyleMap::isEmpty (36 bytes)
Event: 2.380 Thread 0x00007f7d1383a000 nmethod 1264 0x000000011999a310 code [0x000000011999a4c0, 0x000000011999a7f0]
Event: 2.381 Thread 0x00007f7d1383a000 1265       3       javafx.scene.CssStyleHelper::getStyle (162 bytes)
Event: 2.382 Thread 0x00007f7d1383a000 nmethod 1265 0x000000011999a910 code [0x000000011999ab80, 0x000000011999b870]
Event: 2.382 Thread 0x00007f7d1383a000 1266       3       java.util.AbstractCollection::isEmpty (13 bytes)
Event: 2.382 Thread 0x00007f7d1383a000 nmethod 1266 0x000000011999bc90 code [0x000000011999be20, 0x000000011999c040]
Event: 2.382 Thread 0x00007f7d1383a000 1267       1       javafx.css.ParsedValue::getValue (5 bytes)
Event: 2.383 Thread 0x00007f7d1383a000 nmethod 1267 0x0000000120d22f10 code [0x0000000120d230a0, 0x0000000120d23150]
Event: 2.397 Thread 0x00007f7d1383a000 1268       3       java.lang.String::equals (50 bytes)
Event: 2.397 Thread 0x00007f7d1383a000 nmethod 1268 0x000000011999c110 code [0x000000011999c2c0, 0x000000011999c6e0]
Event: 2.399 Thread 0x00007f7d13836800 nmethod 1238 0x0000000120d23210 code [0x0000000120d233e0, 0x0000000120d24478]
Event: 2.400 Thread 0x00007f7d13836800 1256       4       jdk.internal.org.objectweb.asm.SymbolTable$Entry::<init> (17 bytes)
Event: 2.402 Thread 0x00007f7d13836800 nmethod 1256 0x0000000120d24c90 code [0x0000000120d24e00, 0x0000000120d25018]
Event: 2.402 Thread 0x00007f7d13836800 1223       4       java.util.HashMap$HashIterator::hasNext (13 bytes)
Event: 2.403 Thread 0x00007f7d13836800 nmethod 1223 0x0000000120d25090 code [0x0000000120d25200, 0x0000000120d25278]
Event: 2.403 Thread 0x00007f7d13836800 1232       4       java.util.HashMap::afterNodeAccess (1 bytes)
Event: 2.403 Thread 0x00007f7d13836800 nmethod 1232 0x0000000120d25390 code [0x0000000120d25500, 0x0000000120d25558]
Event: 2.417 Thread 0x00007f7d1383a000 1269       3       javafx.scene.Node::getScene (11 bytes)
Event: 2.417 Thread 0x00007f7d1383a000 nmethod 1269 0x000000011999c810 code [0x000000011999c9c0, 0x000000011999cde0]

GC Heap History (4 events):
Event: 1.071 GC heap before
{Heap before GC invocations=0 (full 0):
 garbage-first heap   total 133120K, used 13096K [0x0000000780000000, 0x0000000800000000)
  region size 1024K, 13 young (13312K), 0 survivors (0K)
 Metaspace       used 3918K, capacity 6294K, committed 6528K, reserved 1056768K
  class space    used 436K, capacity 624K, committed 640K, reserved 1048576K
}
Event: 1.075 GC heap after
{Heap after GC invocations=1 (full 0):
 garbage-first heap   total 133120K, used 2519K [0x0000000780000000, 0x0000000800000000)
  region size 1024K, 2 young (2048K), 2 survivors (2048K)
 Metaspace       used 3918K, capacity 6294K, committed 6528K, reserved 1056768K
  class space    used 436K, capacity 624K, committed 640K, reserved 1048576K
}
Event: 1.892 GC heap before
{Heap before GC invocations=1 (full 0):
 garbage-first heap   total 133120K, used 24023K [0x0000000780000000, 0x0000000800000000)
  region size 1024K, 24 young (24576K), 2 survivors (2048K)
 Metaspace       used 10740K, capacity 11224K, committed 11520K, reserved 1058816K
  class space    used 1448K, capacity 1499K, committed 1536K, reserved 1048576K
}
Event: 1.901 GC heap after
{Heap after GC invocations=2 (full 0):
 garbage-first heap   total 133120K, used 6626K [0x0000000780000000, 0x0000000800000000)
  region size 1024K, 3 young (3072K), 3 survivors (3072K)
 Metaspace       used 10740K, capacity 11224K, committed 11520K, reserved 1058816K
  class space    used 1448K, capacity 1499K, committed 1536K, reserved 1048576K
}

Deoptimization events (20 events):
Event: 2.033 Thread 0x00007f7d13a08400 Uncommon trap: trap_request=0xffffffde fr.pc=0x0000000120ce4a9c relative=0x000000000000019c
Event: 2.033 Thread 0x00007f7d13a08400 Uncommon trap: reason=class_check action=maybe_recompile pc=0x0000000120ce4a9c method=java.lang.String.equals(Ljava/lang/Object;)Z @ 8 c2
Event: 2.033 Thread 0x00007f7d13a08400 DEOPT PACKING pc=0x0000000120ce4a9c sp=0x00007ff7b4f885d0
Event: 2.033 Thread 0x00007f7d13a08400 DEOPT UNPACKING pc=0x000000011924a125 sp=0x00007ff7b4f88598 mode 2
Event: 2.330 Thread 0x00007f7d13a08400 Uncommon trap: trap_request=0xffffff45 fr.pc=0x0000000120ccd044 relative=0x0000000000000044
Event: 2.330 Thread 0x00007f7d13a08400 Uncommon trap: reason=unstable_if action=reinterpret pc=0x0000000120ccd044 method=java.lang.CharacterData.of(I)Ljava/lang/CharacterData; @ 4 c2
Event: 2.330 Thread 0x00007f7d13a08400 DEOPT PACKING pc=0x0000000120ccd044 sp=0x00007ff7b4f87ea0
Event: 2.330 Thread 0x00007f7d13a08400 DEOPT UNPACKING pc=0x000000011924a125 sp=0x00007ff7b4f87e60 mode 2
Event: 2.330 Thread 0x00007f7d13a08400 Uncommon trap: trap_request=0xffffff45 fr.pc=0x0000000120ce3f58 relative=0x0000000000000058
Event: 2.330 Thread 0x00007f7d13a08400 Uncommon trap: reason=unstable_if action=reinterpret pc=0x0000000120ce3f58 method=java.lang.String.isLatin1()Z @ 10 c2
Event: 2.330 Thread 0x00007f7d13a08400 DEOPT PACKING pc=0x0000000120ce3f58 sp=0x00007ff7b4f87710
Event: 2.330 Thread 0x00007f7d13a08400 DEOPT UNPACKING pc=0x000000011924a125 sp=0x00007ff7b4f876c0 mode 2
Event: 2.332 Thread 0x00007f7d13a08400 Uncommon trap: trap_request=0xffffff45 fr.pc=0x0000000120cce728 relative=0x00000000000001a8
Event: 2.332 Thread 0x00007f7d13a08400 Uncommon trap: reason=unstable_if action=reinterpret pc=0x0000000120cce728 method=java.lang.String.isLatin1()Z @ 10 c2
Event: 2.332 Thread 0x00007f7d13a08400 DEOPT PACKING pc=0x0000000120cce728 sp=0x00007ff7b4f87f80
Event: 2.332 Thread 0x00007f7d13a08400 DEOPT UNPACKING pc=0x000000011924a125 sp=0x00007ff7b4f87ed0 mode 2
Event: 2.381 Thread 0x00007f7d13a08400 Uncommon trap: trap_request=0xffffffde fr.pc=0x0000000120ce4a9c relative=0x000000000000019c
Event: 2.381 Thread 0x00007f7d13a08400 Uncommon trap: reason=class_check action=maybe_recompile pc=0x0000000120ce4a9c method=java.lang.String.equals(Ljava/lang/Object;)Z @ 8 c2
Event: 2.381 Thread 0x00007f7d13a08400 DEOPT PACKING pc=0x0000000120ce4a9c sp=0x00007ff7b4f88230
Event: 2.381 Thread 0x00007f7d13a08400 DEOPT UNPACKING pc=0x000000011924a125 sp=0x00007ff7b4f881f8 mode 2

Classes unloaded (0 events):
No events

Classes redefined (0 events):
No events

Internal exceptions (20 events):
Event: 0.429 Thread 0x00007f7d14810a00 Exception <a 'java/lang/NoSuchMethodError'{0x0000000787bce398}: 'java.lang.Object java.lang.invoke.DirectMethodHandle$Holder.invokeStatic(java.lang.Object)'> (0x0000000787bce398) 
thrown [./open/src/hotspot/share/interpreter/linkResolver.cpp, line 782]
Event: 0.430 Thread 0x00007f7d14810a00 Exception <a 'java/lang/NoSuchMethodError'{0x0000000787bd1aa0}: 'java.lang.Object java.lang.invoke.DirectMethodHandle$Holder.invokeStaticInit(java.lang.Object)'> (0x0000000787bd1aa0) 
thrown [./open/src/hotspot/share/interpreter/linkResolver.cpp, line 782]
Event: 0.435 Thread 0x00007f7d14810a00 Exception <a 'java/lang/ClassNotFoundException'{0x0000000787bdc9d8}: jdk/net/ExtendedSocketOptions> (0x0000000787bdc9d8) 
thrown [./open/src/hotspot/share/classfile/systemDictionary.cpp, line 295]
Event: 0.438 Thread 0x00007f7d14810a00 Exception <a 'java/lang/NoSuchMethodError'{0x0000000787bde118}: 'void java.lang.invoke.DirectMethodHandle$Holder.invokeStatic(java.lang.Object, java.lang.Object)'> (0x0000000787bde118) 
thrown [./open/src/hotspot/share/interpreter/linkResolver.cpp, line 782]
Event: 0.558 Thread 0x00007f7d1280d000 Exception <a 'java/lang/NoSuchMethodError'{0x0000000787742288}: 'void java.lang.invoke.DirectMethodHandle$Holder.invokeStatic(java.lang.Object, java.lang.Object, java.lang.Object)'> (0x0000000787742288) 
thrown [./open/src/hotspot/share/interpreter/linkResolver.cpp, line 782]
Event: 0.607 Thread 0x00007f7d12813600 Exception <a 'java/lang/NoSuchMethodError'{0x000000078763e890}: 'void java.lang.invoke.DirectMethodHandle$Holder.invokeStaticInit(java.lang.Object, java.lang.Object)'> (0x000000078763e890) 
thrown [./open/src/hotspot/share/interpreter/linkResolver.cpp, line 782]
Event: 0.746 Thread 0x00007f7d1280d000 Exception <a 'java/lang/NoSuchMethodError'{0x000000078775ebe0}: 'int java.lang.invoke.DirectMethodHandle$Holder.invokeStaticInit(java.lang.Object, java.lang.Object, java.lang.Object)'> (0x000000078775ebe0) 
thrown [./open/src/hotspot/share/interpreter/linkResolver.cpp, line 782]
Event: 1.106 Thread 0x00007f7d13a08400 Exception <a 'java/lang/NoSuchMethodError'{0x0000000787e46c58}: 'void java.lang.invoke.DirectMethodHandle$Holder.invokeStaticInit(java.lang.Object)'> (0x0000000787e46c58) 
thrown [./open/src/hotspot/share/interpreter/linkResolver.cpp, line 782]
Event: 1.109 Thread 0x00007f7d1280d000 Exception <a 'java/lang/NoSuchMethodError'{0x0000000787e7b818}: 'java.lang.Object java.lang.invoke.DirectMethodHandle$Holder.newInvokeSpecial(java.lang.Object, java.lang.Object, java.lang.Object, java.lang.Object, java.lang.Object, java.lang.Object)'> (0x0000000787e7b818) 
thrown [./open/src/hotspot/share/interpreter/linkResolver.cpp, line 782]
Event: 1.141 Thread 0x00007f7d1280d000 Exception <a 'java/lang/NoSuchMethodError'{0x0000000787eab670}: 'java.lang.Object java.lang.invoke.DirectMethodHandle$Holder.newInvokeSpecial(java.lang.Object, java.lang.Object, java.lang.Object, java.lang.Object, java.lang.Object)'> (0x0000000787eab670) 
thrown [./open/src/hotspot/share/interpreter/linkResolver.cpp, line 782]
Event: 1.282 Thread 0x00007f7d13a08400 Exception <a 'sun/nio/fs/UnixException'{0x0000000787ad3098}> (0x0000000787ad3098) 
thrown [./open/src/hotspot/share/prims/jni.cpp, line 578]
Event: 1.363 Thread 0x00007f7d13a08400 Exception <a 'java/lang/NoSuchMethodError'{0x00000007877bc648}: 'java.lang.Object java.lang.invoke.DirectMethodHandle$Holder.invokeStaticInit(java.lang.Object, java.lang.Object, java.lang.Object, java.lang.Object)'> (0x00000007877bc648) 
thrown [./open/src/hotspot/share/interpreter/linkResolver.cpp, line 782]
Event: 1.365 Thread 0x00007f7d13a08400 Exception <a 'java/lang/NullPointerException'{0x00000007877c8a80}> (0x00000007877c8a80) 
thrown [./open/src/hotspot/share/interpreter/linkResolver.cpp, line 1374]
Event: 1.388 Thread 0x00007f7d13a08400 Exception <a 'sun/nio/fs/UnixException'{0x0000000787631c78}> (0x0000000787631c78) 
thrown [./open/src/hotspot/share/prims/jni.cpp, line 578]
Event: 1.411 Thread 0x00007f7d13a08400 Exception <a 'sun/nio/fs/UnixException'{0x00000007876bba98}> (0x00000007876bba98) 
thrown [./open/src/hotspot/share/prims/jni.cpp, line 578]
Event: 1.421 Thread 0x00007f7d13a08400 Exception <a 'java/lang/ClassNotFoundException'{0x00000007876d0410}: sun/util/logging/resources/spi/loggingProvider> (0x00000007876d0410) 
thrown [./open/src/hotspot/share/classfile/systemDictionary.cpp, line 295]
Event: 1.461 Thread 0x00007f7d13a08400 Exception <a 'java/lang/NoSuchMethodError'{0x0000000787438798}: 'java.lang.Object java.lang.invoke.DirectMethodHandle$Holder.invokeSpecial(java.lang.Object, java.lang.Object, java.lang.Object, int, java.lang.Object)'> (0x0000000787438798) 
thrown [./open/src/hotspot/share/interpreter/linkResolver.cpp, line 782]
Event: 1.835 Thread 0x00007f7d13a08400 Implicit null exception at 0x0000000120d1998f to 0x0000000120d19d5c
Event: 2.360 Thread 0x00007f7d13a08400 Exception <a 'java/lang/NoSuchMethodError'{0x0000000787ccef60}: 'java.lang.Object java.lang.invoke.DirectMethodHandle$Holder.invokeInterface(java.lang.Object, java.lang.Object, java.lang.Object)'> (0x0000000787ccef60) 
thrown [./open/src/hotspot/share/interpreter/linkResolver.cpp, line 782]
Event: 2.360 Thread 0x00007f7d13a08400 Exception <a 'java/lang/IncompatibleClassChangeError'{0x0000000787cd2ae0}: Found class java.lang.Object, but interface was expected> (0x0000000787cd2ae0) 
thrown [./open/src/hotspot/share/interpreter/linkResolver.cpp, line 848]

Events (20 events):
Event: 2.344 loading class sun/nio/cs/StandardCharsets$Cache
Event: 2.344 loading class sun/nio/cs/StandardCharsets$Cache done
Event: 2.344 loading class java/nio/charset/StandardCharsets
Event: 2.344 loading class java/nio/charset/StandardCharsets done
Event: 2.344 loading class sun/nio/cs/UTF_16BE
Event: 2.344 loading class sun/nio/cs/UTF_16BE done
Event: 2.345 loading class sun/nio/cs/UTF_16LE
Event: 2.345 loading class sun/nio/cs/UTF_16LE done
Event: 2.345 loading class sun/nio/cs/UTF_16
Event: 2.345 loading class sun/nio/cs/UTF_16 done
Event: 2.345 loading class java/lang/StringCoding$StringDecoder
Event: 2.345 loading class java/lang/StringCoding$StringDecoder done
Event: 2.345 loading class sun/nio/cs/UTF_16BE$Decoder
Event: 2.345 loading class sun/nio/cs/UnicodeDecoder
Event: 2.345 loading class sun/nio/cs/UnicodeDecoder done
Event: 2.345 loading class sun/nio/cs/UTF_16BE$Decoder done
Event: 2.345 loading class sun/nio/cs/ArrayDecoder
Event: 2.345 loading class sun/nio/cs/ArrayDecoder done
Event: 2.351 Thread 0x00007f7d14216000 Thread added: 0x00007f7d14216000
Event: 2.354 Protecting memory [0x0000700005f96000,0x0000700005f9a000] with protection modes 0


Dynamic libraries:
0x000000010b08f000 	/Library/Java/JavaVirtualMachines/jdk-15.0.2.jdk/Contents/Home/lib/libjli.dylib
0x00007ff815526000 	/usr/lib/libz.1.dylib
0x00007ff815606000 	/usr/lib/libSystem.B.dylib
0x00007ff815601000 	/usr/lib/system/libcache.dylib
0x00007ff8155bd000 	/usr/lib/system/libcommonCrypto.dylib
0x00007ff8155e6000 	/usr/lib/system/libcompiler_rt.dylib
0x00007ff8155dc000 	/usr/lib/system/libcopyfile.dylib
0x00007ff80a5b1000 	/usr/lib/system/libcorecrypto.dylib
0x00007ff80a66f000 	/usr/lib/system/libdispatch.dylib
0x00007ff80a833000 	/usr/lib/system/libdyld.dylib
0x00007ff8155f8000 	/usr/lib/system/libkeymgr.dylib
0x00007ff81559b000 	/usr/lib/system/libmacho.dylib
0x00007ff814c1a000 	/usr/lib/system/libquarantine.dylib
0x00007ff8155f6000 	/usr/lib/system/libremovefile.dylib
0x00007ff80f7ad000 	/usr/lib/system/libsystem_asl.dylib
0x00007ff80a55a000 	/usr/lib/system/libsystem_blocks.dylib
0x00007ff80a6f7000 	/usr/lib/system/libsystem_c.dylib
0x00007ff8155ee000 	/usr/lib/system/libsystem_collections.dylib
0x00007ff813ec7000 	/usr/lib/system/libsystem_configuration.dylib
0x00007ff813173000 	/usr/lib/system/libsystem_containermanager.dylib
0x00007ff8152d4000 	/usr/lib/system/libsystem_coreservices.dylib
0x00007ff80ce56000 	/usr/lib/system/libsystem_darwin.dylib
0x00007ff8155f9000 	/usr/lib/system/libsystem_dnssd.dylib
0x00007ff80a6f4000 	/usr/lib/system/libsystem_featureflags.dylib
0x00007ff80a849000 	/usr/lib/system/libsystem_info.dylib
0x00007ff815539000 	/usr/lib/system/libsystem_m.dylib
0x00007ff80a643000 	/usr/lib/system/libsystem_malloc.dylib
0x00007ff80f748000 	/usr/lib/system/libsystem_networkextension.dylib
0x00007ff80d27c000 	/usr/lib/system/libsystem_notify.dylib
0x00007ff81b864000 	/usr/lib/system/libsystem_product_info_filter.dylib
0x00007ff813ecb000 	/usr/lib/system/libsystem_sandbox.dylib
0x00007ff8155f3000 	/usr/lib/system/libsystem_secinit.dylib
0x00007ff80a7ef000 	/usr/lib/system/libsystem_kernel.dylib
0x00007ff80a83f000 	/usr/lib/system/libsystem_platform.dylib
0x00007ff80a827000 	/usr/lib/system/libsystem_pthread.dylib
0x00007ff810ff5000 	/usr/lib/system/libsystem_symptoms.dylib
0x00007ff80a598000 	/usr/lib/system/libsystem_trace.dylib
0x00007ff8155c9000 	/usr/lib/system/libunwind.dylib
0x00007ff80a55c000 	/usr/lib/system/libxpc.dylib
0x00007ff80a7d9000 	/usr/lib/libc++abi.dylib
0x00007ff80a6b6000 	/usr/lib/libobjc.A.dylib
0x00007ff8155d4000 	/usr/lib/liboah.dylib
0x00007ff80a780000 	/usr/lib/libc++.1.dylib
0x00007ff821661000 	/System/Library/Frameworks/Cocoa.framework/Versions/A/Cocoa
0x00007ff80d2da000 	/System/Library/Frameworks/AppKit.framework/Versions/C/AppKit
0x00007ff8107e5000 	/System/Library/Frameworks/CoreData.framework/Versions/A/CoreData
0x00007ff80b6e6000 	/System/Library/Frameworks/Foundation.framework/Versions/C/Foundation
0x00007ff80e168000 	/System/Library/PrivateFrameworks/UIFoundation.framework/Versions/A/UIFoundation
0x00007ff81b567000 	/System/Library/PrivateFrameworks/RemoteViewServices.framework/Versions/A/RemoteViewServices
0x00007ff813851000 	/System/Library/PrivateFrameworks/XCTTargetBootstrap.framework/Versions/A/XCTTargetBootstrap
0x00007ff81740d000 	/System/Library/PrivateFrameworks/InternationalSupport.framework/Versions/A/InternationalSupport
0x00007ff817497000 	/System/Library/PrivateFrameworks/UserActivity.framework/Versions/A/UserActivity
0x00007ff8167ed000 	/usr/lib/libspindump.dylib
0x00007ff80e3f6000 	/System/Library/Frameworks/UniformTypeIdentifiers.framework/Versions/A/UniformTypeIdentifiers
0x00007ff811f7a000 	/usr/lib/libapp_launch_measurement.dylib
0x00007ff8111b5000 	/System/Library/PrivateFrameworks/CoreAnalytics.framework/Versions/A/CoreAnalytics
0x00007ff811f7d000 	/System/Library/PrivateFrameworks/CoreAutoLayout.framework/Versions/A/CoreAutoLayout
0x00007ff8131ab000 	/System/Library/Frameworks/Metal.framework/Versions/A/Metal
0x00007ff813ed7000 	/usr/lib/liblangid.dylib
0x00007ff813856000 	/System/Library/PrivateFrameworks/CoreSVG.framework/Versions/A/CoreSVG
0x00007ff80f7dd000 	/System/Library/PrivateFrameworks/SkyLight.framework/Versions/A/SkyLight
0x00007ff80fb7b000 	/System/Library/Frameworks/CoreGraphics.framework/Versions/A/CoreGraphics
0x00007ff81bc27000 	/System/Library/Frameworks/Accelerate.framework/Versions/A/Accelerate
0x00007ff81626c000 	/System/Library/PrivateFrameworks/IconServices.framework/Versions/A/IconServices
0x00007ff813190000 	/System/Library/Frameworks/IOSurface.framework/Versions/A/IOSurface
0x00007ff8111e3000 	/usr/lib/libDiagnosticMessagesClient.dylib
0x00007ff81f30a000 	/System/Library/Frameworks/ApplicationServices.framework/Versions/A/ApplicationServices
0x00007ff81383d000 	/System/Library/PrivateFrameworks/DFRFoundation.framework/Versions/A/DFRFoundation
0x00007ff80cbc2000 	/usr/lib/libicucore.A.dylib
0x00007ff818202000 	/System/Library/Frameworks/AudioToolbox.framework/Versions/A/AudioToolbox
0x00007ff817419000 	/System/Library/PrivateFrameworks/DataDetectorsCore.framework/Versions/A/DataDetectorsCore
0x00007ff9133a6000 	/System/Library/PrivateFrameworks/TextInput.framework/Versions/A/TextInput
0x00007ff80f760000 	/usr/lib/libMobileGestalt.dylib
0x00007ff813549000 	/System/Library/Frameworks/Carbon.framework/Versions/A/Frameworks/HIToolbox.framework/Versions/A/HIToolbox
0x00007ff811980000 	/System/Library/Frameworks/QuartzCore.framework/Versions/A/QuartzCore
0x00007ff80c869000 	/System/Library/Frameworks/Security.framework/Versions/A/Security
0x00007ff81b59f000 	/System/Library/Frameworks/Carbon.framework/Versions/A/Frameworks/SpeechRecognition.framework/Versions/A/SpeechRecognition
0x00007ff811cda000 	/System/Library/PrivateFrameworks/CoreUI.framework/Versions/A/CoreUI
0x00007ff80c135000 	/System/Library/Frameworks/CoreAudio.framework/Versions/A/CoreAudio
0x00007ff8112d2000 	/System/Library/Frameworks/DiskArbitration.framework/Versions/A/DiskArbitration
0x00007ff816bdb000 	/System/Library/PrivateFrameworks/MultitouchSupport.framework/Versions/A/MultitouchSupport
0x00007ff80f75f000 	/usr/lib/libenergytrace.dylib
0x00007ff80d1c6000 	/System/Library/Frameworks/IOKit.framework/Versions/A/IOKit
0x00007ff81b98f000 	/System/Library/Frameworks/CoreServices.framework/Versions/A/CoreServices
0x00007ff811f14000 	/System/Library/PrivateFrameworks/PerformanceAnalysis.framework/Versions/A/PerformanceAnalysis
0x00007ffa228ca000 	/System/Library/Frameworks/OpenGL.framework/Versions/A/OpenGL
0x00007ff814b40000 	/System/Library/PrivateFrameworks/MobileKeyBag.framework/Versions/A/MobileKeyBag
0x00007ff810246000 	/System/Library/Frameworks/ColorSync.framework/Versions/A/ColorSync
0x00007ff80a874000 	/System/Library/Frameworks/CoreFoundation.framework/Versions/A/CoreFoundation
0x00007ff813acd000 	/System/Library/Frameworks/CoreImage.framework/Versions/A/CoreImage
0x00007ff80bf4d000 	/System/Library/Frameworks/CoreText.framework/Versions/A/CoreText
0x00007ff813886000 	/System/Library/Frameworks/ImageIO.framework/Versions/A/ImageIO
0x00007ff81560c000 	/System/Library/PrivateFrameworks/SoftLinking.framework/Versions/A/SoftLinking
0x00007ff811fc5000 	/usr/lib/libxml2.2.dylib
0x00007ff815890000 	/usr/lib/libcompression.dylib
0x00007ff817340000 	/System/Library/PrivateFrameworks/TextureIO.framework/Versions/A/TextureIO
0x00007ff815f7e000 	/usr/lib/libate.dylib
0x00007ff815d5a000 	/usr/lib/liblzma.5.dylib
0x00007ff80b3f9000 	/System/Library/Frameworks/SystemConfiguration.framework/Versions/A/SystemConfiguration
0x00007ff815608000 	/usr/lib/libfakelink.dylib
0x00007ff80f2b9000 	/System/Library/Frameworks/CFNetwork.framework/Versions/A/CFNetwork
0x00007ff815749000 	/usr/lib/libarchive.2.dylib
0x00007ff813ed3000 	/System/Library/PrivateFrameworks/AppleSystemInfo.framework/Versions/A/AppleSystemInfo
0x00007ff814c41000 	/usr/lib/libbsm.0.dylib
0x00007ff80e8cc000 	/usr/lib/libnetwork.dylib
0x00007ff8155a1000 	/usr/lib/system/libkxld.dylib
0x00007ff81486d000 	/System/Library/PrivateFrameworks/IOMobileFramebuffer.framework/Versions/A/IOMobileFramebuffer
0x00007ffb21dd1000 	/usr/lib/libCoreEntitlements.dylib
0x00007ff8152b6000 	/System/Library/PrivateFrameworks/AppleFSCompression.framework/Versions/A/AppleFSCompression
0x00007ff814c29000 	/usr/lib/libcoretls.dylib
0x00007ff815d74000 	/usr/lib/libcoretls_cfhelpers.dylib
0x00007ff81588b000 	/usr/lib/libpam.2.dylib
0x00007ff810c15000 	/usr/lib/libsqlite3.dylib
0x00007ff815de3000 	/usr/lib/libxar.1.dylib
0x00007ff8152c6000 	/usr/lib/libbz2.1.0.dylib
0x00007ff81560d000 	/usr/lib/libpcap.A.dylib
0x00007ff810fed000 	/usr/lib/libdns_services.dylib
0x00007ff81585b000 	/usr/lib/libapple_nghttp2.dylib
0x00007ff815647000 	/usr/lib/libiconv.2.dylib
0x00007ff81559a000 	/usr/lib/libcharset.1.dylib
0x00007ff811f48000 	/System/Library/Frameworks/CoreServices.framework/Versions/A/Frameworks/FSEvents.framework/Versions/A/FSEvents
0x00007ff80ce60000 	/System/Library/Frameworks/CoreServices.framework/Versions/A/Frameworks/CarbonCore.framework/Versions/A/CarbonCore
0x00007ff811236000 	/System/Library/Frameworks/CoreServices.framework/Versions/A/Frameworks/Metadata.framework/Versions/A/Metadata
0x00007ff8152d9000 	/System/Library/Frameworks/CoreServices.framework/Versions/A/Frameworks/OSServices.framework/Versions/A/OSServices
0x00007ff8157d0000 	/System/Library/Frameworks/CoreServices.framework/Versions/A/Frameworks/SearchKit.framework/Versions/A/SearchKit
0x00007ff810f80000 	/System/Library/Frameworks/CoreServices.framework/Versions/A/Frameworks/AE.framework/Versions/A/AE
0x00007ff80ad76000 	/System/Library/Frameworks/CoreServices.framework/Versions/A/Frameworks/LaunchServices.framework/Versions/A/LaunchServices
0x00007ff815d0b000 	/System/Library/Frameworks/CoreServices.framework/Versions/A/Frameworks/DictionaryServices.framework/Versions/A/DictionaryServices
0x00007ff811f55000 	/System/Library/Frameworks/CoreServices.framework/Versions/A/Frameworks/SharedFileList.framework/Versions/A/SharedFileList
0x00007ff814c1d000 	/usr/lib/libCheckFix.dylib
0x00007ff80f7c4000 	/System/Library/PrivateFrameworks/TCC.framework/Versions/A/TCC
0x00007ff813ed9000 	/System/Library/PrivateFrameworks/CoreNLP.framework/Versions/A/CoreNLP
0x00007ff8111e6000 	/System/Library/PrivateFrameworks/MetadataUtilities.framework/Versions/A/MetadataUtilities
0x00007ff80b4a9000 	/usr/lib/libmecabra.dylib
0x00007ff814c51000 	/usr/lib/libmecab.dylib
0x00007ff80b474000 	/usr/lib/libCRFSuite.dylib
0x00007ff814cab000 	/usr/lib/libgermantok.dylib
0x00007ff815836000 	/usr/lib/libThaiTokenizer.dylib
0x00007ff8112d9000 	/System/Library/Frameworks/Accelerate.framework/Versions/A/Frameworks/vImage.framework/Versions/A/vImage
0x00007ff81b966000 	/System/Library/Frameworks/Accelerate.framework/Versions/A/Frameworks/vecLib.framework/Versions/A/vecLib
0x00007ff815e24000 	/System/Library/Frameworks/Accelerate.framework/Versions/A/Frameworks/vecLib.framework/Versions/A/libvMisc.dylib
0x00007ff814698000 	/System/Library/Frameworks/Accelerate.framework/Versions/A/Frameworks/vecLib.framework/Versions/A/libvDSP.dylib
0x00007ff80b0f0000 	/System/Library/Frameworks/Accelerate.framework/Versions/A/Frameworks/vecLib.framework/Versions/A/libBLAS.dylib
0x00007ff81596d000 	/System/Library/Frameworks/Accelerate.framework/Versions/A/Frameworks/vecLib.framework/Versions/A/libLAPACK.dylib
0x00007ff814cae000 	/System/Library/Frameworks/Accelerate.framework/Versions/A/Frameworks/vecLib.framework/Versions/A/libLinearAlgebra.dylib
0x00007ff815873000 	/System/Library/Frameworks/Accelerate.framework/Versions/A/Frameworks/vecLib.framework/Versions/A/libSparseBLAS.dylib
0x00007ff815967000 	/System/Library/Frameworks/Accelerate.framework/Versions/A/Frameworks/vecLib.framework/Versions/A/libQuadrature.dylib
0x00007ff813fc4000 	/System/Library/Frameworks/Accelerate.framework/Versions/A/Frameworks/vecLib.framework/Versions/A/libBNNS.dylib
0x00007ff80b38a000 	/System/Library/Frameworks/Accelerate.framework/Versions/A/Frameworks/vecLib.framework/Versions/A/libSparse.dylib
0x00007ff813fbd000 	/System/Library/PrivateFrameworks/LinguisticData.framework/Versions/A/LinguisticData
0x00007ff80b340000 	/System/Library/PrivateFrameworks/Lexicon.framework/Versions/A/Lexicon
0x00007ff815e1d000 	/usr/lib/libChineseTokenizer.dylib
0x00007ff80baa2000 	/System/Library/PrivateFrameworks/LanguageModeling.framework/Versions/A/LanguageModeling
0x00007ff815838000 	/System/Library/PrivateFrameworks/AppleSauce.framework/Versions/A/AppleSauce
0x00007ff81485b000 	/System/Library/PrivateFrameworks/CoreEmoji.framework/Versions/A/CoreEmoji
0x00007ff815738000 	/usr/lib/libcmph.dylib
0x00007ff811f2c000 	/System/Library/Frameworks/OpenDirectory.framework/Versions/A/Frameworks/CFOpenDirectory.framework/Versions/A/CFOpenDirectory
0x00007ff811f20000 	/System/Library/Frameworks/OpenDirectory.framework/Versions/A/OpenDirectory
0x00007ff815d76000 	/System/Library/PrivateFrameworks/APFS.framework/Versions/A/APFS
0x00007ff814b78000 	/System/Library/Frameworks/SecurityFoundation.framework/Versions/A/SecurityFoundation
0x00007ff815df1000 	/usr/lib/libutil.dylib
0x00007ff80d18a000 	/System/Library/PrivateFrameworks/CoreServicesStore.framework/Versions/A/CoreServicesStore
0x00007ff815df5000 	/usr/lib/libxslt.1.dylib
0x00007ff814c05000 	/System/Library/PrivateFrameworks/BackgroundTaskManagement.framework/Versions/A/BackgroundTaskManagement
0x00007ff817260000 	/System/Library/Frameworks/ImageIO.framework/Versions/A/Resources/libRadiance.dylib
0x00007ff817269000 	/System/Library/Frameworks/ImageIO.framework/Versions/A/Resources/libJPEG.dylib
0x00007ff8171ba000 	/System/Library/Frameworks/ImageIO.framework/Versions/A/Resources/libPng.dylib
0x00007ff8171db000 	/System/Library/Frameworks/ImageIO.framework/Versions/A/Resources/libTIFF.dylib
0x00007ff8172c9000 	/System/Library/Frameworks/ImageIO.framework/Versions/A/Resources/libGIF.dylib
0x00007ff816af5000 	/System/Library/Frameworks/ImageIO.framework/Versions/A/Resources/libJP2.dylib
0x00007ff816233000 	/usr/lib/libexpat.1.dylib
0x00007ff816aaa000 	/System/Library/PrivateFrameworks/AppleJPEG.framework/Versions/A/AppleJPEG
0x00007ff81340d000 	/System/Library/PrivateFrameworks/FontServices.framework/libFontParser.dylib
0x00007ff810f2a000 	/System/Library/PrivateFrameworks/RunningBoardServices.framework/Versions/A/RunningBoardServices
0x00007ff821c19000 	/System/Library/PrivateFrameworks/IOSurfaceAccelerator.framework/Versions/A/IOSurfaceAccelerator
0x00007ff816bd7000 	/System/Library/PrivateFrameworks/WatchdogClient.framework/Versions/A/WatchdogClient
0x00007ff80bb90000 	/System/Library/Frameworks/CoreDisplay.framework/Versions/A/CoreDisplay
0x00007ff81330b000 	/System/Library/Frameworks/CoreMedia.framework/Versions/A/CoreMedia
0x00007ff8131a2000 	/System/Library/PrivateFrameworks/IOAccelerator.framework/Versions/A/IOAccelerator
0x00007ff8120a9000 	/System/Library/Frameworks/CoreVideo.framework/Versions/A/CoreVideo
0x00007ff815889000 	/System/Library/Frameworks/MetalPerformanceShaders.framework/Versions/A/MetalPerformanceShaders
0x00007ff816c14000 	/System/Library/Frameworks/VideoToolbox.framework/Versions/A/VideoToolbox
0x00007ff810e74000 	/System/Library/PrivateFrameworks/BaseBoard.framework/Versions/A/BaseBoard
0x00007ff810bfb000 	/System/Library/PrivateFrameworks/ProtocolBuffer.framework/Versions/A/ProtocolBuffer
0x00007ff817259000 	/System/Library/PrivateFrameworks/GPUWrangler.framework/Versions/A/GPUWrangler
0x00007ff81723d000 	/System/Library/PrivateFrameworks/IOPresentment.framework/Versions/A/IOPresentment
0x00007ff817263000 	/System/Library/PrivateFrameworks/DSExternalDisplay.framework/Versions/A/DSExternalDisplay
0x00007ffa228be000 	/System/Library/Frameworks/OpenGL.framework/Versions/A/Libraries/libCoreFSCache.dylib
0x00007ffb0f57a000 	/System/Library/PrivateFrameworks/GPUCompiler.framework/Versions/31001/Libraries/libGPUCompilerUtils.dylib
0x00007ff8172ce000 	/System/Library/PrivateFrameworks/CMCaptureCore.framework/Versions/A/CMCaptureCore
0x00007ff8167db000 	/System/Library/PrivateFrameworks/AppServerSupport.framework/Versions/A/AppServerSupport
0x00007ff818a9a000 	/System/Library/PrivateFrameworks/perfdata.framework/Versions/A/perfdata
0x00007ff80bcbc000 	/System/Library/PrivateFrameworks/AudioToolboxCore.framework/Versions/A/AudioToolboxCore
0x00007ff8132e9000 	/System/Library/PrivateFrameworks/caulk.framework/Versions/A/caulk
0x00007ff8183ac000 	/usr/lib/libAudioStatistics.dylib
0x00007ff90fb54000 	/System/Library/PrivateFrameworks/SystemPolicy.framework/Versions/A/SystemPolicy
0x00007ff818607000 	/usr/lib/libSMC.dylib
0x00007ff821514000 	/System/Library/Frameworks/CoreMIDI.framework/Versions/A/CoreMIDI
0x00007ff817189000 	/usr/lib/libAudioToolboxUtility.dylib
0x00007ff90bdf7000 	/System/Library/PrivateFrameworks/OSAServicesClient.framework/Versions/A/OSAServicesClient
0x00007ff818aa7000 	/usr/lib/libperfcheck.dylib
0x00007ff9105fe000 	/usr/lib/libmis.dylib
0x00007ffa22919000 	/System/Library/Frameworks/OpenGL.framework/Versions/A/Libraries/libGLU.dylib
0x00007ffa228dd000 	/System/Library/Frameworks/OpenGL.framework/Versions/A/Libraries/libGFXShared.dylib
0x00007ffa22ae6000 	/System/Library/Frameworks/OpenGL.framework/Versions/A/Libraries/libGL.dylib
0x00007ffa228e6000 	/System/Library/Frameworks/OpenGL.framework/Versions/A/Libraries/libGLImage.dylib
0x00007ffa228da000 	/System/Library/Frameworks/OpenGL.framework/Versions/A/Libraries/libCVMSPluginSupport.dylib
0x00007ffa228c5000 	/System/Library/Frameworks/OpenGL.framework/Versions/A/Libraries/libCoreVMClient.dylib
0x00007ff813e55000 	/System/Library/Frameworks/MetalPerformanceShaders.framework/Versions/A/Frameworks/MPSCore.framework/Versions/A/MPSCore
0x00007ff815221000 	/System/Library/Frameworks/MetalPerformanceShaders.framework/Versions/A/Frameworks/MPSImage.framework/Versions/A/MPSImage
0x00007ff814cc4000 	/System/Library/Frameworks/MetalPerformanceShaders.framework/Versions/A/Frameworks/MPSNeuralNetwork.framework/Versions/A/MPSNeuralNetwork
0x00007ff815138000 	/System/Library/Frameworks/MetalPerformanceShaders.framework/Versions/A/Frameworks/MPSMatrix.framework/Versions/A/MPSMatrix
0x00007ff814ef3000 	/System/Library/Frameworks/MetalPerformanceShaders.framework/Versions/A/Frameworks/MPSRayIntersector.framework/Versions/A/MPSRayIntersector
0x00007ff815170000 	/System/Library/Frameworks/MetalPerformanceShaders.framework/Versions/A/Frameworks/MPSNDArray.framework/Versions/A/MPSNDArray
0x00007ffa27846000 	/System/Library/Frameworks/MetalPerformanceShaders.framework/Versions/A/Frameworks/MPSFunctions.framework/Versions/A/MPSFunctions
0x00007ff80afcd000 	/System/Library/PrivateFrameworks/MetalTools.framework/Versions/A/MetalTools
0x00007ff813ed1000 	/System/Library/PrivateFrameworks/AggregateDictionary.framework/Versions/A/AggregateDictionary
0x00007ff816015000 	/usr/lib/libIOReport.dylib
0x00007ffa23ef5000 	/System/Library/Frameworks/OpenCL.framework/Versions/A/OpenCL
0x00007ff816379000 	/System/Library/PrivateFrameworks/FaceCore.framework/Versions/A/FaceCore
0x00007ff81636a000 	/System/Library/PrivateFrameworks/GraphVisualizer.framework/Versions/A/GraphVisualizer
0x00007ffb0f485000 	/System/Library/PrivateFrameworks/FontServices.framework/Versions/A/FontServices
0x00007ff816793000 	/System/Library/PrivateFrameworks/OTSVG.framework/Versions/A/OTSVG
0x00007ff811c90000 	/System/Library/Frameworks/ApplicationServices.framework/Versions/A/Frameworks/ATS.framework/Versions/A/Resources/libFontRegistry.dylib
0x00007ff8167e3000 	/System/Library/PrivateFrameworks/FontServices.framework/libhvf.dylib
0x00007ffb0f486000 	/System/Library/PrivateFrameworks/FontServices.framework/libXTFontStaticRegistryData.dylib
0x00007ff8161e3000 	/System/Library/PrivateFrameworks/AppleVA.framework/Versions/A/AppleVA
0x00007ff8183cc000 	/System/Library/Frameworks/ApplicationServices.framework/Versions/A/Frameworks/ATS.framework/Versions/A/ATS
0x00007ff810342000 	/System/Library/Frameworks/ApplicationServices.framework/Versions/A/Frameworks/HIServices.framework/Versions/A/HIServices
0x00007ff8172d8000 	/System/Library/Frameworks/ApplicationServices.framework/Versions/A/Frameworks/PrintCore.framework/Versions/A/PrintCore
0x00007ff81875a000 	/System/Library/Frameworks/ApplicationServices.framework/Versions/A/Frameworks/QD.framework/Versions/A/QD
0x00007ff818752000 	/System/Library/Frameworks/ApplicationServices.framework/Versions/A/Frameworks/ColorSyncLegacy.framework/Versions/A/ColorSyncLegacy
0x00007ff8183bc000 	/System/Library/Frameworks/ApplicationServices.framework/Versions/A/Frameworks/SpeechSynthesis.framework/Versions/A/SpeechSynthesis
0x00007ff817299000 	/System/Library/Frameworks/ApplicationServices.framework/Versions/A/Frameworks/ATSUI.framework/Versions/A/ATSUI
0x00007ff8186e7000 	/usr/lib/libcups.2.dylib
0x00007ff818ab6000 	/System/Library/Frameworks/Kerberos.framework/Versions/A/Kerberos
0x00007ff818ac5000 	/System/Library/Frameworks/GSS.framework/Versions/A/GSS
0x00007ff818438000 	/usr/lib/libresolv.9.dylib
0x00007ff8167f2000 	/System/Library/PrivateFrameworks/Heimdal.framework/Versions/A/Heimdal
0x00007ff81f692000 	/System/Library/Frameworks/Kerberos.framework/Versions/A/Libraries/libHeimdalProxy.dylib
0x00007ff810ffd000 	/System/Library/Frameworks/Network.framework/Versions/A/Network
0x00007ff81624d000 	/usr/lib/libheimdal-asn1.dylib
0x00007ff818b10000 	/System/Library/PrivateFrameworks/CommonAuth.framework/Versions/A/CommonAuth
0x00007ff81833e000 	/System/Library/PrivateFrameworks/AudioSession.framework/Versions/A/AudioSession
0x00007ff8162dd000 	/System/Library/PrivateFrameworks/MediaExperience.framework/Versions/A/MediaExperience
0x00007ff8181d1000 	/System/Library/PrivateFrameworks/AudioSession.framework/libSessionUtility.dylib
0x00007ff818766000 	/System/Library/PrivateFrameworks/AudioResourceArbitration.framework/Versions/A/AudioResourceArbitration
0x00007ff81c7d9000 	/System/Library/PrivateFrameworks/PowerLog.framework/Versions/A/PowerLog
0x00007ff816256000 	/System/Library/PrivateFrameworks/IconFoundation.framework/Versions/A/IconFoundation
0x00007ff81b58f000 	/System/Library/PrivateFrameworks/SpeechRecognitionCore.framework/Versions/A/SpeechRecognitionCore
0x000000010bfeb000 	/Library/Java/JavaVirtualMachines/jdk-15.0.2.jdk/Contents/Home/lib/server/libjvm.dylib
0x000000010b0b9000 	/Library/Java/JavaVirtualMachines/jdk-15.0.2.jdk/Contents/Home/lib/libjimage.dylib
0x000000010b0d5000 	/Library/Java/JavaVirtualMachines/jdk-15.0.2.jdk/Contents/Home/lib/libinstrument.dylib
0x000000010b110000 	/Library/Java/JavaVirtualMachines/jdk-15.0.2.jdk/Contents/Home/lib/libjava.dylib
0x000000010bf96000 	/Library/Java/JavaVirtualMachines/jdk-15.0.2.jdk/Contents/Home/lib/libnio.dylib
0x000000010bfaa000 	/Library/Java/JavaVirtualMachines/jdk-15.0.2.jdk/Contents/Home/lib/libnet.dylib
0x000000010bfc3000 	/Library/Java/JavaVirtualMachines/jdk-15.0.2.jdk/Contents/Home/lib/libzip.dylib
0x000000010bfd1000 	/Users/mac/.openjfx/cache/17.0.2-ea/libprism_es2.dylib
0x00007ff80d14c000 	/System/Library/PrivateFrameworks/CoreServicesInternal.framework/Versions/A/CoreServicesInternal
0x00007ffa22af1000 	/System/Library/Frameworks/OpenGL.framework/Versions/A/Resources/GLEngine.bundle/GLEngine
0x00007ffa22957000 	/System/Library/Frameworks/OpenGL.framework/Versions/A/Libraries/libGLProgrammability.dylib
0x00007ffa1b2c5000 	/System/Library/Extensions/AppleIntelBDWGraphicsGLDriver.bundle/Contents/MacOS/AppleIntelBDWGraphicsGLDriver
0x00007ff91a738000 	/System/Library/PrivateFrameworks/GPUSupport.framework/Versions/A/Libraries/libGPUSupportMercury.dylib
0x00007ffa22c7b000 	/System/Library/Frameworks/OpenGL.framework/Versions/A/Resources/GLRendererFloat.bundle/GLRendererFloat
0x000000012d296000 	/Users/mac/.openjfx/cache/17.0.2-ea/libglass.dylib
0x00007ff81cdca000 	/System/Library/Frameworks/FileProvider.framework/Versions/A/FileProvider
0x00007ff810de1000 	/System/Library/Frameworks/Accounts.framework/Versions/A/Accounts
0x00007ff81cf43000 	/System/Library/PrivateFrameworks/GenerationalStorage.framework/Versions/A/GenerationalStorage
0x00007ff81da56000 	/System/Library/PrivateFrameworks/CoreSymbolication.framework/Versions/A/CoreSymbolication
0x00007ff81c7ce000 	/System/Library/PrivateFrameworks/SymptomDiagnosticReporter.framework/Versions/A/SymptomDiagnosticReporter
0x00007ff80e40a000 	/System/Library/PrivateFrameworks/DesktopServicesPriv.framework/Versions/A/DesktopServicesPriv
0x00007ff80d28b000 	/usr/lib/libsandbox.1.dylib
0x00007ff812128000 	/System/Library/PrivateFrameworks/UserManagement.framework/Versions/A/UserManagement
0x00007ff81da1b000 	/System/Library/PrivateFrameworks/DebugSymbols.framework/Versions/A/DebugSymbols
0x00007ff818747000 	/System/Library/PrivateFrameworks/NetAuth.framework/Versions/A/NetAuth
0x00007ff819654000 	/System/Library/PrivateFrameworks/Sharing.framework/Versions/A/Sharing
0x00007ff8120fb000 	/System/Library/PrivateFrameworks/login.framework/Versions/A/Frameworks/loginsupport.framework/Versions/A/loginsupport
0x00007ff81ebb9000 	/System/Library/PrivateFrameworks/Apple80211.framework/Versions/A/Apple80211
0x00007ff815306000 	/System/Library/PrivateFrameworks/AuthKit.framework/Versions/A/AuthKit
0x00007ff814951000 	/System/Library/PrivateFrameworks/CoreUtils.framework/Versions/A/CoreUtils
0x00007ff814878000 	/System/Library/Frameworks/CoreWLAN.framework/Versions/A/CoreWLAN
0x00007ff8197b3000 	/System/Library/Frameworks/IOBluetooth.framework/Versions/A/IOBluetooth
0x00007ff81ec21000 	/System/Library/PrivateFrameworks/CoreWiFi.framework/Versions/A/CoreWiFi
0x00007ff81d5ed000 	/System/Library/PrivateFrameworks/FrontBoardServices.framework/Versions/A/FrontBoardServices
0x00007ff81d67e000 	/System/Library/PrivateFrameworks/BoardServices.framework/Versions/A/BoardServices
0x00007ff814b67000 	/System/Library/PrivateFrameworks/AssertionServices.framework/Versions/A/AssertionServices
0x00007ff81eda4000 	/System/Library/PrivateFrameworks/BackBoardServices.framework/Versions/A/BackBoardServices
0x00007ff818ba1000 	/System/Library/PrivateFrameworks/CorePhoneNumbers.framework/Versions/A/CorePhoneNumbers
0x00007ff81c8eb000 	/System/Library/PrivateFrameworks/DiskManagement.framework/Versions/A/DiskManagement
0x00007ff81c7ff000 	/System/Library/PrivateFrameworks/AppleIDAuthSupport.framework/Versions/A/AppleIDAuthSupport
0x00007ffa29e07000 	/System/Library/PrivateFrameworks/AAAFoundation.framework/Versions/A/AAAFoundation
0x00007ff818b82000 	/System/Library/PrivateFrameworks/KeychainCircle.framework/Versions/A/KeychainCircle
0x00007ff81c8b7000 	/System/Library/PrivateFrameworks/MediaKit.framework/Versions/A/MediaKit
0x00007ff81c80b000 	/System/Library/Frameworks/DiscRecording.framework/Versions/A/DiscRecording
0x00007ff81615b000 	/usr/lib/libCoreStorage.dylib
0x00007ff81f092000 	/usr/lib/libcsfde.dylib
0x00007ff819880000 	/System/Library/PrivateFrameworks/ProtectedCloudStorage.framework/Versions/A/ProtectedCloudStorage
0x00007ff81f08e000 	/System/Library/PrivateFrameworks/EFILogin.framework/Versions/A/EFILogin
0x00007ff81cf69000 	/System/Library/PrivateFrameworks/OctagonTrust.framework/Versions/A/OctagonTrust
0x00007ffb0e6f4000 	/System/Library/PrivateFrameworks/CoreUtilsExtras.framework/Versions/A/CoreUtilsExtras
0x00007ff81c732000 	/System/Library/Frameworks/CoreBluetooth.framework/Versions/A/CoreBluetooth
0x00007ff81f717000 	/System/Library/Frameworks/AudioUnit.framework/Versions/A/AudioUnit
0x00007ff816153000 	/usr/lib/libMatch.1.dylib
0x00007ff914bd7000 	/System/Library/Frameworks/Accelerate.framework/Versions/A/Frameworks/vImage.framework/Versions/A/Libraries/libCGInterfaces.dylib
0x000000012e482000 	/usr/lib/libobjc-trampolines.dylib
0x00007ff811e20000 	/System/Library/PrivateFrameworks/ViewBridge.framework/Versions/A/ViewBridge
0x0000000130ffd000 	/Users/mac/.openjfx/cache/17.0.2-ea/libjavafx_font.dylib
0x00007ffb21ee0000 	/usr/lib/libRosetta.dylib
0x00007ff8168a9000 	/System/Library/PrivateFrameworks/login.framework/Versions/A/login


VM Arguments:
jvm_args: -javaagent:/Applications/IntelliJ IDEA CE.app/Contents/lib/idea_rt.jar=52929:/Applications/IntelliJ IDEA CE.app/Contents/bin -Dfile.encoding=UTF-8 --module-path=/Users/mac/.m2/repository/org/openjfx/javafx-base/17.0.2/javafx-base-17.0.2-mac.jar:/Users/mac/.m2/repository/org/kordamp/bootstrapfx/bootstrapfx-core/0.4.0/bootstrapfx-core-0.4.0.jar:/Users/mac/.m2/repository/org/openjfx/javafx-fxml/17.0.2/javafx-fxml-17.0.2-mac.jar:/Users/mac/.m2/repository/org/controlsfx/controlsfx/11.1.2/controlsfx-11.1.2.jar:/Users/mac/eclipse-workspace/java2/javafx/javafx-login/target/classes:/Users/mac/.m2/repository/org/mindrot/jbcrypt/0.4/jbcrypt-0.4.jar:/Users/mac/.m2/repository/org/openjfx/javafx-graphics/17.0.2/javafx-graphics-17.0.2-mac.jar:/Users/mac/.m2/repository/org/openjfx/javafx-controls/17.0.2/javafx-controls-17.0.2-mac.jar -Djdk.module.main=com.example.javafxlogin 
java_command: com.example.javafxlogin/com.example.javafxlogin.HelloApplication
java_class_path (initial): /Users/mac/.m2/repository/org/openjfx/javafx-controls/17.0.2/javafx-controls-17.0.2.jar:/Users/mac/.m2/repository/org/openjfx/javafx-graphics/17.0.2/javafx-graphics-17.0.2.jar:/Users/mac/.m2/repository/org/openjfx/javafx-base/17.0.2/javafx-base-17.0.2.jar:/Users/mac/.m2/repository/org/openjfx/javafx-fxml/17.0.2/javafx-fxml-17.0.2.jar:/Users/mac/.m2/repository/org/postgresql/postgresql/42.6.0/postgresql-42.6.0.jar:/Users/mac/.m2/repository/org/checkerframework/checker-qual/3.31.0/checker-qual-3.31.0.jar
Launcher Type: SUN_STANDARD

[Global flags]
     intx CICompilerCount                          = 3                                         {product} {ergonomic}
     uint ConcGCThreads                            = 1                                         {product} {ergonomic}
     uint G1ConcRefinementThreads                  = 4                                         {product} {ergonomic}
   size_t G1HeapRegionSize                         = 1048576                                   {product} {ergonomic}
    uintx GCDrainStackTargetSize                   = 64                                        {product} {ergonomic}
   size_t InitialHeapSize                          = 134217728                                 {product} {ergonomic}
   size_t MarkStackSize                            = 4194304                                   {product} {ergonomic}
   size_t MaxHeapSize                              = 2147483648                                {product} {ergonomic}
   size_t MaxNewSize                               = 1287651328                                {product} {ergonomic}
   size_t MinHeapDeltaBytes                        = 1048576                                   {product} {ergonomic}
   size_t MinHeapSize                              = 8388608                                   {product} {ergonomic}
    uintx NonNMethodCodeHeapSize                   = 5832780                                {pd product} {ergonomic}
    uintx NonProfiledCodeHeapSize                  = 122912730                              {pd product} {ergonomic}
    uintx ProfiledCodeHeapSize                     = 122912730                              {pd product} {ergonomic}
    uintx ReservedCodeCacheSize                    = 251658240                              {pd product} {ergonomic}
     bool SegmentedCodeCache                       = true                                      {product} {ergonomic}
   size_t SoftMaxHeapSize                          = 2147483648                             {manageable} {ergonomic}
     bool UseCompressedClassPointers               = true                                 {lp64_product} {ergonomic}
     bool UseCompressedOops                        = true                                 {lp64_product} {ergonomic}
     bool UseG1GC                                  = true                                      {product} {ergonomic}
     bool UseNUMA                                  = false                                     {product} {ergonomic}
     bool UseNUMAInterleaving                      = false                                     {product} {ergonomic}

Logging:
Log output configuration:
 #0: stdout all=warning uptime,level,tags
 #1: stderr all=off uptime,level,tags

Environment Variables:
PATH=/usr/local/mysql/bin:/usr/local/opt/php@8.1/sbin:/usr/local/opt/php@8.1/bin:/usr/local/opt/php@8.0/bin:/Users/mac/.composer/vendor/bin:/usr/local/bin:/usr/bin:/bin:/usr/sbin:/sbin
SHELL=/bin/zsh
LC_CTYPE=en_US.UTF-8

Signal Handlers:
SIGSEGV: [libjvm.dylib+0x9ff2f0], sa_mask[0]=11111111011111110111111111111111, sa_flags=SA_ONSTACK|SA_RESTART|SA_SIGINFO
SIGBUS: [libjvm.dylib+0x9ff2f0], sa_mask[0]=11111111011111110111111111111111, sa_flags=SA_RESTART|SA_SIGINFO
SIGFPE: [libjvm.dylib+0x9ff2f0], sa_mask[0]=11111111011111110111111111111111, sa_flags=SA_RESTART|SA_SIGINFO
SIGPIPE: [libjvm.dylib+0x82ae30], sa_mask[0]=11111111011111110111111111111111, sa_flags=SA_RESTART|SA_SIGINFO
SIGXFSZ: [libjvm.dylib+0x82ae30], sa_mask[0]=11111111011111110111111111111111, sa_flags=SA_RESTART|SA_SIGINFO
SIGILL: [libjvm.dylib+0x9ff2f0], sa_mask[0]=11111111011111110111111111111111, sa_flags=SA_RESTART|SA_SIGINFO
SIGUSR2: [libjvm.dylib+0x82b940], sa_mask[0]=00100000000000000000000000000000, sa_flags=SA_RESTART|SA_SIGINFO
SIGHUP: [libjvm.dylib+0x82a040], sa_mask[0]=11111111011111110111111111111111, sa_flags=SA_RESTART|SA_SIGINFO
SIGINT: [libjvm.dylib+0x82a040], sa_mask[0]=11111111011111110111111111111111, sa_flags=SA_RESTART|SA_SIGINFO
SIGTERM: [libjvm.dylib+0x82a040], sa_mask[0]=11111111011111110111111111111111, sa_flags=SA_RESTART|SA_SIGINFO
SIGQUIT: [libjvm.dylib+0x82a040], sa_mask[0]=11111111011111110111111111111111, sa_flags=SA_RESTART|SA_SIGINFO


---------------  S Y S T E M  ---------------

OS:uname: Darwin 21.4.0 Darwin Kernel Version 21.4.0: Mon Feb 21 20:34:37 PST 2022; root:xnu-8020.101.4~2/RELEASE_X86_64 x86_64
OS uptime: 2 days 4:03 hours
rlimit (soft/hard): STACK 8192k/65532k , CORE 0k/infinity , NPROC 1392/2088 , NOFILE 10240/infinity , AS infinity/infinity , CPU infinity/infinity , DATA infinity/infinity , FSIZE infinity/infinity , MEMLOCK infinity/infinity , RSS infinity/infinity
load average: 2.27 4.03 4.21

CPU: total 4 (initial active 4) (2 cores per cpu, 2 threads per core) family 6 model 61 stepping 4 microcode 0x2f, cmov, cx8, fxsr, mmx, sse, sse2, sse3, ssse3, sse4.1, sse4.2, popcnt, vzeroupper, avx, avx2, aes, clmul, erms, rtm, 3dnowpref, lzcnt, ht, tsc, tscinvbit, bmi1, bmi2, adx, fma, clflush

Memory: 4k page, physical 8388608k(20044k free), swap 3145728k(1133568k free)

vm_info: Java HotSpot(TM) 64-Bit Server VM (15.0.2+7-27) for bsd-amd64 JRE (15.0.2+7-27), built on Dec  7 2020 20:08:32 by "mach5one" with clang 4.2.1 Compatible Apple LLVM 10.0.0 (clang-1000.11.45.5)

END.
